12-Aug-2020 16:44:07 INFO - Bootstrapping Spring Data JPA repositories in DEFERRED mode.
12-Aug-2020 16:44:07 INFO - Finished Spring Data repository scanning in 89ms. Found 1 JPA repository interfaces.
12-Aug-2020 16:44:08 INFO - Initializing ExecutorService 'applicationTaskExecutor'
12-Aug-2020 16:44:08 INFO - HikariPool-1 - Starting...
12-Aug-2020 16:44:08 INFO - HikariPool-1 - Start completed.
12-Aug-2020 16:44:09 INFO - HHH000204: Processing PersistenceUnitInfo [name: default]
12-Aug-2020 16:44:09 INFO - HHH000412: Hibernate ORM core version 5.4.17.Final
12-Aug-2020 16:44:09 INFO - HCANN000001: Hibernate Commons Annotations {5.1.0.Final}
12-Aug-2020 16:44:09 INFO - Triggering deferred initialization of Spring Data repositories…
12-Aug-2020 16:44:09 INFO - HHH000400: Using dialect: org.hibernate.dialect.MySQL55Dialect
12-Aug-2020 16:44:10 INFO - HHH000490: Using JtaPlatform implementation: [org.hibernate.engine.transaction.jta.platform.internal.NoJtaPlatform]
12-Aug-2020 16:44:10 INFO - Initialized JPA EntityManagerFactory for persistence unit 'default'
12-Aug-2020 16:44:10 INFO - Spring Data repositories initialized!
12-Aug-2020 16:44:52 INFO - Bootstrapping Spring Data JPA repositories in DEFERRED mode.
12-Aug-2020 16:44:52 INFO - Finished Spring Data repository scanning in 90ms. Found 1 JPA repository interfaces.
12-Aug-2020 16:44:53 INFO - Initializing ExecutorService 'applicationTaskExecutor'
12-Aug-2020 16:44:53 INFO - HikariPool-1 - Starting...
12-Aug-2020 16:44:53 INFO - HikariPool-1 - Start completed.
12-Aug-2020 16:44:53 INFO - HHH000204: Processing PersistenceUnitInfo [name: default]
12-Aug-2020 16:44:54 INFO - HHH000412: Hibernate ORM core version 5.4.17.Final
12-Aug-2020 16:44:54 INFO - HCANN000001: Hibernate Commons Annotations {5.1.0.Final}
12-Aug-2020 16:44:54 INFO - Triggering deferred initialization of Spring Data repositories…
12-Aug-2020 16:44:54 INFO - HHH000400: Using dialect: org.hibernate.dialect.MySQL55Dialect
12-Aug-2020 16:44:55 INFO - HHH000490: Using JtaPlatform implementation: [org.hibernate.engine.transaction.jta.platform.internal.NoJtaPlatform]
12-Aug-2020 16:44:55 INFO - Initialized JPA EntityManagerFactory for persistence unit 'default'
12-Aug-2020 16:44:55 INFO - Spring Data repositories initialized!
12-Aug-2020 16:45:10 INFO - Closing JPA EntityManagerFactory for persistence unit 'default'
12-Aug-2020 16:45:25 INFO - Bootstrapping Spring Data JPA repositories in DEFERRED mode.
12-Aug-2020 16:45:25 INFO - Finished Spring Data repository scanning in 86ms. Found 1 JPA repository interfaces.
12-Aug-2020 16:45:26 INFO - Initializing ExecutorService 'applicationTaskExecutor'
12-Aug-2020 16:45:26 INFO - HikariPool-1 - Starting...
12-Aug-2020 16:45:26 INFO - HikariPool-1 - Start completed.
12-Aug-2020 16:45:26 INFO - HHH000204: Processing PersistenceUnitInfo [name: default]
12-Aug-2020 16:45:26 INFO - HHH000412: Hibernate ORM core version 5.4.17.Final
12-Aug-2020 16:45:27 INFO - HCANN000001: Hibernate Commons Annotations {5.1.0.Final}
12-Aug-2020 16:45:27 INFO - Triggering deferred initialization of Spring Data repositories…
12-Aug-2020 16:45:27 INFO - HHH000400: Using dialect: org.hibernate.dialect.MySQL55Dialect
12-Aug-2020 16:45:28 INFO - HHH000490: Using JtaPlatform implementation: [org.hibernate.engine.transaction.jta.platform.internal.NoJtaPlatform]
12-Aug-2020 16:45:28 INFO - Initialized JPA EntityManagerFactory for persistence unit 'default'
12-Aug-2020 16:45:28 INFO - Spring Data repositories initialized!
12-Aug-2020 16:45:55 INFO - Closing JPA EntityManagerFactory for persistence unit 'default'
12-Aug-2020 16:46:28 INFO - Closing JPA EntityManagerFactory for persistence unit 'default'
12-Aug-2020 16:47:31 INFO - Bootstrapping Spring Data JPA repositories in DEFERRED mode.
12-Aug-2020 16:47:31 INFO - Finished Spring Data repository scanning in 82ms. Found 1 JPA repository interfaces.
12-Aug-2020 16:47:32 INFO - Initializing ExecutorService 'applicationTaskExecutor'
12-Aug-2020 16:47:32 INFO - HikariPool-1 - Starting...
12-Aug-2020 16:47:32 INFO - HikariPool-1 - Start completed.
12-Aug-2020 16:47:32 INFO - HHH000204: Processing PersistenceUnitInfo [name: default]
12-Aug-2020 16:47:33 INFO - HHH000412: Hibernate ORM core version 5.4.17.Final
12-Aug-2020 16:47:33 INFO - HCANN000001: Hibernate Commons Annotations {5.1.0.Final}
12-Aug-2020 16:47:33 INFO - Triggering deferred initialization of Spring Data repositories…
12-Aug-2020 16:47:33 INFO - HHH000400: Using dialect: org.hibernate.dialect.MySQL55Dialect
12-Aug-2020 16:47:34 INFO - HHH000490: Using JtaPlatform implementation: [org.hibernate.engine.transaction.jta.platform.internal.NoJtaPlatform]
12-Aug-2020 16:47:34 INFO - Initialized JPA EntityManagerFactory for persistence unit 'default'
12-Aug-2020 16:47:34 INFO - Spring Data repositories initialized!
12-Aug-2020 16:48:34 INFO - Closing JPA EntityManagerFactory for persistence unit 'default'
12-Aug-2020 16:49:48 INFO - Bootstrapping Spring Data JPA repositories in DEFERRED mode.
12-Aug-2020 16:49:48 INFO - Finished Spring Data repository scanning in 86ms. Found 1 JPA repository interfaces.
12-Aug-2020 16:49:49 INFO - Initializing ExecutorService 'applicationTaskExecutor'
12-Aug-2020 16:49:49 INFO - HikariPool-1 - Starting...
12-Aug-2020 16:49:49 INFO - HikariPool-1 - Start completed.
12-Aug-2020 16:49:49 INFO - HHH000204: Processing PersistenceUnitInfo [name: default]
12-Aug-2020 16:49:49 INFO - HHH000412: Hibernate ORM core version 5.4.17.Final
12-Aug-2020 16:49:50 INFO - HCANN000001: Hibernate Commons Annotations {5.1.0.Final}
12-Aug-2020 16:49:50 INFO - Triggering deferred initialization of Spring Data repositories…
12-Aug-2020 16:49:50 INFO - HHH000400: Using dialect: org.hibernate.dialect.MySQL55Dialect
12-Aug-2020 16:49:51 INFO - HHH000490: Using JtaPlatform implementation: [org.hibernate.engine.transaction.jta.platform.internal.NoJtaPlatform]
12-Aug-2020 16:49:51 INFO - Initialized JPA EntityManagerFactory for persistence unit 'default'
12-Aug-2020 16:49:51 INFO - Spring Data repositories initialized!
12-Aug-2020 16:50:51 INFO - Closing JPA EntityManagerFactory for persistence unit 'default'
12-Aug-2020 16:51:08 INFO - Bootstrapping Spring Data JPA repositories in DEFERRED mode.
12-Aug-2020 16:51:08 INFO - Finished Spring Data repository scanning in 84ms. Found 1 JPA repository interfaces.
12-Aug-2020 16:51:09 INFO - Initializing ExecutorService 'applicationTaskExecutor'
12-Aug-2020 16:51:09 INFO - HikariPool-1 - Starting...
12-Aug-2020 16:51:10 INFO - HikariPool-1 - Start completed.
12-Aug-2020 16:51:10 INFO - HHH000204: Processing PersistenceUnitInfo [name: default]
12-Aug-2020 16:51:10 INFO - HHH000412: Hibernate ORM core version 5.4.17.Final
12-Aug-2020 16:51:10 INFO - HCANN000001: Hibernate Commons Annotations {5.1.0.Final}
12-Aug-2020 16:51:10 INFO - Triggering deferred initialization of Spring Data repositories…
12-Aug-2020 16:51:10 INFO - HHH000400: Using dialect: org.hibernate.dialect.MySQL55Dialect
12-Aug-2020 16:51:11 INFO - HHH000490: Using JtaPlatform implementation: [org.hibernate.engine.transaction.jta.platform.internal.NoJtaPlatform]
12-Aug-2020 16:51:11 INFO - Initialized JPA EntityManagerFactory for persistence unit 'default'
12-Aug-2020 16:51:11 INFO - Spring Data repositories initialized!
12-Aug-2020 16:52:11 INFO - Closing JPA EntityManagerFactory for persistence unit 'default'
12-Aug-2020 16:52:41 INFO - Bootstrapping Spring Data JPA repositories in DEFERRED mode.
12-Aug-2020 16:52:41 INFO - Finished Spring Data repository scanning in 86ms. Found 1 JPA repository interfaces.
12-Aug-2020 16:52:42 INFO - Initializing ExecutorService 'applicationTaskExecutor'
12-Aug-2020 16:52:42 INFO - HikariPool-1 - Starting...
12-Aug-2020 16:52:42 INFO - HikariPool-1 - Start completed.
12-Aug-2020 16:52:42 INFO - HHH000204: Processing PersistenceUnitInfo [name: default]
12-Aug-2020 16:52:42 INFO - HHH000412: Hibernate ORM core version 5.4.17.Final
12-Aug-2020 16:52:42 INFO - HCANN000001: Hibernate Commons Annotations {5.1.0.Final}
12-Aug-2020 16:52:43 INFO - Triggering deferred initialization of Spring Data repositories…
12-Aug-2020 16:52:43 INFO - HHH000400: Using dialect: org.hibernate.dialect.MySQL55Dialect
12-Aug-2020 16:52:44 INFO - HHH000490: Using JtaPlatform implementation: [org.hibernate.engine.transaction.jta.platform.internal.NoJtaPlatform]
12-Aug-2020 16:52:44 INFO - Initialized JPA EntityManagerFactory for persistence unit 'default'
12-Aug-2020 16:52:44 INFO - Spring Data repositories initialized!
12-Aug-2020 16:53:44 INFO - Closing JPA EntityManagerFactory for persistence unit 'default'
12-Aug-2020 16:53:45 INFO - Bootstrapping Spring Data JPA repositories in DEFERRED mode.
12-Aug-2020 16:53:45 INFO - Finished Spring Data repository scanning in 90ms. Found 1 JPA repository interfaces.
12-Aug-2020 16:53:46 INFO - Initializing ExecutorService 'applicationTaskExecutor'
12-Aug-2020 16:53:46 INFO - HikariPool-1 - Starting...
12-Aug-2020 16:53:46 INFO - HikariPool-1 - Start completed.
12-Aug-2020 16:53:46 INFO - HHH000204: Processing PersistenceUnitInfo [name: default]
12-Aug-2020 16:53:47 INFO - HHH000412: Hibernate ORM core version 5.4.17.Final
12-Aug-2020 16:53:47 INFO - HCANN000001: Hibernate Commons Annotations {5.1.0.Final}
12-Aug-2020 16:53:47 INFO - Triggering deferred initialization of Spring Data repositories…
12-Aug-2020 16:53:47 INFO - HHH000400: Using dialect: org.hibernate.dialect.MySQL55Dialect
12-Aug-2020 16:53:48 INFO - HHH000490: Using JtaPlatform implementation: [org.hibernate.engine.transaction.jta.platform.internal.NoJtaPlatform]
12-Aug-2020 16:53:48 INFO - Initialized JPA EntityManagerFactory for persistence unit 'default'
12-Aug-2020 16:53:48 INFO - Spring Data repositories initialized!
12-Aug-2020 16:54:48 INFO - Closing JPA EntityManagerFactory for persistence unit 'default'
12-Aug-2020 16:55:01 INFO - Bootstrapping Spring Data JPA repositories in DEFERRED mode.
12-Aug-2020 16:55:01 INFO - Finished Spring Data repository scanning in 83ms. Found 1 JPA repository interfaces.
12-Aug-2020 16:55:02 INFO - Initializing ExecutorService 'applicationTaskExecutor'
12-Aug-2020 16:55:02 INFO - HikariPool-1 - Starting...
12-Aug-2020 16:55:02 INFO - HikariPool-1 - Start completed.
12-Aug-2020 16:55:02 INFO - HHH000204: Processing PersistenceUnitInfo [name: default]
12-Aug-2020 16:55:02 INFO - HHH000412: Hibernate ORM core version 5.4.17.Final
12-Aug-2020 16:55:02 INFO - HCANN000001: Hibernate Commons Annotations {5.1.0.Final}
12-Aug-2020 16:55:02 INFO - Triggering deferred initialization of Spring Data repositories…
12-Aug-2020 16:55:03 INFO - HHH000400: Using dialect: org.hibernate.dialect.MySQL55Dialect
12-Aug-2020 16:55:03 INFO - HHH000490: Using JtaPlatform implementation: [org.hibernate.engine.transaction.jta.platform.internal.NoJtaPlatform]
12-Aug-2020 16:55:03 INFO - Initialized JPA EntityManagerFactory for persistence unit 'default'
12-Aug-2020 16:55:04 INFO - Spring Data repositories initialized!
12-Aug-2020 16:56:03 INFO - Closing JPA EntityManagerFactory for persistence unit 'default'
12-Aug-2020 18:30:28 INFO - Bootstrapping Spring Data JPA repositories in DEFERRED mode.
12-Aug-2020 18:30:28 INFO - Finished Spring Data repository scanning in 122ms. Found 1 JPA repository interfaces.
12-Aug-2020 18:30:29 INFO - Initializing ExecutorService 'applicationTaskExecutor'
12-Aug-2020 18:30:29 INFO - HikariPool-1 - Starting...
12-Aug-2020 18:30:30 INFO - HikariPool-1 - Start completed.
12-Aug-2020 18:30:30 INFO - HHH000204: Processing PersistenceUnitInfo [name: default]
12-Aug-2020 18:30:30 INFO - HHH000412: Hibernate ORM core version 5.4.17.Final
12-Aug-2020 18:30:30 INFO - HCANN000001: Hibernate Commons Annotations {5.1.0.Final}
12-Aug-2020 18:30:30 INFO - Triggering deferred initialization of Spring Data repositories…
12-Aug-2020 18:30:31 INFO - HHH000400: Using dialect: org.hibernate.dialect.MySQL55Dialect
12-Aug-2020 18:30:32 INFO - HHH000490: Using JtaPlatform implementation: [org.hibernate.engine.transaction.jta.platform.internal.NoJtaPlatform]
12-Aug-2020 18:30:32 INFO - Initialized JPA EntityManagerFactory for persistence unit 'default'
12-Aug-2020 18:30:32 INFO - Spring Data repositories initialized!
12-Aug-2020 18:31:32 INFO - Closing JPA EntityManagerFactory for persistence unit 'default'
12-Aug-2020 18:35:50 INFO - Bootstrapping Spring Data JPA repositories in DEFERRED mode.
12-Aug-2020 18:35:51 INFO - Finished Spring Data repository scanning in 130ms. Found 1 JPA repository interfaces.
12-Aug-2020 18:35:52 INFO - Initializing ExecutorService 'applicationTaskExecutor'
12-Aug-2020 18:35:52 INFO - HikariPool-1 - Starting...
12-Aug-2020 18:35:52 INFO - HikariPool-1 - Start completed.
12-Aug-2020 18:35:52 INFO - HHH000204: Processing PersistenceUnitInfo [name: default]
12-Aug-2020 18:35:52 INFO - HHH000412: Hibernate ORM core version 5.4.17.Final
12-Aug-2020 18:35:52 INFO - HCANN000001: Hibernate Commons Annotations {5.1.0.Final}
12-Aug-2020 18:35:53 INFO - Triggering deferred initialization of Spring Data repositories…
12-Aug-2020 18:35:53 INFO - HHH000400: Using dialect: org.hibernate.dialect.MySQL55Dialect
12-Aug-2020 18:35:54 INFO - HHH000490: Using JtaPlatform implementation: [org.hibernate.engine.transaction.jta.platform.internal.NoJtaPlatform]
12-Aug-2020 18:35:54 INFO - Initialized JPA EntityManagerFactory for persistence unit 'default'
12-Aug-2020 18:35:55 INFO - Spring Data repositories initialized!
12-Aug-2020 18:36:56 INFO - Bootstrapping Spring Data JPA repositories in DEFERRED mode.
12-Aug-2020 18:36:56 INFO - Finished Spring Data repository scanning in 143ms. Found 1 JPA repository interfaces.
12-Aug-2020 18:36:57 INFO - Initializing ExecutorService 'applicationTaskExecutor'
12-Aug-2020 18:36:57 INFO - HikariPool-1 - Starting...
12-Aug-2020 18:36:58 INFO - HikariPool-1 - Start completed.
12-Aug-2020 18:36:58 INFO - HHH000204: Processing PersistenceUnitInfo [name: default]
12-Aug-2020 18:36:58 INFO - HHH000412: Hibernate ORM core version 5.4.17.Final
12-Aug-2020 18:36:58 INFO - HCANN000001: Hibernate Commons Annotations {5.1.0.Final}
12-Aug-2020 18:36:58 INFO - Triggering deferred initialization of Spring Data repositories…
12-Aug-2020 18:36:59 INFO - HHH000400: Using dialect: org.hibernate.dialect.MySQL55Dialect
12-Aug-2020 18:37:00 INFO - HHH000490: Using JtaPlatform implementation: [org.hibernate.engine.transaction.jta.platform.internal.NoJtaPlatform]
12-Aug-2020 18:37:00 INFO - Initialized JPA EntityManagerFactory for persistence unit 'default'
12-Aug-2020 18:37:00 INFO - Spring Data repositories initialized!
29-Dec-2021 15:04:13 INFO - Bootstrapping Spring Data JPA repositories in DEFAULT mode.
29-Dec-2021 15:04:13 INFO - Finished Spring Data repository scanning in 35 ms. Found 1 JPA repository interfaces.
29-Dec-2021 15:04:14 INFO - HikariPool-1 - Starting...
29-Dec-2021 15:04:15 ERROR - HikariPool-1 - Exception during pool initialization.
java.sql.SQLException: Access denied for user 'root'@'localhost' (using password: NO)
	at com.mysql.cj.jdbc.exceptions.SQLError.createSQLException(SQLError.java:129) ~[mysql-connector-java-8.0.27.jar:8.0.27]
	at com.mysql.cj.jdbc.exceptions.SQLExceptionsMapping.translateException(SQLExceptionsMapping.java:122) ~[mysql-connector-java-8.0.27.jar:8.0.27]
	at com.mysql.cj.jdbc.ConnectionImpl.createNewIO(ConnectionImpl.java:828) ~[mysql-connector-java-8.0.27.jar:8.0.27]
	at com.mysql.cj.jdbc.ConnectionImpl.<init>(ConnectionImpl.java:448) ~[mysql-connector-java-8.0.27.jar:8.0.27]
	at com.mysql.cj.jdbc.ConnectionImpl.getInstance(ConnectionImpl.java:241) ~[mysql-connector-java-8.0.27.jar:8.0.27]
	at com.mysql.cj.jdbc.NonRegisteringDriver.connect(NonRegisteringDriver.java:198) ~[mysql-connector-java-8.0.27.jar:8.0.27]
	at com.zaxxer.hikari.util.DriverDataSource.getConnection(DriverDataSource.java:138) ~[HikariCP-4.0.3.jar:?]
	at com.zaxxer.hikari.pool.PoolBase.newConnection(PoolBase.java:364) ~[HikariCP-4.0.3.jar:?]
	at com.zaxxer.hikari.pool.PoolBase.newPoolEntry(PoolBase.java:206) ~[HikariCP-4.0.3.jar:?]
	at com.zaxxer.hikari.pool.HikariPool.createPoolEntry(HikariPool.java:476) ~[HikariCP-4.0.3.jar:?]
	at com.zaxxer.hikari.pool.HikariPool.checkFailFast(HikariPool.java:561) ~[HikariCP-4.0.3.jar:?]
	at com.zaxxer.hikari.pool.HikariPool.<init>(HikariPool.java:115) ~[HikariCP-4.0.3.jar:?]
	at com.zaxxer.hikari.HikariDataSource.getConnection(HikariDataSource.java:112) ~[HikariCP-4.0.3.jar:?]
	at org.springframework.jdbc.datasource.DataSourceUtils.fetchConnection(DataSourceUtils.java:159) ~[spring-jdbc-5.3.14.jar:5.3.14]
	at org.springframework.jdbc.datasource.DataSourceUtils.doGetConnection(DataSourceUtils.java:117) ~[spring-jdbc-5.3.14.jar:5.3.14]
	at org.springframework.jdbc.datasource.DataSourceUtils.getConnection(DataSourceUtils.java:80) ~[spring-jdbc-5.3.14.jar:5.3.14]
	at org.springframework.jdbc.core.JdbcTemplate.execute(JdbcTemplate.java:330) ~[spring-jdbc-5.3.14.jar:5.3.14]
	at org.springframework.boot.jdbc.EmbeddedDatabaseConnection.isEmbedded(EmbeddedDatabaseConnection.java:162) ~[spring-boot-2.6.2.jar:2.6.2]
	at org.springframework.boot.autoconfigure.orm.jpa.HibernateDefaultDdlAutoProvider.getDefaultDdlAuto(HibernateDefaultDdlAutoProvider.java:42) ~[spring-boot-autoconfigure-2.6.2.jar:2.6.2]
	at org.springframework.boot.autoconfigure.orm.jpa.HibernateJpaConfiguration.lambda$getVendorProperties$1(HibernateJpaConfiguration.java:130) ~[spring-boot-autoconfigure-2.6.2.jar:2.6.2]
	at org.springframework.boot.autoconfigure.orm.jpa.HibernateSettings.getDdlAuto(HibernateSettings.java:41) ~[spring-boot-autoconfigure-2.6.2.jar:2.6.2]
	at org.springframework.boot.autoconfigure.orm.jpa.HibernateProperties.determineDdlAuto(HibernateProperties.java:143) ~[spring-boot-autoconfigure-2.6.2.jar:2.6.2]
	at org.springframework.boot.autoconfigure.orm.jpa.HibernateProperties.getAdditionalProperties(HibernateProperties.java:103) ~[spring-boot-autoconfigure-2.6.2.jar:2.6.2]
	at org.springframework.boot.autoconfigure.orm.jpa.HibernateProperties.determineHibernateProperties(HibernateProperties.java:95) ~[spring-boot-autoconfigure-2.6.2.jar:2.6.2]
	at org.springframework.boot.autoconfigure.orm.jpa.HibernateJpaConfiguration.getVendorProperties(HibernateJpaConfiguration.java:132) ~[spring-boot-autoconfigure-2.6.2.jar:2.6.2]
	at org.springframework.boot.autoconfigure.orm.jpa.JpaBaseConfiguration.entityManagerFactory(JpaBaseConfiguration.java:132) ~[spring-boot-autoconfigure-2.6.2.jar:2.6.2]
	at jdk.internal.reflect.NativeMethodAccessorImpl.invoke0(Native Method) ~[?:?]
	at jdk.internal.reflect.NativeMethodAccessorImpl.invoke(NativeMethodAccessorImpl.java:62) ~[?:?]
	at jdk.internal.reflect.DelegatingMethodAccessorImpl.invoke(DelegatingMethodAccessorImpl.java:43) ~[?:?]
	at java.lang.reflect.Method.invoke(Method.java:566) ~[?:?]
	at org.springframework.beans.factory.support.SimpleInstantiationStrategy.instantiate(SimpleInstantiationStrategy.java:154) ~[spring-beans-5.3.14.jar:5.3.14]
	at org.springframework.beans.factory.support.ConstructorResolver.instantiate(ConstructorResolver.java:653) ~[spring-beans-5.3.14.jar:5.3.14]
	at org.springframework.beans.factory.support.ConstructorResolver.instantiateUsingFactoryMethod(ConstructorResolver.java:638) ~[spring-beans-5.3.14.jar:5.3.14]
	at org.springframework.beans.factory.support.AbstractAutowireCapableBeanFactory.instantiateUsingFactoryMethod(AbstractAutowireCapableBeanFactory.java:1352) ~[spring-beans-5.3.14.jar:5.3.14]
	at org.springframework.beans.factory.support.AbstractAutowireCapableBeanFactory.createBeanInstance(AbstractAutowireCapableBeanFactory.java:1195) ~[spring-beans-5.3.14.jar:5.3.14]
	at org.springframework.beans.factory.support.AbstractAutowireCapableBeanFactory.doCreateBean(AbstractAutowireCapableBeanFactory.java:582) ~[spring-beans-5.3.14.jar:5.3.14]
	at org.springframework.beans.factory.support.AbstractAutowireCapableBeanFactory.createBean(AbstractAutowireCapableBeanFactory.java:542) ~[spring-beans-5.3.14.jar:5.3.14]
	at org.springframework.beans.factory.support.AbstractBeanFactory.lambda$doGetBean$0(AbstractBeanFactory.java:335) ~[spring-beans-5.3.14.jar:5.3.14]
	at org.springframework.beans.factory.support.DefaultSingletonBeanRegistry.getSingleton(DefaultSingletonBeanRegistry.java:234) [spring-beans-5.3.14.jar:5.3.14]
	at org.springframework.beans.factory.support.AbstractBeanFactory.doGetBean(AbstractBeanFactory.java:333) [spring-beans-5.3.14.jar:5.3.14]
	at org.springframework.beans.factory.support.AbstractBeanFactory.getBean(AbstractBeanFactory.java:208) [spring-beans-5.3.14.jar:5.3.14]
	at org.springframework.context.support.AbstractApplicationContext.getBean(AbstractApplicationContext.java:1154) [spring-context-5.3.14.jar:5.3.14]
	at org.springframework.context.support.AbstractApplicationContext.finishBeanFactoryInitialization(AbstractApplicationContext.java:908) [spring-context-5.3.14.jar:5.3.14]
	at org.springframework.context.support.AbstractApplicationContext.refresh(AbstractApplicationContext.java:583) [spring-context-5.3.14.jar:5.3.14]
	at org.springframework.boot.SpringApplication.refresh(SpringApplication.java:730) [spring-boot-2.6.2.jar:2.6.2]
	at org.springframework.boot.SpringApplication.refreshContext(SpringApplication.java:412) [spring-boot-2.6.2.jar:2.6.2]
	at org.springframework.boot.SpringApplication.run(SpringApplication.java:302) [spring-boot-2.6.2.jar:2.6.2]
	at org.springframework.boot.SpringApplication.run(SpringApplication.java:1301) [spring-boot-2.6.2.jar:2.6.2]
	at org.springframework.boot.SpringApplication.run(SpringApplication.java:1290) [spring-boot-2.6.2.jar:2.6.2]
	at com.infy.DemoTableStrategyCustomApplication.main(DemoTableStrategyCustomApplication.java:28) [classes/:?]
29-Dec-2021 15:04:15 INFO - HHH000204: Processing PersistenceUnitInfo [name: default]
29-Dec-2021 15:04:15 INFO - HHH000412: Hibernate ORM core version 5.6.3.Final
29-Dec-2021 15:04:15 INFO - HCANN000001: Hibernate Commons Annotations {5.1.2.Final}
29-Dec-2021 15:04:15 INFO - HikariPool-1 - Starting...
29-Dec-2021 15:04:16 ERROR - HikariPool-1 - Exception during pool initialization.
java.sql.SQLException: Access denied for user 'root'@'localhost' (using password: NO)
	at com.mysql.cj.jdbc.exceptions.SQLError.createSQLException(SQLError.java:129) ~[mysql-connector-java-8.0.27.jar:8.0.27]
	at com.mysql.cj.jdbc.exceptions.SQLExceptionsMapping.translateException(SQLExceptionsMapping.java:122) ~[mysql-connector-java-8.0.27.jar:8.0.27]
	at com.mysql.cj.jdbc.ConnectionImpl.createNewIO(ConnectionImpl.java:828) ~[mysql-connector-java-8.0.27.jar:8.0.27]
	at com.mysql.cj.jdbc.ConnectionImpl.<init>(ConnectionImpl.java:448) ~[mysql-connector-java-8.0.27.jar:8.0.27]
	at com.mysql.cj.jdbc.ConnectionImpl.getInstance(ConnectionImpl.java:241) ~[mysql-connector-java-8.0.27.jar:8.0.27]
	at com.mysql.cj.jdbc.NonRegisteringDriver.connect(NonRegisteringDriver.java:198) ~[mysql-connector-java-8.0.27.jar:8.0.27]
	at com.zaxxer.hikari.util.DriverDataSource.getConnection(DriverDataSource.java:138) ~[HikariCP-4.0.3.jar:?]
	at com.zaxxer.hikari.pool.PoolBase.newConnection(PoolBase.java:364) ~[HikariCP-4.0.3.jar:?]
	at com.zaxxer.hikari.pool.PoolBase.newPoolEntry(PoolBase.java:206) ~[HikariCP-4.0.3.jar:?]
	at com.zaxxer.hikari.pool.HikariPool.createPoolEntry(HikariPool.java:476) ~[HikariCP-4.0.3.jar:?]
	at com.zaxxer.hikari.pool.HikariPool.checkFailFast(HikariPool.java:561) ~[HikariCP-4.0.3.jar:?]
	at com.zaxxer.hikari.pool.HikariPool.<init>(HikariPool.java:115) ~[HikariCP-4.0.3.jar:?]
	at com.zaxxer.hikari.HikariDataSource.getConnection(HikariDataSource.java:112) ~[HikariCP-4.0.3.jar:?]
	at org.hibernate.engine.jdbc.connections.internal.DatasourceConnectionProviderImpl.getConnection(DatasourceConnectionProviderImpl.java:122) ~[hibernate-core-5.6.3.Final.jar:5.6.3.Final]
	at org.hibernate.engine.jdbc.env.internal.JdbcEnvironmentInitiator$ConnectionProviderJdbcConnectionAccess.obtainConnection(JdbcEnvironmentInitiator.java:181) ~[hibernate-core-5.6.3.Final.jar:5.6.3.Final]
	at org.hibernate.engine.jdbc.env.internal.JdbcEnvironmentInitiator.initiateService(JdbcEnvironmentInitiator.java:68) ~[hibernate-core-5.6.3.Final.jar:5.6.3.Final]
	at org.hibernate.engine.jdbc.env.internal.JdbcEnvironmentInitiator.initiateService(JdbcEnvironmentInitiator.java:35) ~[hibernate-core-5.6.3.Final.jar:5.6.3.Final]
	at org.hibernate.boot.registry.internal.StandardServiceRegistryImpl.initiateService(StandardServiceRegistryImpl.java:101) ~[hibernate-core-5.6.3.Final.jar:5.6.3.Final]
	at org.hibernate.service.internal.AbstractServiceRegistryImpl.createService(AbstractServiceRegistryImpl.java:263) ~[hibernate-core-5.6.3.Final.jar:5.6.3.Final]
	at org.hibernate.service.internal.AbstractServiceRegistryImpl.initializeService(AbstractServiceRegistryImpl.java:237) ~[hibernate-core-5.6.3.Final.jar:5.6.3.Final]
	at org.hibernate.service.internal.AbstractServiceRegistryImpl.getService(AbstractServiceRegistryImpl.java:214) ~[hibernate-core-5.6.3.Final.jar:5.6.3.Final]
	at org.hibernate.id.factory.internal.DefaultIdentifierGeneratorFactory.injectServices(DefaultIdentifierGeneratorFactory.java:175) ~[hibernate-core-5.6.3.Final.jar:5.6.3.Final]
	at org.hibernate.service.internal.AbstractServiceRegistryImpl.injectDependencies(AbstractServiceRegistryImpl.java:286) ~[hibernate-core-5.6.3.Final.jar:5.6.3.Final]
	at org.hibernate.service.internal.AbstractServiceRegistryImpl.initializeService(AbstractServiceRegistryImpl.java:243) ~[hibernate-core-5.6.3.Final.jar:5.6.3.Final]
	at org.hibernate.service.internal.AbstractServiceRegistryImpl.getService(AbstractServiceRegistryImpl.java:214) ~[hibernate-core-5.6.3.Final.jar:5.6.3.Final]
	at org.hibernate.boot.internal.InFlightMetadataCollectorImpl.<init>(InFlightMetadataCollectorImpl.java:173) ~[hibernate-core-5.6.3.Final.jar:5.6.3.Final]
	at org.hibernate.boot.model.process.spi.MetadataBuildingProcess.complete(MetadataBuildingProcess.java:127) ~[hibernate-core-5.6.3.Final.jar:5.6.3.Final]
	at org.hibernate.jpa.boot.internal.EntityManagerFactoryBuilderImpl.metadata(EntityManagerFactoryBuilderImpl.java:1460) ~[hibernate-core-5.6.3.Final.jar:5.6.3.Final]
	at org.hibernate.jpa.boot.internal.EntityManagerFactoryBuilderImpl.build(EntityManagerFactoryBuilderImpl.java:1494) ~[hibernate-core-5.6.3.Final.jar:5.6.3.Final]
	at org.springframework.orm.jpa.vendor.SpringHibernateJpaPersistenceProvider.createContainerEntityManagerFactory(SpringHibernateJpaPersistenceProvider.java:58) ~[spring-orm-5.3.14.jar:5.3.14]
	at org.springframework.orm.jpa.LocalContainerEntityManagerFactoryBean.createNativeEntityManagerFactory(LocalContainerEntityManagerFactoryBean.java:365) ~[spring-orm-5.3.14.jar:5.3.14]
	at org.springframework.orm.jpa.AbstractEntityManagerFactoryBean.buildNativeEntityManagerFactory(AbstractEntityManagerFactoryBean.java:409) ~[spring-orm-5.3.14.jar:5.3.14]
	at org.springframework.orm.jpa.AbstractEntityManagerFactoryBean.afterPropertiesSet(AbstractEntityManagerFactoryBean.java:396) ~[spring-orm-5.3.14.jar:5.3.14]
	at org.springframework.orm.jpa.LocalContainerEntityManagerFactoryBean.afterPropertiesSet(LocalContainerEntityManagerFactoryBean.java:341) ~[spring-orm-5.3.14.jar:5.3.14]
	at org.springframework.beans.factory.support.AbstractAutowireCapableBeanFactory.invokeInitMethods(AbstractAutowireCapableBeanFactory.java:1863) ~[spring-beans-5.3.14.jar:5.3.14]
	at org.springframework.beans.factory.support.AbstractAutowireCapableBeanFactory.initializeBean(AbstractAutowireCapableBeanFactory.java:1800) ~[spring-beans-5.3.14.jar:5.3.14]
	at org.springframework.beans.factory.support.AbstractAutowireCapableBeanFactory.doCreateBean(AbstractAutowireCapableBeanFactory.java:620) ~[spring-beans-5.3.14.jar:5.3.14]
	at org.springframework.beans.factory.support.AbstractAutowireCapableBeanFactory.createBean(AbstractAutowireCapableBeanFactory.java:542) ~[spring-beans-5.3.14.jar:5.3.14]
	at org.springframework.beans.factory.support.AbstractBeanFactory.lambda$doGetBean$0(AbstractBeanFactory.java:335) ~[spring-beans-5.3.14.jar:5.3.14]
	at org.springframework.beans.factory.support.DefaultSingletonBeanRegistry.getSingleton(DefaultSingletonBeanRegistry.java:234) [spring-beans-5.3.14.jar:5.3.14]
	at org.springframework.beans.factory.support.AbstractBeanFactory.doGetBean(AbstractBeanFactory.java:333) [spring-beans-5.3.14.jar:5.3.14]
	at org.springframework.beans.factory.support.AbstractBeanFactory.getBean(AbstractBeanFactory.java:208) [spring-beans-5.3.14.jar:5.3.14]
	at org.springframework.context.support.AbstractApplicationContext.getBean(AbstractApplicationContext.java:1154) [spring-context-5.3.14.jar:5.3.14]
	at org.springframework.context.support.AbstractApplicationContext.finishBeanFactoryInitialization(AbstractApplicationContext.java:908) [spring-context-5.3.14.jar:5.3.14]
	at org.springframework.context.support.AbstractApplicationContext.refresh(AbstractApplicationContext.java:583) [spring-context-5.3.14.jar:5.3.14]
	at org.springframework.boot.SpringApplication.refresh(SpringApplication.java:730) [spring-boot-2.6.2.jar:2.6.2]
	at org.springframework.boot.SpringApplication.refreshContext(SpringApplication.java:412) [spring-boot-2.6.2.jar:2.6.2]
	at org.springframework.boot.SpringApplication.run(SpringApplication.java:302) [spring-boot-2.6.2.jar:2.6.2]
	at org.springframework.boot.SpringApplication.run(SpringApplication.java:1301) [spring-boot-2.6.2.jar:2.6.2]
	at org.springframework.boot.SpringApplication.run(SpringApplication.java:1290) [spring-boot-2.6.2.jar:2.6.2]
	at com.infy.DemoTableStrategyCustomApplication.main(DemoTableStrategyCustomApplication.java:28) [classes/:?]
29-Dec-2021 15:04:16 WARN - HHH000342: Could not obtain connection to query metadata
java.sql.SQLException: Access denied for user 'root'@'localhost' (using password: NO)
	at com.mysql.cj.jdbc.exceptions.SQLError.createSQLException(SQLError.java:129) ~[mysql-connector-java-8.0.27.jar:8.0.27]
	at com.mysql.cj.jdbc.exceptions.SQLExceptionsMapping.translateException(SQLExceptionsMapping.java:122) ~[mysql-connector-java-8.0.27.jar:8.0.27]
	at com.mysql.cj.jdbc.ConnectionImpl.createNewIO(ConnectionImpl.java:828) ~[mysql-connector-java-8.0.27.jar:8.0.27]
	at com.mysql.cj.jdbc.ConnectionImpl.<init>(ConnectionImpl.java:448) ~[mysql-connector-java-8.0.27.jar:8.0.27]
	at com.mysql.cj.jdbc.ConnectionImpl.getInstance(ConnectionImpl.java:241) ~[mysql-connector-java-8.0.27.jar:8.0.27]
	at com.mysql.cj.jdbc.NonRegisteringDriver.connect(NonRegisteringDriver.java:198) ~[mysql-connector-java-8.0.27.jar:8.0.27]
	at com.zaxxer.hikari.util.DriverDataSource.getConnection(DriverDataSource.java:138) ~[HikariCP-4.0.3.jar:?]
	at com.zaxxer.hikari.pool.PoolBase.newConnection(PoolBase.java:364) ~[HikariCP-4.0.3.jar:?]
	at com.zaxxer.hikari.pool.PoolBase.newPoolEntry(PoolBase.java:206) ~[HikariCP-4.0.3.jar:?]
	at com.zaxxer.hikari.pool.HikariPool.createPoolEntry(HikariPool.java:476) ~[HikariCP-4.0.3.jar:?]
	at com.zaxxer.hikari.pool.HikariPool.checkFailFast(HikariPool.java:561) ~[HikariCP-4.0.3.jar:?]
	at com.zaxxer.hikari.pool.HikariPool.<init>(HikariPool.java:115) ~[HikariCP-4.0.3.jar:?]
	at com.zaxxer.hikari.HikariDataSource.getConnection(HikariDataSource.java:112) ~[HikariCP-4.0.3.jar:?]
	at org.hibernate.engine.jdbc.connections.internal.DatasourceConnectionProviderImpl.getConnection(DatasourceConnectionProviderImpl.java:122) ~[hibernate-core-5.6.3.Final.jar:5.6.3.Final]
	at org.hibernate.engine.jdbc.env.internal.JdbcEnvironmentInitiator$ConnectionProviderJdbcConnectionAccess.obtainConnection(JdbcEnvironmentInitiator.java:181) ~[hibernate-core-5.6.3.Final.jar:5.6.3.Final]
	at org.hibernate.engine.jdbc.env.internal.JdbcEnvironmentInitiator.initiateService(JdbcEnvironmentInitiator.java:68) ~[hibernate-core-5.6.3.Final.jar:5.6.3.Final]
	at org.hibernate.engine.jdbc.env.internal.JdbcEnvironmentInitiator.initiateService(JdbcEnvironmentInitiator.java:35) ~[hibernate-core-5.6.3.Final.jar:5.6.3.Final]
	at org.hibernate.boot.registry.internal.StandardServiceRegistryImpl.initiateService(StandardServiceRegistryImpl.java:101) ~[hibernate-core-5.6.3.Final.jar:5.6.3.Final]
	at org.hibernate.service.internal.AbstractServiceRegistryImpl.createService(AbstractServiceRegistryImpl.java:263) ~[hibernate-core-5.6.3.Final.jar:5.6.3.Final]
	at org.hibernate.service.internal.AbstractServiceRegistryImpl.initializeService(AbstractServiceRegistryImpl.java:237) ~[hibernate-core-5.6.3.Final.jar:5.6.3.Final]
	at org.hibernate.service.internal.AbstractServiceRegistryImpl.getService(AbstractServiceRegistryImpl.java:214) ~[hibernate-core-5.6.3.Final.jar:5.6.3.Final]
	at org.hibernate.id.factory.internal.DefaultIdentifierGeneratorFactory.injectServices(DefaultIdentifierGeneratorFactory.java:175) ~[hibernate-core-5.6.3.Final.jar:5.6.3.Final]
	at org.hibernate.service.internal.AbstractServiceRegistryImpl.injectDependencies(AbstractServiceRegistryImpl.java:286) ~[hibernate-core-5.6.3.Final.jar:5.6.3.Final]
	at org.hibernate.service.internal.AbstractServiceRegistryImpl.initializeService(AbstractServiceRegistryImpl.java:243) ~[hibernate-core-5.6.3.Final.jar:5.6.3.Final]
	at org.hibernate.service.internal.AbstractServiceRegistryImpl.getService(AbstractServiceRegistryImpl.java:214) ~[hibernate-core-5.6.3.Final.jar:5.6.3.Final]
	at org.hibernate.boot.internal.InFlightMetadataCollectorImpl.<init>(InFlightMetadataCollectorImpl.java:173) ~[hibernate-core-5.6.3.Final.jar:5.6.3.Final]
	at org.hibernate.boot.model.process.spi.MetadataBuildingProcess.complete(MetadataBuildingProcess.java:127) ~[hibernate-core-5.6.3.Final.jar:5.6.3.Final]
	at org.hibernate.jpa.boot.internal.EntityManagerFactoryBuilderImpl.metadata(EntityManagerFactoryBuilderImpl.java:1460) ~[hibernate-core-5.6.3.Final.jar:5.6.3.Final]
	at org.hibernate.jpa.boot.internal.EntityManagerFactoryBuilderImpl.build(EntityManagerFactoryBuilderImpl.java:1494) ~[hibernate-core-5.6.3.Final.jar:5.6.3.Final]
	at org.springframework.orm.jpa.vendor.SpringHibernateJpaPersistenceProvider.createContainerEntityManagerFactory(SpringHibernateJpaPersistenceProvider.java:58) ~[spring-orm-5.3.14.jar:5.3.14]
	at org.springframework.orm.jpa.LocalContainerEntityManagerFactoryBean.createNativeEntityManagerFactory(LocalContainerEntityManagerFactoryBean.java:365) ~[spring-orm-5.3.14.jar:5.3.14]
	at org.springframework.orm.jpa.AbstractEntityManagerFactoryBean.buildNativeEntityManagerFactory(AbstractEntityManagerFactoryBean.java:409) ~[spring-orm-5.3.14.jar:5.3.14]
	at org.springframework.orm.jpa.AbstractEntityManagerFactoryBean.afterPropertiesSet(AbstractEntityManagerFactoryBean.java:396) ~[spring-orm-5.3.14.jar:5.3.14]
	at org.springframework.orm.jpa.LocalContainerEntityManagerFactoryBean.afterPropertiesSet(LocalContainerEntityManagerFactoryBean.java:341) ~[spring-orm-5.3.14.jar:5.3.14]
	at org.springframework.beans.factory.support.AbstractAutowireCapableBeanFactory.invokeInitMethods(AbstractAutowireCapableBeanFactory.java:1863) ~[spring-beans-5.3.14.jar:5.3.14]
	at org.springframework.beans.factory.support.AbstractAutowireCapableBeanFactory.initializeBean(AbstractAutowireCapableBeanFactory.java:1800) ~[spring-beans-5.3.14.jar:5.3.14]
	at org.springframework.beans.factory.support.AbstractAutowireCapableBeanFactory.doCreateBean(AbstractAutowireCapableBeanFactory.java:620) ~[spring-beans-5.3.14.jar:5.3.14]
	at org.springframework.beans.factory.support.AbstractAutowireCapableBeanFactory.createBean(AbstractAutowireCapableBeanFactory.java:542) ~[spring-beans-5.3.14.jar:5.3.14]
	at org.springframework.beans.factory.support.AbstractBeanFactory.lambda$doGetBean$0(AbstractBeanFactory.java:335) ~[spring-beans-5.3.14.jar:5.3.14]
	at org.springframework.beans.factory.support.DefaultSingletonBeanRegistry.getSingleton(DefaultSingletonBeanRegistry.java:234) [spring-beans-5.3.14.jar:5.3.14]
	at org.springframework.beans.factory.support.AbstractBeanFactory.doGetBean(AbstractBeanFactory.java:333) [spring-beans-5.3.14.jar:5.3.14]
	at org.springframework.beans.factory.support.AbstractBeanFactory.getBean(AbstractBeanFactory.java:208) [spring-beans-5.3.14.jar:5.3.14]
	at org.springframework.context.support.AbstractApplicationContext.getBean(AbstractApplicationContext.java:1154) [spring-context-5.3.14.jar:5.3.14]
	at org.springframework.context.support.AbstractApplicationContext.finishBeanFactoryInitialization(AbstractApplicationContext.java:908) [spring-context-5.3.14.jar:5.3.14]
	at org.springframework.context.support.AbstractApplicationContext.refresh(AbstractApplicationContext.java:583) [spring-context-5.3.14.jar:5.3.14]
	at org.springframework.boot.SpringApplication.refresh(SpringApplication.java:730) [spring-boot-2.6.2.jar:2.6.2]
	at org.springframework.boot.SpringApplication.refreshContext(SpringApplication.java:412) [spring-boot-2.6.2.jar:2.6.2]
	at org.springframework.boot.SpringApplication.run(SpringApplication.java:302) [spring-boot-2.6.2.jar:2.6.2]
	at org.springframework.boot.SpringApplication.run(SpringApplication.java:1301) [spring-boot-2.6.2.jar:2.6.2]
	at org.springframework.boot.SpringApplication.run(SpringApplication.java:1290) [spring-boot-2.6.2.jar:2.6.2]
	at com.infy.DemoTableStrategyCustomApplication.main(DemoTableStrategyCustomApplication.java:28) [classes/:?]
29-Dec-2021 15:04:17 ERROR - Failed to initialize JPA EntityManagerFactory: Unable to create requested service [org.hibernate.engine.jdbc.env.spi.JdbcEnvironment]
29-Dec-2021 15:04:17 WARN - Exception encountered during context initialization - cancelling refresh attempt: org.springframework.beans.factory.BeanCreationException: Error creating bean with name 'entityManagerFactory' defined in class path resource [org/springframework/boot/autoconfigure/orm/jpa/HibernateJpaConfiguration.class]: Invocation of init method failed; nested exception is org.hibernate.service.spi.ServiceException: Unable to create requested service [org.hibernate.engine.jdbc.env.spi.JdbcEnvironment]
29-Dec-2021 15:04:17 INFO - 

Error starting ApplicationContext. To display the conditions report re-run your application with 'debug' enabled.
29-Dec-2021 15:04:17 ERROR - Application run failed
org.springframework.beans.factory.BeanCreationException: Error creating bean with name 'entityManagerFactory' defined in class path resource [org/springframework/boot/autoconfigure/orm/jpa/HibernateJpaConfiguration.class]: Invocation of init method failed; nested exception is org.hibernate.service.spi.ServiceException: Unable to create requested service [org.hibernate.engine.jdbc.env.spi.JdbcEnvironment]
	at org.springframework.beans.factory.support.AbstractAutowireCapableBeanFactory.initializeBean(AbstractAutowireCapableBeanFactory.java:1804) ~[spring-beans-5.3.14.jar:5.3.14]
	at org.springframework.beans.factory.support.AbstractAutowireCapableBeanFactory.doCreateBean(AbstractAutowireCapableBeanFactory.java:620) ~[spring-beans-5.3.14.jar:5.3.14]
	at org.springframework.beans.factory.support.AbstractAutowireCapableBeanFactory.createBean(AbstractAutowireCapableBeanFactory.java:542) ~[spring-beans-5.3.14.jar:5.3.14]
	at org.springframework.beans.factory.support.AbstractBeanFactory.lambda$doGetBean$0(AbstractBeanFactory.java:335) ~[spring-beans-5.3.14.jar:5.3.14]
	at org.springframework.beans.factory.support.DefaultSingletonBeanRegistry.getSingleton(DefaultSingletonBeanRegistry.java:234) ~[spring-beans-5.3.14.jar:5.3.14]
	at org.springframework.beans.factory.support.AbstractBeanFactory.doGetBean(AbstractBeanFactory.java:333) ~[spring-beans-5.3.14.jar:5.3.14]
	at org.springframework.beans.factory.support.AbstractBeanFactory.getBean(AbstractBeanFactory.java:208) ~[spring-beans-5.3.14.jar:5.3.14]
	at org.springframework.context.support.AbstractApplicationContext.getBean(AbstractApplicationContext.java:1154) ~[spring-context-5.3.14.jar:5.3.14]
	at org.springframework.context.support.AbstractApplicationContext.finishBeanFactoryInitialization(AbstractApplicationContext.java:908) ~[spring-context-5.3.14.jar:5.3.14]
	at org.springframework.context.support.AbstractApplicationContext.refresh(AbstractApplicationContext.java:583) ~[spring-context-5.3.14.jar:5.3.14]
	at org.springframework.boot.SpringApplication.refresh(SpringApplication.java:730) [spring-boot-2.6.2.jar:2.6.2]
	at org.springframework.boot.SpringApplication.refreshContext(SpringApplication.java:412) [spring-boot-2.6.2.jar:2.6.2]
	at org.springframework.boot.SpringApplication.run(SpringApplication.java:302) [spring-boot-2.6.2.jar:2.6.2]
	at org.springframework.boot.SpringApplication.run(SpringApplication.java:1301) [spring-boot-2.6.2.jar:2.6.2]
	at org.springframework.boot.SpringApplication.run(SpringApplication.java:1290) [spring-boot-2.6.2.jar:2.6.2]
	at com.infy.DemoTableStrategyCustomApplication.main(DemoTableStrategyCustomApplication.java:28) [classes/:?]
Caused by: org.hibernate.service.spi.ServiceException: Unable to create requested service [org.hibernate.engine.jdbc.env.spi.JdbcEnvironment]
	at org.hibernate.service.internal.AbstractServiceRegistryImpl.createService(AbstractServiceRegistryImpl.java:275) ~[hibernate-core-5.6.3.Final.jar:5.6.3.Final]
	at org.hibernate.service.internal.AbstractServiceRegistryImpl.initializeService(AbstractServiceRegistryImpl.java:237) ~[hibernate-core-5.6.3.Final.jar:5.6.3.Final]
	at org.hibernate.service.internal.AbstractServiceRegistryImpl.getService(AbstractServiceRegistryImpl.java:214) ~[hibernate-core-5.6.3.Final.jar:5.6.3.Final]
	at org.hibernate.id.factory.internal.DefaultIdentifierGeneratorFactory.injectServices(DefaultIdentifierGeneratorFactory.java:175) ~[hibernate-core-5.6.3.Final.jar:5.6.3.Final]
	at org.hibernate.service.internal.AbstractServiceRegistryImpl.injectDependencies(AbstractServiceRegistryImpl.java:286) ~[hibernate-core-5.6.3.Final.jar:5.6.3.Final]
	at org.hibernate.service.internal.AbstractServiceRegistryImpl.initializeService(AbstractServiceRegistryImpl.java:243) ~[hibernate-core-5.6.3.Final.jar:5.6.3.Final]
	at org.hibernate.service.internal.AbstractServiceRegistryImpl.getService(AbstractServiceRegistryImpl.java:214) ~[hibernate-core-5.6.3.Final.jar:5.6.3.Final]
	at org.hibernate.boot.internal.InFlightMetadataCollectorImpl.<init>(InFlightMetadataCollectorImpl.java:173) ~[hibernate-core-5.6.3.Final.jar:5.6.3.Final]
	at org.hibernate.boot.model.process.spi.MetadataBuildingProcess.complete(MetadataBuildingProcess.java:127) ~[hibernate-core-5.6.3.Final.jar:5.6.3.Final]
	at org.hibernate.jpa.boot.internal.EntityManagerFactoryBuilderImpl.metadata(EntityManagerFactoryBuilderImpl.java:1460) ~[hibernate-core-5.6.3.Final.jar:5.6.3.Final]
	at org.hibernate.jpa.boot.internal.EntityManagerFactoryBuilderImpl.build(EntityManagerFactoryBuilderImpl.java:1494) ~[hibernate-core-5.6.3.Final.jar:5.6.3.Final]
	at org.springframework.orm.jpa.vendor.SpringHibernateJpaPersistenceProvider.createContainerEntityManagerFactory(SpringHibernateJpaPersistenceProvider.java:58) ~[spring-orm-5.3.14.jar:5.3.14]
	at org.springframework.orm.jpa.LocalContainerEntityManagerFactoryBean.createNativeEntityManagerFactory(LocalContainerEntityManagerFactoryBean.java:365) ~[spring-orm-5.3.14.jar:5.3.14]
	at org.springframework.orm.jpa.AbstractEntityManagerFactoryBean.buildNativeEntityManagerFactory(AbstractEntityManagerFactoryBean.java:409) ~[spring-orm-5.3.14.jar:5.3.14]
	at org.springframework.orm.jpa.AbstractEntityManagerFactoryBean.afterPropertiesSet(AbstractEntityManagerFactoryBean.java:396) ~[spring-orm-5.3.14.jar:5.3.14]
	at org.springframework.orm.jpa.LocalContainerEntityManagerFactoryBean.afterPropertiesSet(LocalContainerEntityManagerFactoryBean.java:341) ~[spring-orm-5.3.14.jar:5.3.14]
	at org.springframework.beans.factory.support.AbstractAutowireCapableBeanFactory.invokeInitMethods(AbstractAutowireCapableBeanFactory.java:1863) ~[spring-beans-5.3.14.jar:5.3.14]
	at org.springframework.beans.factory.support.AbstractAutowireCapableBeanFactory.initializeBean(AbstractAutowireCapableBeanFactory.java:1800) ~[spring-beans-5.3.14.jar:5.3.14]
	... 15 more
Caused by: org.hibernate.HibernateException: Access to DialectResolutionInfo cannot be null when 'hibernate.dialect' not set
	at org.hibernate.engine.jdbc.dialect.internal.DialectFactoryImpl.determineDialect(DialectFactoryImpl.java:100) ~[hibernate-core-5.6.3.Final.jar:5.6.3.Final]
	at org.hibernate.engine.jdbc.dialect.internal.DialectFactoryImpl.buildDialect(DialectFactoryImpl.java:54) ~[hibernate-core-5.6.3.Final.jar:5.6.3.Final]
	at org.hibernate.engine.jdbc.env.internal.JdbcEnvironmentInitiator.initiateService(JdbcEnvironmentInitiator.java:138) ~[hibernate-core-5.6.3.Final.jar:5.6.3.Final]
	at org.hibernate.engine.jdbc.env.internal.JdbcEnvironmentInitiator.initiateService(JdbcEnvironmentInitiator.java:35) ~[hibernate-core-5.6.3.Final.jar:5.6.3.Final]
	at org.hibernate.boot.registry.internal.StandardServiceRegistryImpl.initiateService(StandardServiceRegistryImpl.java:101) ~[hibernate-core-5.6.3.Final.jar:5.6.3.Final]
	at org.hibernate.service.internal.AbstractServiceRegistryImpl.createService(AbstractServiceRegistryImpl.java:263) ~[hibernate-core-5.6.3.Final.jar:5.6.3.Final]
	at org.hibernate.service.internal.AbstractServiceRegistryImpl.initializeService(AbstractServiceRegistryImpl.java:237) ~[hibernate-core-5.6.3.Final.jar:5.6.3.Final]
	at org.hibernate.service.internal.AbstractServiceRegistryImpl.getService(AbstractServiceRegistryImpl.java:214) ~[hibernate-core-5.6.3.Final.jar:5.6.3.Final]
	at org.hibernate.id.factory.internal.DefaultIdentifierGeneratorFactory.injectServices(DefaultIdentifierGeneratorFactory.java:175) ~[hibernate-core-5.6.3.Final.jar:5.6.3.Final]
	at org.hibernate.service.internal.AbstractServiceRegistryImpl.injectDependencies(AbstractServiceRegistryImpl.java:286) ~[hibernate-core-5.6.3.Final.jar:5.6.3.Final]
	at org.hibernate.service.internal.AbstractServiceRegistryImpl.initializeService(AbstractServiceRegistryImpl.java:243) ~[hibernate-core-5.6.3.Final.jar:5.6.3.Final]
	at org.hibernate.service.internal.AbstractServiceRegistryImpl.getService(AbstractServiceRegistryImpl.java:214) ~[hibernate-core-5.6.3.Final.jar:5.6.3.Final]
	at org.hibernate.boot.internal.InFlightMetadataCollectorImpl.<init>(InFlightMetadataCollectorImpl.java:173) ~[hibernate-core-5.6.3.Final.jar:5.6.3.Final]
	at org.hibernate.boot.model.process.spi.MetadataBuildingProcess.complete(MetadataBuildingProcess.java:127) ~[hibernate-core-5.6.3.Final.jar:5.6.3.Final]
	at org.hibernate.jpa.boot.internal.EntityManagerFactoryBuilderImpl.metadata(EntityManagerFactoryBuilderImpl.java:1460) ~[hibernate-core-5.6.3.Final.jar:5.6.3.Final]
	at org.hibernate.jpa.boot.internal.EntityManagerFactoryBuilderImpl.build(EntityManagerFactoryBuilderImpl.java:1494) ~[hibernate-core-5.6.3.Final.jar:5.6.3.Final]
	at org.springframework.orm.jpa.vendor.SpringHibernateJpaPersistenceProvider.createContainerEntityManagerFactory(SpringHibernateJpaPersistenceProvider.java:58) ~[spring-orm-5.3.14.jar:5.3.14]
	at org.springframework.orm.jpa.LocalContainerEntityManagerFactoryBean.createNativeEntityManagerFactory(LocalContainerEntityManagerFactoryBean.java:365) ~[spring-orm-5.3.14.jar:5.3.14]
	at org.springframework.orm.jpa.AbstractEntityManagerFactoryBean.buildNativeEntityManagerFactory(AbstractEntityManagerFactoryBean.java:409) ~[spring-orm-5.3.14.jar:5.3.14]
	at org.springframework.orm.jpa.AbstractEntityManagerFactoryBean.afterPropertiesSet(AbstractEntityManagerFactoryBean.java:396) ~[spring-orm-5.3.14.jar:5.3.14]
	at org.springframework.orm.jpa.LocalContainerEntityManagerFactoryBean.afterPropertiesSet(LocalContainerEntityManagerFactoryBean.java:341) ~[spring-orm-5.3.14.jar:5.3.14]
	at org.springframework.beans.factory.support.AbstractAutowireCapableBeanFactory.invokeInitMethods(AbstractAutowireCapableBeanFactory.java:1863) ~[spring-beans-5.3.14.jar:5.3.14]
	at org.springframework.beans.factory.support.AbstractAutowireCapableBeanFactory.initializeBean(AbstractAutowireCapableBeanFactory.java:1800) ~[spring-beans-5.3.14.jar:5.3.14]
	... 15 more
29-Dec-2021 15:04:38 INFO - Bootstrapping Spring Data JPA repositories in DEFAULT mode.
29-Dec-2021 15:04:38 INFO - Finished Spring Data repository scanning in 44 ms. Found 1 JPA repository interfaces.
29-Dec-2021 15:04:39 INFO - HikariPool-1 - Starting...
29-Dec-2021 15:04:40 INFO - HikariPool-1 - Start completed.
29-Dec-2021 15:04:40 INFO - HHH000204: Processing PersistenceUnitInfo [name: default]
29-Dec-2021 15:04:40 INFO - HHH000412: Hibernate ORM core version 5.6.3.Final
29-Dec-2021 15:04:40 INFO - HCANN000001: Hibernate Commons Annotations {5.1.2.Final}
29-Dec-2021 15:04:40 INFO - HHH000400: Using dialect: org.hibernate.dialect.MySQL8Dialect
29-Dec-2021 15:04:41 INFO - HHH000490: Using JtaPlatform implementation: [org.hibernate.engine.transaction.jta.platform.internal.NoJtaPlatform]
29-Dec-2021 15:04:41 INFO - Initialized JPA EntityManagerFactory for persistence unit 'default'
29-Dec-2021 15:04:41 INFO - Closing JPA EntityManagerFactory for persistence unit 'default'
29-Dec-2021 15:04:41 INFO - HikariPool-1 - Shutdown initiated...
29-Dec-2021 15:04:41 INFO - HikariPool-1 - Shutdown completed.
29-Dec-2021 17:49:27 INFO - Bootstrapping Spring Data JPA repositories in DEFAULT mode.
29-Dec-2021 17:49:27 INFO - Finished Spring Data repository scanning in 63 ms. Found 1 JPA repository interfaces.
29-Dec-2021 17:49:28 INFO - HikariPool-1 - Starting...
29-Dec-2021 17:49:29 INFO - HikariPool-1 - Start completed.
29-Dec-2021 17:49:29 INFO - HHH000204: Processing PersistenceUnitInfo [name: default]
29-Dec-2021 17:49:29 INFO - HHH000412: Hibernate ORM core version 5.6.3.Final
29-Dec-2021 17:49:30 INFO - HCANN000001: Hibernate Commons Annotations {5.1.2.Final}
29-Dec-2021 17:49:30 INFO - HHH000400: Using dialect: org.hibernate.dialect.MySQL8Dialect
29-Dec-2021 17:49:32 INFO - HHH000490: Using JtaPlatform implementation: [org.hibernate.engine.transaction.jta.platform.internal.NoJtaPlatform]
29-Dec-2021 17:49:32 INFO - Initialized JPA EntityManagerFactory for persistence unit 'default'
29-Dec-2021 17:49:33 INFO - Closing JPA EntityManagerFactory for persistence unit 'default'
29-Dec-2021 17:49:33 INFO - HikariPool-1 - Shutdown initiated...
29-Dec-2021 17:49:33 INFO - HikariPool-1 - Shutdown completed.
10-Mar-2022 14:47:31 INFO - Bootstrapping Spring Data JPA repositories in DEFAULT mode.
10-Mar-2022 14:47:32 INFO - Finished Spring Data repository scanning in 655 ms. Found 1 JPA repository interfaces.
10-Mar-2022 14:47:39 INFO - HHH000204: Processing PersistenceUnitInfo [name: default]
10-Mar-2022 14:47:39 INFO - HHH000412: Hibernate ORM core version 5.6.3.Final
10-Mar-2022 14:47:40 INFO - HCANN000001: Hibernate Commons Annotations {5.1.2.Final}
10-Mar-2022 14:47:40 INFO - HikariPool-1 - Starting...
10-Mar-2022 14:47:41 INFO - HikariPool-1 - Start completed.
10-Mar-2022 14:47:41 INFO - HHH000400: Using dialect: org.hibernate.dialect.MySQL8Dialect
10-Mar-2022 14:47:48 INFO - HHH000490: Using JtaPlatform implementation: [org.hibernate.engine.transaction.jta.platform.internal.NoJtaPlatform]
10-Mar-2022 14:47:48 INFO - Initialized JPA EntityManagerFactory for persistence unit 'default'
10-Mar-2022 14:47:55 INFO - Closing JPA EntityManagerFactory for persistence unit 'default'
10-Mar-2022 14:47:55 INFO - HikariPool-1 - Shutdown initiated...
10-Mar-2022 14:47:55 INFO - HikariPool-1 - Shutdown completed.
10-Mar-2022 14:49:19 INFO - Bootstrapping Spring Data JPA repositories in DEFAULT mode.
10-Mar-2022 14:49:20 INFO - Finished Spring Data repository scanning in 147 ms. Found 1 JPA repository interfaces.
10-Mar-2022 14:49:22 INFO - HHH000204: Processing PersistenceUnitInfo [name: default]
10-Mar-2022 14:49:22 INFO - HHH000412: Hibernate ORM core version 5.6.3.Final
10-Mar-2022 14:49:23 INFO - HCANN000001: Hibernate Commons Annotations {5.1.2.Final}
10-Mar-2022 14:49:24 INFO - HikariPool-1 - Starting...
10-Mar-2022 14:49:30 INFO - HikariPool-1 - Start completed.
10-Mar-2022 14:49:30 INFO - HHH000400: Using dialect: org.hibernate.dialect.MySQL8Dialect
10-Mar-2022 14:49:33 INFO - HHH000490: Using JtaPlatform implementation: [org.hibernate.engine.transaction.jta.platform.internal.NoJtaPlatform]
10-Mar-2022 14:49:33 INFO - Initialized JPA EntityManagerFactory for persistence unit 'default'
10-Mar-2022 14:49:42 INFO - Closing JPA EntityManagerFactory for persistence unit 'default'
10-Mar-2022 14:49:42 INFO - HikariPool-1 - Shutdown initiated...
10-Mar-2022 14:49:42 INFO - HikariPool-1 - Shutdown completed.
10-Mar-2022 14:50:28 INFO - Bootstrapping Spring Data JPA repositories in DEFAULT mode.
10-Mar-2022 14:50:28 INFO - Finished Spring Data repository scanning in 154 ms. Found 1 JPA repository interfaces.
10-Mar-2022 14:50:32 INFO - HHH000204: Processing PersistenceUnitInfo [name: default]
10-Mar-2022 14:50:33 INFO - HHH000412: Hibernate ORM core version 5.6.3.Final
10-Mar-2022 14:50:35 INFO - HCANN000001: Hibernate Commons Annotations {5.1.2.Final}
10-Mar-2022 14:50:37 INFO - HikariPool-1 - Starting...
10-Mar-2022 14:50:39 INFO - HikariPool-1 - Start completed.
10-Mar-2022 14:50:39 INFO - HHH000400: Using dialect: org.hibernate.dialect.MySQL8Dialect
10-Mar-2022 14:50:42 INFO - HHH000490: Using JtaPlatform implementation: [org.hibernate.engine.transaction.jta.platform.internal.NoJtaPlatform]
10-Mar-2022 14:50:42 INFO - Initialized JPA EntityManagerFactory for persistence unit 'default'
10-Mar-2022 14:50:52 INFO - Closing JPA EntityManagerFactory for persistence unit 'default'
10-Mar-2022 14:50:52 INFO - HikariPool-1 - Shutdown initiated...
10-Mar-2022 14:50:52 INFO - HikariPool-1 - Shutdown completed.
10-Mar-2022 14:51:38 INFO - Bootstrapping Spring Data JPA repositories in DEFAULT mode.
10-Mar-2022 14:51:39 INFO - Finished Spring Data repository scanning in 291 ms. Found 1 JPA repository interfaces.
10-Mar-2022 14:51:43 INFO - HHH000204: Processing PersistenceUnitInfo [name: default]
10-Mar-2022 14:51:44 INFO - HHH000412: Hibernate ORM core version 5.6.3.Final
10-Mar-2022 14:51:48 INFO - HCANN000001: Hibernate Commons Annotations {5.1.2.Final}
10-Mar-2022 14:51:49 INFO - HikariPool-1 - Starting...
10-Mar-2022 14:51:51 INFO - HikariPool-1 - Start completed.
10-Mar-2022 14:51:51 INFO - HHH000400: Using dialect: org.hibernate.dialect.MySQL8Dialect
10-Mar-2022 14:51:59 INFO - HHH000490: Using JtaPlatform implementation: [org.hibernate.engine.transaction.jta.platform.internal.NoJtaPlatform]
10-Mar-2022 14:51:59 INFO - Initialized JPA EntityManagerFactory for persistence unit 'default'
10-Mar-2022 14:52:04 INFO - Closing JPA EntityManagerFactory for persistence unit 'default'
10-Mar-2022 14:52:04 INFO - HikariPool-1 - Shutdown initiated...
10-Mar-2022 14:52:05 INFO - HikariPool-1 - Shutdown completed.
10-Mar-2022 14:52:40 INFO - Bootstrapping Spring Data JPA repositories in DEFAULT mode.
10-Mar-2022 14:52:40 INFO - Finished Spring Data repository scanning in 108 ms. Found 1 JPA repository interfaces.
10-Mar-2022 14:52:44 INFO - HHH000204: Processing PersistenceUnitInfo [name: default]
10-Mar-2022 14:52:45 INFO - HHH000412: Hibernate ORM core version 5.6.3.Final
10-Mar-2022 14:52:50 INFO - HCANN000001: Hibernate Commons Annotations {5.1.2.Final}
10-Mar-2022 14:52:52 INFO - HikariPool-1 - Starting...
10-Mar-2022 14:52:53 INFO - HikariPool-1 - Start completed.
10-Mar-2022 14:52:53 INFO - HHH000400: Using dialect: org.hibernate.dialect.MySQL8Dialect
10-Mar-2022 14:52:55 INFO - HHH000490: Using JtaPlatform implementation: [org.hibernate.engine.transaction.jta.platform.internal.NoJtaPlatform]
10-Mar-2022 14:52:55 INFO - Initialized JPA EntityManagerFactory for persistence unit 'default'
10-Mar-2022 14:53:08 INFO - Closing JPA EntityManagerFactory for persistence unit 'default'
10-Mar-2022 14:53:08 INFO - HikariPool-1 - Shutdown initiated...
10-Mar-2022 14:53:08 INFO - HikariPool-1 - Shutdown completed.
11-Apr-2022 14:41:57 INFO - Bootstrapping Spring Data JPA repositories in DEFAULT mode.
11-Apr-2022 14:41:57 INFO - Finished Spring Data repository scanning in 74 ms. Found 1 JPA repository interfaces.
11-Apr-2022 14:41:59 INFO - HHH000204: Processing PersistenceUnitInfo [name: default]
11-Apr-2022 14:41:59 INFO - HHH000412: Hibernate ORM core version 5.6.3.Final
11-Apr-2022 14:41:59 INFO - HCANN000001: Hibernate Commons Annotations {5.1.2.Final}
11-Apr-2022 14:42:00 INFO - HikariPool-1 - Starting...
11-Apr-2022 14:42:00 INFO - HikariPool-1 - Start completed.
11-Apr-2022 14:42:00 INFO - HHH000400: Using dialect: org.hibernate.dialect.MySQL8Dialect
11-Apr-2022 14:42:09 INFO - HHH000490: Using JtaPlatform implementation: [org.hibernate.engine.transaction.jta.platform.internal.NoJtaPlatform]
11-Apr-2022 14:42:09 INFO - Initialized JPA EntityManagerFactory for persistence unit 'default'
11-Apr-2022 14:42:12 INFO - Closing JPA EntityManagerFactory for persistence unit 'default'
11-Apr-2022 14:42:12 INFO - HikariPool-1 - Shutdown initiated...
11-Apr-2022 14:42:12 INFO - HikariPool-1 - Shutdown completed.
11-Apr-2022 14:43:40 INFO - Bootstrapping Spring Data JPA repositories in DEFAULT mode.
11-Apr-2022 14:43:40 INFO - Finished Spring Data repository scanning in 82 ms. Found 1 JPA repository interfaces.
11-Apr-2022 14:43:41 INFO - HHH000204: Processing PersistenceUnitInfo [name: default]
11-Apr-2022 14:43:41 INFO - HHH000412: Hibernate ORM core version 5.6.3.Final
11-Apr-2022 14:43:41 INFO - HCANN000001: Hibernate Commons Annotations {5.1.2.Final}
11-Apr-2022 14:43:42 INFO - HikariPool-1 - Starting...
11-Apr-2022 14:43:43 INFO - HikariPool-1 - Start completed.
11-Apr-2022 14:43:43 INFO - HHH000400: Using dialect: org.hibernate.dialect.MySQL8Dialect
11-Apr-2022 14:43:45 INFO - HHH000490: Using JtaPlatform implementation: [org.hibernate.engine.transaction.jta.platform.internal.NoJtaPlatform]
11-Apr-2022 14:43:45 INFO - Initialized JPA EntityManagerFactory for persistence unit 'default'
11-Apr-2022 14:43:47 INFO - Closing JPA EntityManagerFactory for persistence unit 'default'
11-Apr-2022 14:43:47 INFO - HikariPool-1 - Shutdown initiated...
11-Apr-2022 14:43:47 INFO - HikariPool-1 - Shutdown completed.
11-Apr-2022 14:44:59 INFO - Bootstrapping Spring Data JPA repositories in DEFAULT mode.
11-Apr-2022 14:44:59 INFO - Finished Spring Data repository scanning in 112 ms. Found 1 JPA repository interfaces.
11-Apr-2022 14:45:00 INFO - HHH000204: Processing PersistenceUnitInfo [name: default]
11-Apr-2022 14:45:01 INFO - HHH000412: Hibernate ORM core version 5.6.3.Final
11-Apr-2022 14:45:01 INFO - HCANN000001: Hibernate Commons Annotations {5.1.2.Final}
11-Apr-2022 14:45:01 INFO - HikariPool-1 - Starting...
11-Apr-2022 14:45:03 INFO - HikariPool-1 - Start completed.
11-Apr-2022 14:45:03 INFO - HHH000400: Using dialect: org.hibernate.dialect.MySQL8Dialect
11-Apr-2022 14:45:05 INFO - HHH000490: Using JtaPlatform implementation: [org.hibernate.engine.transaction.jta.platform.internal.NoJtaPlatform]
11-Apr-2022 14:45:05 INFO - Initialized JPA EntityManagerFactory for persistence unit 'default'
11-Apr-2022 14:45:07 INFO - Closing JPA EntityManagerFactory for persistence unit 'default'
11-Apr-2022 14:45:07 INFO - HikariPool-1 - Shutdown initiated...
11-Apr-2022 14:45:07 INFO - HikariPool-1 - Shutdown completed.
11-Apr-2022 14:45:52 INFO - Bootstrapping Spring Data JPA repositories in DEFAULT mode.
11-Apr-2022 14:45:53 INFO - Finished Spring Data repository scanning in 121 ms. Found 1 JPA repository interfaces.
11-Apr-2022 14:45:54 INFO - HHH000204: Processing PersistenceUnitInfo [name: default]
11-Apr-2022 14:45:54 INFO - HHH000412: Hibernate ORM core version 5.6.3.Final
11-Apr-2022 14:45:54 INFO - HCANN000001: Hibernate Commons Annotations {5.1.2.Final}
11-Apr-2022 14:45:54 INFO - HikariPool-1 - Starting...
11-Apr-2022 14:45:55 INFO - HikariPool-1 - Start completed.
11-Apr-2022 14:45:56 INFO - HHH000400: Using dialect: org.hibernate.dialect.MySQL8Dialect
11-Apr-2022 14:45:57 INFO - HHH000490: Using JtaPlatform implementation: [org.hibernate.engine.transaction.jta.platform.internal.NoJtaPlatform]
11-Apr-2022 14:45:57 INFO - Initialized JPA EntityManagerFactory for persistence unit 'default'
11-Apr-2022 14:46:02 INFO - Closing JPA EntityManagerFactory for persistence unit 'default'
11-Apr-2022 14:46:02 INFO - HikariPool-1 - Shutdown initiated...
11-Apr-2022 14:46:02 INFO - HikariPool-1 - Shutdown completed.
11-Apr-2022 14:51:16 INFO - Bootstrapping Spring Data JPA repositories in DEFAULT mode.
11-Apr-2022 14:51:16 INFO - Finished Spring Data repository scanning in 82 ms. Found 1 JPA repository interfaces.
11-Apr-2022 14:51:17 INFO - HHH000204: Processing PersistenceUnitInfo [name: default]
11-Apr-2022 14:51:17 INFO - HHH000412: Hibernate ORM core version 5.6.3.Final
11-Apr-2022 14:51:18 INFO - HCANN000001: Hibernate Commons Annotations {5.1.2.Final}
11-Apr-2022 14:51:18 INFO - HikariPool-1 - Starting...
11-Apr-2022 14:51:19 INFO - HikariPool-1 - Start completed.
11-Apr-2022 14:51:19 INFO - HHH000400: Using dialect: org.hibernate.dialect.MySQL8Dialect
11-Apr-2022 14:51:20 INFO - HHH000490: Using JtaPlatform implementation: [org.hibernate.engine.transaction.jta.platform.internal.NoJtaPlatform]
11-Apr-2022 14:51:20 INFO - Initialized JPA EntityManagerFactory for persistence unit 'default'
11-Apr-2022 14:51:23 INFO - Closing JPA EntityManagerFactory for persistence unit 'default'
11-Apr-2022 14:51:23 INFO - HikariPool-1 - Shutdown initiated...
11-Apr-2022 14:51:23 INFO - HikariPool-1 - Shutdown completed.
