
06-Jul-2022 10:27:59 ERROR - could not extract ResultSet; SQL [n/a]; nested exception is org.hibernate.exception.SQLGrammarException: could not extract ResultSet
org.springframework.dao.InvalidDataAccessResourceUsageException: could not extract ResultSet; SQL [n/a]; nested exception is org.hibernate.exception.SQLGrammarException: could not extract ResultSet
	at org.springframework.orm.jpa.vendor.HibernateJpaDialect.convertHibernateAccessException(HibernateJpaDialect.java:259) ~[spring-orm-5.3.14.jar:5.3.14]
	at org.springframework.orm.jpa.vendor.HibernateJpaDialect.translateExceptionIfPossible(HibernateJpaDialect.java:233) ~[spring-orm-5.3.14.jar:5.3.14]
	at org.springframework.orm.jpa.AbstractEntityManagerFactoryBean.translateExceptionIfPossible(AbstractEntityManagerFactoryBean.java:551) ~[spring-orm-5.3.14.jar:5.3.14]
	at org.springframework.dao.support.ChainedPersistenceExceptionTranslator.translateExceptionIfPossible(ChainedPersistenceExceptionTranslator.java:61) ~[spring-tx-5.3.14.jar:5.3.14]
	at org.springframework.dao.support.DataAccessUtils.translateIfNecessary(DataAccessUtils.java:242) ~[spring-tx-5.3.14.jar:5.3.14]
	at org.springframework.dao.support.PersistenceExceptionTranslationInterceptor.invoke(PersistenceExceptionTranslationInterceptor.java:152) ~[spring-tx-5.3.14.jar:5.3.14]
	at org.springframework.aop.framework.ReflectiveMethodInvocation.proceed(ReflectiveMethodInvocation.java:186) ~[spring-aop-5.3.14.jar:5.3.14]
	at org.springframework.aop.framework.CglibAopProxy$CglibMethodInvocation.proceed(CglibAopProxy.java:753) ~[spring-aop-5.3.14.jar:5.3.14]
	at org.springframework.aop.aspectj.AspectJAfterThrowingAdvice.invoke(AspectJAfterThrowingAdvice.java:64) [spring-aop-5.3.14.jar:5.3.14]
	at org.springframework.aop.framework.ReflectiveMethodInvocation.proceed(ReflectiveMethodInvocation.java:186) [spring-aop-5.3.14.jar:5.3.14]
	at org.springframework.aop.framework.CglibAopProxy$CglibMethodInvocation.proceed(CglibAopProxy.java:753) [spring-aop-5.3.14.jar:5.3.14]
	at org.springframework.aop.interceptor.ExposeInvocationInterceptor.invoke(ExposeInvocationInterceptor.java:97) [spring-aop-5.3.14.jar:5.3.14]
	at org.springframework.aop.framework.ReflectiveMethodInvocation.proceed(ReflectiveMethodInvocation.java:186) [spring-aop-5.3.14.jar:5.3.14]
	at org.springframework.aop.framework.CglibAopProxy$CglibMethodInvocation.proceed(CglibAopProxy.java:753) [spring-aop-5.3.14.jar:5.3.14]
	at org.springframework.aop.framework.CglibAopProxy$DynamicAdvisedInterceptor.intercept(CglibAopProxy.java:698) [spring-aop-5.3.14.jar:5.3.14]
	at com.infy.repository.CustomerRepositoryImpl$$EnhancerBySpringCGLIB$$7366e572.getCustomer(<generated>) [classes/:?]
	at com.infy.service.CustomerServiceImpl.getCustomer(CustomerServiceImpl.java:20) [classes/:?]
	at com.infy.service.CustomerServiceImpl$$FastClassBySpringCGLIB$$5a044175.invoke(<generated>) [classes/:?]
	at org.springframework.cglib.proxy.MethodProxy.invoke(MethodProxy.java:218) [spring-core-5.3.14.jar:5.3.14]
	at org.springframework.aop.framework.CglibAopProxy$CglibMethodInvocation.invokeJoinpoint(CglibAopProxy.java:783) [spring-aop-5.3.14.jar:5.3.14]
	at org.springframework.aop.framework.ReflectiveMethodInvocation.proceed(ReflectiveMethodInvocation.java:163) [spring-aop-5.3.14.jar:5.3.14]
	at org.springframework.aop.framework.CglibAopProxy$CglibMethodInvocation.proceed(CglibAopProxy.java:753) [spring-aop-5.3.14.jar:5.3.14]
	at org.springframework.aop.aspectj.AspectJAfterThrowingAdvice.invoke(AspectJAfterThrowingAdvice.java:64) [spring-aop-5.3.14.jar:5.3.14]
	at org.springframework.aop.framework.ReflectiveMethodInvocation.proceed(ReflectiveMethodInvocation.java:186) [spring-aop-5.3.14.jar:5.3.14]
	at org.springframework.aop.framework.CglibAopProxy$CglibMethodInvocation.proceed(CglibAopProxy.java:753) [spring-aop-5.3.14.jar:5.3.14]
	at org.springframework.transaction.interceptor.TransactionInterceptor$1.proceedWithInvocation(TransactionInterceptor.java:123) [spring-tx-5.3.14.jar:5.3.14]
	at org.springframework.transaction.interceptor.TransactionAspectSupport.invokeWithinTransaction(TransactionAspectSupport.java:388) [spring-tx-5.3.14.jar:5.3.14]
	at org.springframework.transaction.interceptor.TransactionInterceptor.invoke(TransactionInterceptor.java:119) [spring-tx-5.3.14.jar:5.3.14]
	at org.springframework.aop.framework.ReflectiveMethodInvocation.proceed(ReflectiveMethodInvocation.java:186) [spring-aop-5.3.14.jar:5.3.14]
	at org.springframework.aop.framework.CglibAopProxy$CglibMethodInvocation.proceed(CglibAopProxy.java:753) [spring-aop-5.3.14.jar:5.3.14]
	at org.springframework.aop.interceptor.ExposeInvocationInterceptor.invoke(ExposeInvocationInterceptor.java:97) [spring-aop-5.3.14.jar:5.3.14]
	at org.springframework.aop.framework.ReflectiveMethodInvocation.proceed(ReflectiveMethodInvocation.java:186) [spring-aop-5.3.14.jar:5.3.14]
	at org.springframework.aop.framework.CglibAopProxy$CglibMethodInvocation.proceed(CglibAopProxy.java:753) [spring-aop-5.3.14.jar:5.3.14]
	at org.springframework.aop.framework.CglibAopProxy$DynamicAdvisedInterceptor.intercept(CglibAopProxy.java:698) [spring-aop-5.3.14.jar:5.3.14]
	at com.infy.service.CustomerServiceImpl$$EnhancerBySpringCGLIB$$220e0ead.getCustomer(<generated>) [classes/:?]
	at com.infy.DemoSpringDeleteReadApplication.getCustomer(DemoSpringDeleteReadApplication.java:46) [classes/:?]
	at com.infy.DemoSpringDeleteReadApplication.run(DemoSpringDeleteReadApplication.java:37) [classes/:?]
	at org.springframework.boot.SpringApplication.callRunner(SpringApplication.java:767) [spring-boot-2.6.2.jar:2.6.2]
	at org.springframework.boot.SpringApplication.callRunners(SpringApplication.java:751) [spring-boot-2.6.2.jar:2.6.2]
	at org.springframework.boot.SpringApplication.run(SpringApplication.java:309) [spring-boot-2.6.2.jar:2.6.2]
	at org.springframework.boot.SpringApplication.run(SpringApplication.java:1301) [spring-boot-2.6.2.jar:2.6.2]
	at org.springframework.boot.SpringApplication.run(SpringApplication.java:1290) [spring-boot-2.6.2.jar:2.6.2]
	at com.infy.DemoSpringDeleteReadApplication.main(DemoSpringDeleteReadApplication.java:30) [classes/:?]
Caused by: org.hibernate.exception.SQLGrammarException: could not extract ResultSet
	at org.hibernate.exception.internal.SQLExceptionTypeDelegate.convert(SQLExceptionTypeDelegate.java:63) ~[hibernate-core-5.6.3.Final.jar:5.6.3.Final]
	at org.hibernate.exception.internal.StandardSQLExceptionConverter.convert(StandardSQLExceptionConverter.java:37) ~[hibernate-core-5.6.3.Final.jar:5.6.3.Final]
	at org.hibernate.engine.jdbc.spi.SqlExceptionHelper.convert(SqlExceptionHelper.java:113) ~[hibernate-core-5.6.3.Final.jar:5.6.3.Final]
	at org.hibernate.engine.jdbc.spi.SqlExceptionHelper.convert(SqlExceptionHelper.java:99) ~[hibernate-core-5.6.3.Final.jar:5.6.3.Final]
	at org.hibernate.engine.jdbc.internal.ResultSetReturnImpl.extract(ResultSetReturnImpl.java:67) ~[hibernate-core-5.6.3.Final.jar:5.6.3.Final]
	at org.hibernate.loader.plan.exec.internal.AbstractLoadPlanBasedLoader.getResultSet(AbstractLoadPlanBasedLoader.java:390) ~[hibernate-core-5.6.3.Final.jar:5.6.3.Final]
	at org.hibernate.loader.plan.exec.internal.AbstractLoadPlanBasedLoader.executeQueryStatement(AbstractLoadPlanBasedLoader.java:163) ~[hibernate-core-5.6.3.Final.jar:5.6.3.Final]
	at org.hibernate.loader.plan.exec.internal.AbstractLoadPlanBasedLoader.executeLoad(AbstractLoadPlanBasedLoader.java:104) ~[hibernate-core-5.6.3.Final.jar:5.6.3.Final]
	at org.hibernate.loader.entity.plan.AbstractLoadPlanBasedEntityLoader.load(AbstractLoadPlanBasedEntityLoader.java:285) ~[hibernate-core-5.6.3.Final.jar:5.6.3.Final]
	at org.hibernate.persister.entity.AbstractEntityPersister.doLoad(AbstractEntityPersister.java:4521) ~[hibernate-core-5.6.3.Final.jar:5.6.3.Final]
	at org.hibernate.persister.entity.AbstractEntityPersister.load(AbstractEntityPersister.java:4511) ~[hibernate-core-5.6.3.Final.jar:5.6.3.Final]
	at org.hibernate.event.internal.DefaultLoadEventListener.loadFromDatasource(DefaultLoadEventListener.java:571) ~[hibernate-core-5.6.3.Final.jar:5.6.3.Final]
	at org.hibernate.event.internal.DefaultLoadEventListener.doLoad(DefaultLoadEventListener.java:539) ~[hibernate-core-5.6.3.Final.jar:5.6.3.Final]
	at org.hibernate.event.internal.DefaultLoadEventListener.load(DefaultLoadEventListener.java:208) ~[hibernate-core-5.6.3.Final.jar:5.6.3.Final]
	at org.hibernate.event.internal.DefaultLoadEventListener.proxyOrLoad(DefaultLoadEventListener.java:327) ~[hibernate-core-5.6.3.Final.jar:5.6.3.Final]
	at org.hibernate.event.internal.DefaultLoadEventListener.doOnLoad(DefaultLoadEventListener.java:108) ~[hibernate-core-5.6.3.Final.jar:5.6.3.Final]
	at org.hibernate.event.internal.DefaultLoadEventListener.onLoad(DefaultLoadEventListener.java:74) ~[hibernate-core-5.6.3.Final.jar:5.6.3.Final]
	at org.hibernate.event.service.internal.EventListenerGroupImpl.fireEventOnEachListener(EventListenerGroupImpl.java:118) ~[hibernate-core-5.6.3.Final.jar:5.6.3.Final]
	at org.hibernate.internal.SessionImpl.fireLoadNoChecks(SessionImpl.java:1226) ~[hibernate-core-5.6.3.Final.jar:5.6.3.Final]
	at org.hibernate.internal.SessionImpl.fireLoad(SessionImpl.java:1215) ~[hibernate-core-5.6.3.Final.jar:5.6.3.Final]
	at org.hibernate.internal.SessionImpl.access$2100(SessionImpl.java:201) ~[hibernate-core-5.6.3.Final.jar:5.6.3.Final]
	at org.hibernate.internal.SessionImpl$IdentifierLoadAccessImpl.doLoad(SessionImpl.java:2830) ~[hibernate-core-5.6.3.Final.jar:5.6.3.Final]
	at org.hibernate.internal.SessionImpl$IdentifierLoadAccessImpl.lambda$load$1(SessionImpl.java:2807) ~[hibernate-core-5.6.3.Final.jar:5.6.3.Final]
	at org.hibernate.internal.SessionImpl$IdentifierLoadAccessImpl.perform(SessionImpl.java:2763) ~[hibernate-core-5.6.3.Final.jar:5.6.3.Final]
	at org.hibernate.internal.SessionImpl$IdentifierLoadAccessImpl.load(SessionImpl.java:2807) ~[hibernate-core-5.6.3.Final.jar:5.6.3.Final]
	at org.hibernate.internal.SessionImpl.find(SessionImpl.java:3395) ~[hibernate-core-5.6.3.Final.jar:5.6.3.Final]
	at org.hibernate.internal.SessionImpl.find(SessionImpl.java:3357) ~[hibernate-core-5.6.3.Final.jar:5.6.3.Final]
	at jdk.internal.reflect.NativeMethodAccessorImpl.invoke0(Native Method) ~[?:?]
	at jdk.internal.reflect.NativeMethodAccessorImpl.invoke(NativeMethodAccessorImpl.java:62) ~[?:?]
	at jdk.internal.reflect.DelegatingMethodAccessorImpl.invoke(DelegatingMethodAccessorImpl.java:43) ~[?:?]
	at java.lang.reflect.Method.invoke(Method.java:564) ~[?:?]
	at org.springframework.orm.jpa.SharedEntityManagerCreator$SharedEntityManagerInvocationHandler.invoke(SharedEntityManagerCreator.java:311) ~[spring-orm-5.3.14.jar:5.3.14]
	at com.sun.proxy.$Proxy97.find(Unknown Source) ~[?:?]
	at com.infy.repository.CustomerRepositoryImpl.getCustomer(CustomerRepositoryImpl.java:27) ~[classes/:?]
	at com.infy.repository.CustomerRepositoryImpl$$FastClassBySpringCGLIB$$74ed14a3.invoke(<generated>) ~[classes/:?]
	at org.springframework.cglib.proxy.MethodProxy.invoke(MethodProxy.java:218) ~[spring-core-5.3.14.jar:5.3.14]
	at org.springframework.aop.framework.CglibAopProxy$CglibMethodInvocation.invokeJoinpoint(CglibAopProxy.java:783) ~[spring-aop-5.3.14.jar:5.3.14]
	at org.springframework.aop.framework.ReflectiveMethodInvocation.proceed(ReflectiveMethodInvocation.java:163) ~[spring-aop-5.3.14.jar:5.3.14]
	at org.springframework.aop.framework.CglibAopProxy$CglibMethodInvocation.proceed(CglibAopProxy.java:753) ~[spring-aop-5.3.14.jar:5.3.14]
	at org.springframework.dao.support.PersistenceExceptionTranslationInterceptor.invoke(PersistenceExceptionTranslationInterceptor.java:137) ~[spring-tx-5.3.14.jar:5.3.14]
	... 37 more
Caused by: java.sql.SQLSyntaxErrorException: Table 'infy22.customerinfy22' doesn't exist
	at com.mysql.cj.jdbc.exceptions.SQLError.createSQLException(SQLError.java:120) ~[mysql-connector-java-8.0.27.jar:8.0.27]
	at com.mysql.cj.jdbc.exceptions.SQLExceptionsMapping.translateException(SQLExceptionsMapping.java:122) ~[mysql-connector-java-8.0.27.jar:8.0.27]
	at com.mysql.cj.jdbc.ClientPreparedStatement.executeInternal(ClientPreparedStatement.java:953) ~[mysql-connector-java-8.0.27.jar:8.0.27]
	at com.mysql.cj.jdbc.ClientPreparedStatement.executeQuery(ClientPreparedStatement.java:1009) ~[mysql-connector-java-8.0.27.jar:8.0.27]
	at com.zaxxer.hikari.pool.ProxyPreparedStatement.executeQuery(ProxyPreparedStatement.java:52) ~[HikariCP-4.0.3.jar:?]
	at com.zaxxer.hikari.pool.HikariProxyPreparedStatement.executeQuery(HikariProxyPreparedStatement.java) ~[HikariCP-4.0.3.jar:?]
	at org.hibernate.engine.jdbc.internal.ResultSetReturnImpl.extract(ResultSetReturnImpl.java:57) ~[hibernate-core-5.6.3.Final.jar:5.6.3.Final]
	at org.hibernate.loader.plan.exec.internal.AbstractLoadPlanBasedLoader.getResultSet(AbstractLoadPlanBasedLoader.java:390) ~[hibernate-core-5.6.3.Final.jar:5.6.3.Final]
	at org.hibernate.loader.plan.exec.internal.AbstractLoadPlanBasedLoader.executeQueryStatement(AbstractLoadPlanBasedLoader.java:163) ~[hibernate-core-5.6.3.Final.jar:5.6.3.Final]
	at org.hibernate.loader.plan.exec.internal.AbstractLoadPlanBasedLoader.executeLoad(AbstractLoadPlanBasedLoader.java:104) ~[hibernate-core-5.6.3.Final.jar:5.6.3.Final]
	at org.hibernate.loader.entity.plan.AbstractLoadPlanBasedEntityLoader.load(AbstractLoadPlanBasedEntityLoader.java:285) ~[hibernate-core-5.6.3.Final.jar:5.6.3.Final]
	at org.hibernate.persister.entity.AbstractEntityPersister.doLoad(AbstractEntityPersister.java:4521) ~[hibernate-core-5.6.3.Final.jar:5.6.3.Final]
	at org.hibernate.persister.entity.AbstractEntityPersister.load(AbstractEntityPersister.java:4511) ~[hibernate-core-5.6.3.Final.jar:5.6.3.Final]
	at org.hibernate.event.internal.DefaultLoadEventListener.loadFromDatasource(DefaultLoadEventListener.java:571) ~[hibernate-core-5.6.3.Final.jar:5.6.3.Final]
	at org.hibernate.event.internal.DefaultLoadEventListener.doLoad(DefaultLoadEventListener.java:539) ~[hibernate-core-5.6.3.Final.jar:5.6.3.Final]
	at org.hibernate.event.internal.DefaultLoadEventListener.load(DefaultLoadEventListener.java:208) ~[hibernate-core-5.6.3.Final.jar:5.6.3.Final]
	at org.hibernate.event.internal.DefaultLoadEventListener.proxyOrLoad(DefaultLoadEventListener.java:327) ~[hibernate-core-5.6.3.Final.jar:5.6.3.Final]
	at org.hibernate.event.internal.DefaultLoadEventListener.doOnLoad(DefaultLoadEventListener.java:108) ~[hibernate-core-5.6.3.Final.jar:5.6.3.Final]
	at org.hibernate.event.internal.DefaultLoadEventListener.onLoad(DefaultLoadEventListener.java:74) ~[hibernate-core-5.6.3.Final.jar:5.6.3.Final]
	at org.hibernate.event.service.internal.EventListenerGroupImpl.fireEventOnEachListener(EventListenerGroupImpl.java:118) ~[hibernate-core-5.6.3.Final.jar:5.6.3.Final]
	at org.hibernate.internal.SessionImpl.fireLoadNoChecks(SessionImpl.java:1226) ~[hibernate-core-5.6.3.Final.jar:5.6.3.Final]
	at org.hibernate.internal.SessionImpl.fireLoad(SessionImpl.java:1215) ~[hibernate-core-5.6.3.Final.jar:5.6.3.Final]
	at org.hibernate.internal.SessionImpl.access$2100(SessionImpl.java:201) ~[hibernate-core-5.6.3.Final.jar:5.6.3.Final]
	at org.hibernate.internal.SessionImpl$IdentifierLoadAccessImpl.doLoad(SessionImpl.java:2830) ~[hibernate-core-5.6.3.Final.jar:5.6.3.Final]
	at org.hibernate.internal.SessionImpl$IdentifierLoadAccessImpl.lambda$load$1(SessionImpl.java:2807) ~[hibernate-core-5.6.3.Final.jar:5.6.3.Final]
	at org.hibernate.internal.SessionImpl$IdentifierLoadAccessImpl.perform(SessionImpl.java:2763) ~[hibernate-core-5.6.3.Final.jar:5.6.3.Final]
	at org.hibernate.internal.SessionImpl$IdentifierLoadAccessImpl.load(SessionImpl.java:2807) ~[hibernate-core-5.6.3.Final.jar:5.6.3.Final]
	at org.hibernate.internal.SessionImpl.find(SessionImpl.java:3395) ~[hibernate-core-5.6.3.Final.jar:5.6.3.Final]
	at org.hibernate.internal.SessionImpl.find(SessionImpl.java:3357) ~[hibernate-core-5.6.3.Final.jar:5.6.3.Final]
	at jdk.internal.reflect.NativeMethodAccessorImpl.invoke0(Native Method) ~[?:?]
	at jdk.internal.reflect.NativeMethodAccessorImpl.invoke(NativeMethodAccessorImpl.java:62) ~[?:?]
	at jdk.internal.reflect.DelegatingMethodAccessorImpl.invoke(DelegatingMethodAccessorImpl.java:43) ~[?:?]
	at java.lang.reflect.Method.invoke(Method.java:564) ~[?:?]
	at org.springframework.orm.jpa.SharedEntityManagerCreator$SharedEntityManagerInvocationHandler.invoke(SharedEntityManagerCreator.java:311) ~[spring-orm-5.3.14.jar:5.3.14]
	at com.sun.proxy.$Proxy97.find(Unknown Source) ~[?:?]
	at com.infy.repository.CustomerRepositoryImpl.getCustomer(CustomerRepositoryImpl.java:27) ~[classes/:?]
	at com.infy.repository.CustomerRepositoryImpl$$FastClassBySpringCGLIB$$74ed14a3.invoke(<generated>) ~[classes/:?]
	at org.springframework.cglib.proxy.MethodProxy.invoke(MethodProxy.java:218) ~[spring-core-5.3.14.jar:5.3.14]
	at org.springframework.aop.framework.CglibAopProxy$CglibMethodInvocation.invokeJoinpoint(CglibAopProxy.java:783) ~[spring-aop-5.3.14.jar:5.3.14]
	at org.springframework.aop.framework.ReflectiveMethodInvocation.proceed(ReflectiveMethodInvocation.java:163) ~[spring-aop-5.3.14.jar:5.3.14]
	at org.springframework.aop.framework.CglibAopProxy$CglibMethodInvocation.proceed(CglibAopProxy.java:753) ~[spring-aop-5.3.14.jar:5.3.14]
	at org.springframework.dao.support.PersistenceExceptionTranslationInterceptor.invoke(PersistenceExceptionTranslationInterceptor.java:137) ~[spring-tx-5.3.14.jar:5.3.14]
	... 37 more
06-Jul-2022 10:28:00 ERROR - could not extract ResultSet; SQL [n/a]; nested exception is org.hibernate.exception.SQLGrammarException: could not extract ResultSet
org.springframework.dao.InvalidDataAccessResourceUsageException: could not extract ResultSet; SQL [n/a]; nested exception is org.hibernate.exception.SQLGrammarException: could not extract ResultSet
	at org.springframework.orm.jpa.vendor.HibernateJpaDialect.convertHibernateAccessException(HibernateJpaDialect.java:259) ~[spring-orm-5.3.14.jar:5.3.14]
	at org.springframework.orm.jpa.vendor.HibernateJpaDialect.translateExceptionIfPossible(HibernateJpaDialect.java:233) ~[spring-orm-5.3.14.jar:5.3.14]
	at org.springframework.orm.jpa.AbstractEntityManagerFactoryBean.translateExceptionIfPossible(AbstractEntityManagerFactoryBean.java:551) ~[spring-orm-5.3.14.jar:5.3.14]
	at org.springframework.dao.support.ChainedPersistenceExceptionTranslator.translateExceptionIfPossible(ChainedPersistenceExceptionTranslator.java:61) ~[spring-tx-5.3.14.jar:5.3.14]
	at org.springframework.dao.support.DataAccessUtils.translateIfNecessary(DataAccessUtils.java:242) ~[spring-tx-5.3.14.jar:5.3.14]
	at org.springframework.dao.support.PersistenceExceptionTranslationInterceptor.invoke(PersistenceExceptionTranslationInterceptor.java:152) ~[spring-tx-5.3.14.jar:5.3.14]
	at org.springframework.aop.framework.ReflectiveMethodInvocation.proceed(ReflectiveMethodInvocation.java:186) ~[spring-aop-5.3.14.jar:5.3.14]
	at org.springframework.aop.framework.CglibAopProxy$CglibMethodInvocation.proceed(CglibAopProxy.java:753) ~[spring-aop-5.3.14.jar:5.3.14]
	at org.springframework.aop.aspectj.AspectJAfterThrowingAdvice.invoke(AspectJAfterThrowingAdvice.java:64) ~[spring-aop-5.3.14.jar:5.3.14]
	at org.springframework.aop.framework.ReflectiveMethodInvocation.proceed(ReflectiveMethodInvocation.java:186) ~[spring-aop-5.3.14.jar:5.3.14]
	at org.springframework.aop.framework.CglibAopProxy$CglibMethodInvocation.proceed(CglibAopProxy.java:753) ~[spring-aop-5.3.14.jar:5.3.14]
	at org.springframework.aop.interceptor.ExposeInvocationInterceptor.invoke(ExposeInvocationInterceptor.java:97) ~[spring-aop-5.3.14.jar:5.3.14]
	at org.springframework.aop.framework.ReflectiveMethodInvocation.proceed(ReflectiveMethodInvocation.java:186) ~[spring-aop-5.3.14.jar:5.3.14]
	at org.springframework.aop.framework.CglibAopProxy$CglibMethodInvocation.proceed(CglibAopProxy.java:753) ~[spring-aop-5.3.14.jar:5.3.14]
	at org.springframework.aop.framework.CglibAopProxy$DynamicAdvisedInterceptor.intercept(CglibAopProxy.java:698) ~[spring-aop-5.3.14.jar:5.3.14]
	at com.infy.repository.CustomerRepositoryImpl$$EnhancerBySpringCGLIB$$7366e572.getCustomer(<generated>) ~[classes/:?]
	at com.infy.service.CustomerServiceImpl.getCustomer(CustomerServiceImpl.java:20) ~[classes/:?]
	at com.infy.service.CustomerServiceImpl$$FastClassBySpringCGLIB$$5a044175.invoke(<generated>) ~[classes/:?]
	at org.springframework.cglib.proxy.MethodProxy.invoke(MethodProxy.java:218) ~[spring-core-5.3.14.jar:5.3.14]
	at org.springframework.aop.framework.CglibAopProxy$CglibMethodInvocation.invokeJoinpoint(CglibAopProxy.java:783) ~[spring-aop-5.3.14.jar:5.3.14]
	at org.springframework.aop.framework.ReflectiveMethodInvocation.proceed(ReflectiveMethodInvocation.java:163) ~[spring-aop-5.3.14.jar:5.3.14]
	at org.springframework.aop.framework.CglibAopProxy$CglibMethodInvocation.proceed(CglibAopProxy.java:753) ~[spring-aop-5.3.14.jar:5.3.14]
	at org.springframework.aop.aspectj.AspectJAfterThrowingAdvice.invoke(AspectJAfterThrowingAdvice.java:64) [spring-aop-5.3.14.jar:5.3.14]
	at org.springframework.aop.framework.ReflectiveMethodInvocation.proceed(ReflectiveMethodInvocation.java:186) [spring-aop-5.3.14.jar:5.3.14]
	at org.springframework.aop.framework.CglibAopProxy$CglibMethodInvocation.proceed(CglibAopProxy.java:753) [spring-aop-5.3.14.jar:5.3.14]
	at org.springframework.transaction.interceptor.TransactionInterceptor$1.proceedWithInvocation(TransactionInterceptor.java:123) [spring-tx-5.3.14.jar:5.3.14]
	at org.springframework.transaction.interceptor.TransactionAspectSupport.invokeWithinTransaction(TransactionAspectSupport.java:388) [spring-tx-5.3.14.jar:5.3.14]
	at org.springframework.transaction.interceptor.TransactionInterceptor.invoke(TransactionInterceptor.java:119) [spring-tx-5.3.14.jar:5.3.14]
	at org.springframework.aop.framework.ReflectiveMethodInvocation.proceed(ReflectiveMethodInvocation.java:186) [spring-aop-5.3.14.jar:5.3.14]
	at org.springframework.aop.framework.CglibAopProxy$CglibMethodInvocation.proceed(CglibAopProxy.java:753) [spring-aop-5.3.14.jar:5.3.14]
	at org.springframework.aop.interceptor.ExposeInvocationInterceptor.invoke(ExposeInvocationInterceptor.java:97) [spring-aop-5.3.14.jar:5.3.14]
	at org.springframework.aop.framework.ReflectiveMethodInvocation.proceed(ReflectiveMethodInvocation.java:186) [spring-aop-5.3.14.jar:5.3.14]
	at org.springframework.aop.framework.CglibAopProxy$CglibMethodInvocation.proceed(CglibAopProxy.java:753) [spring-aop-5.3.14.jar:5.3.14]
	at org.springframework.aop.framework.CglibAopProxy$DynamicAdvisedInterceptor.intercept(CglibAopProxy.java:698) [spring-aop-5.3.14.jar:5.3.14]
	at com.infy.service.CustomerServiceImpl$$EnhancerBySpringCGLIB$$220e0ead.getCustomer(<generated>) [classes/:?]
	at com.infy.DemoSpringDeleteReadApplication.getCustomer(DemoSpringDeleteReadApplication.java:46) [classes/:?]
	at com.infy.DemoSpringDeleteReadApplication.run(DemoSpringDeleteReadApplication.java:37) [classes/:?]
	at org.springframework.boot.SpringApplication.callRunner(SpringApplication.java:767) [spring-boot-2.6.2.jar:2.6.2]
	at org.springframework.boot.SpringApplication.callRunners(SpringApplication.java:751) [spring-boot-2.6.2.jar:2.6.2]
	at org.springframework.boot.SpringApplication.run(SpringApplication.java:309) [spring-boot-2.6.2.jar:2.6.2]
	at org.springframework.boot.SpringApplication.run(SpringApplication.java:1301) [spring-boot-2.6.2.jar:2.6.2]
	at org.springframework.boot.SpringApplication.run(SpringApplication.java:1290) [spring-boot-2.6.2.jar:2.6.2]
	at com.infy.DemoSpringDeleteReadApplication.main(DemoSpringDeleteReadApplication.java:30) [classes/:?]
Caused by: org.hibernate.exception.SQLGrammarException: could not extract ResultSet
	at org.hibernate.exception.internal.SQLExceptionTypeDelegate.convert(SQLExceptionTypeDelegate.java:63) ~[hibernate-core-5.6.3.Final.jar:5.6.3.Final]
	at org.hibernate.exception.internal.StandardSQLExceptionConverter.convert(StandardSQLExceptionConverter.java:37) ~[hibernate-core-5.6.3.Final.jar:5.6.3.Final]
	at org.hibernate.engine.jdbc.spi.SqlExceptionHelper.convert(SqlExceptionHelper.java:113) ~[hibernate-core-5.6.3.Final.jar:5.6.3.Final]
	at org.hibernate.engine.jdbc.spi.SqlExceptionHelper.convert(SqlExceptionHelper.java:99) ~[hibernate-core-5.6.3.Final.jar:5.6.3.Final]
	at org.hibernate.engine.jdbc.internal.ResultSetReturnImpl.extract(ResultSetReturnImpl.java:67) ~[hibernate-core-5.6.3.Final.jar:5.6.3.Final]
	at org.hibernate.loader.plan.exec.internal.AbstractLoadPlanBasedLoader.getResultSet(AbstractLoadPlanBasedLoader.java:390) ~[hibernate-core-5.6.3.Final.jar:5.6.3.Final]
	at org.hibernate.loader.plan.exec.internal.AbstractLoadPlanBasedLoader.executeQueryStatement(AbstractLoadPlanBasedLoader.java:163) ~[hibernate-core-5.6.3.Final.jar:5.6.3.Final]
	at org.hibernate.loader.plan.exec.internal.AbstractLoadPlanBasedLoader.executeLoad(AbstractLoadPlanBasedLoader.java:104) ~[hibernate-core-5.6.3.Final.jar:5.6.3.Final]
	at org.hibernate.loader.entity.plan.AbstractLoadPlanBasedEntityLoader.load(AbstractLoadPlanBasedEntityLoader.java:285) ~[hibernate-core-5.6.3.Final.jar:5.6.3.Final]
	at org.hibernate.persister.entity.AbstractEntityPersister.doLoad(AbstractEntityPersister.java:4521) ~[hibernate-core-5.6.3.Final.jar:5.6.3.Final]
	at org.hibernate.persister.entity.AbstractEntityPersister.load(AbstractEntityPersister.java:4511) ~[hibernate-core-5.6.3.Final.jar:5.6.3.Final]
	at org.hibernate.event.internal.DefaultLoadEventListener.loadFromDatasource(DefaultLoadEventListener.java:571) ~[hibernate-core-5.6.3.Final.jar:5.6.3.Final]
	at org.hibernate.event.internal.DefaultLoadEventListener.doLoad(DefaultLoadEventListener.java:539) ~[hibernate-core-5.6.3.Final.jar:5.6.3.Final]
	at org.hibernate.event.internal.DefaultLoadEventListener.load(DefaultLoadEventListener.java:208) ~[hibernate-core-5.6.3.Final.jar:5.6.3.Final]
	at org.hibernate.event.internal.DefaultLoadEventListener.proxyOrLoad(DefaultLoadEventListener.java:327) ~[hibernate-core-5.6.3.Final.jar:5.6.3.Final]
	at org.hibernate.event.internal.DefaultLoadEventListener.doOnLoad(DefaultLoadEventListener.java:108) ~[hibernate-core-5.6.3.Final.jar:5.6.3.Final]
	at org.hibernate.event.internal.DefaultLoadEventListener.onLoad(DefaultLoadEventListener.java:74) ~[hibernate-core-5.6.3.Final.jar:5.6.3.Final]
	at org.hibernate.event.service.internal.EventListenerGroupImpl.fireEventOnEachListener(EventListenerGroupImpl.java:118) ~[hibernate-core-5.6.3.Final.jar:5.6.3.Final]
	at org.hibernate.internal.SessionImpl.fireLoadNoChecks(SessionImpl.java:1226) ~[hibernate-core-5.6.3.Final.jar:5.6.3.Final]
	at org.hibernate.internal.SessionImpl.fireLoad(SessionImpl.java:1215) ~[hibernate-core-5.6.3.Final.jar:5.6.3.Final]
	at org.hibernate.internal.SessionImpl.access$2100(SessionImpl.java:201) ~[hibernate-core-5.6.3.Final.jar:5.6.3.Final]
	at org.hibernate.internal.SessionImpl$IdentifierLoadAccessImpl.doLoad(SessionImpl.java:2830) ~[hibernate-core-5.6.3.Final.jar:5.6.3.Final]
	at org.hibernate.internal.SessionImpl$IdentifierLoadAccessImpl.lambda$load$1(SessionImpl.java:2807) ~[hibernate-core-5.6.3.Final.jar:5.6.3.Final]
	at org.hibernate.internal.SessionImpl$IdentifierLoadAccessImpl.perform(SessionImpl.java:2763) ~[hibernate-core-5.6.3.Final.jar:5.6.3.Final]
	at org.hibernate.internal.SessionImpl$IdentifierLoadAccessImpl.load(SessionImpl.java:2807) ~[hibernate-core-5.6.3.Final.jar:5.6.3.Final]
	at org.hibernate.internal.SessionImpl.find(SessionImpl.java:3395) ~[hibernate-core-5.6.3.Final.jar:5.6.3.Final]
	at org.hibernate.internal.SessionImpl.find(SessionImpl.java:3357) ~[hibernate-core-5.6.3.Final.jar:5.6.3.Final]
	at jdk.internal.reflect.NativeMethodAccessorImpl.invoke0(Native Method) ~[?:?]
	at jdk.internal.reflect.NativeMethodAccessorImpl.invoke(NativeMethodAccessorImpl.java:62) ~[?:?]
	at jdk.internal.reflect.DelegatingMethodAccessorImpl.invoke(DelegatingMethodAccessorImpl.java:43) ~[?:?]
	at java.lang.reflect.Method.invoke(Method.java:564) ~[?:?]
	at org.springframework.orm.jpa.SharedEntityManagerCreator$SharedEntityManagerInvocationHandler.invoke(SharedEntityManagerCreator.java:311) ~[spring-orm-5.3.14.jar:5.3.14]
	at com.sun.proxy.$Proxy97.find(Unknown Source) ~[?:?]
	at com.infy.repository.CustomerRepositoryImpl.getCustomer(CustomerRepositoryImpl.java:27) ~[classes/:?]
	at com.infy.repository.CustomerRepositoryImpl$$FastClassBySpringCGLIB$$74ed14a3.invoke(<generated>) ~[classes/:?]
	at org.springframework.cglib.proxy.MethodProxy.invoke(MethodProxy.java:218) ~[spring-core-5.3.14.jar:5.3.14]
	at org.springframework.aop.framework.CglibAopProxy$CglibMethodInvocation.invokeJoinpoint(CglibAopProxy.java:783) ~[spring-aop-5.3.14.jar:5.3.14]
	at org.springframework.aop.framework.ReflectiveMethodInvocation.proceed(ReflectiveMethodInvocation.java:163) ~[spring-aop-5.3.14.jar:5.3.14]
	at org.springframework.aop.framework.CglibAopProxy$CglibMethodInvocation.proceed(CglibAopProxy.java:753) ~[spring-aop-5.3.14.jar:5.3.14]
	at org.springframework.dao.support.PersistenceExceptionTranslationInterceptor.invoke(PersistenceExceptionTranslationInterceptor.java:137) ~[spring-tx-5.3.14.jar:5.3.14]
	... 37 more
Caused by: java.sql.SQLSyntaxErrorException: Table 'infy22.customerinfy22' doesn't exist
	at com.mysql.cj.jdbc.exceptions.SQLError.createSQLException(SQLError.java:120) ~[mysql-connector-java-8.0.27.jar:8.0.27]
	at com.mysql.cj.jdbc.exceptions.SQLExceptionsMapping.translateException(SQLExceptionsMapping.java:122) ~[mysql-connector-java-8.0.27.jar:8.0.27]
	at com.mysql.cj.jdbc.ClientPreparedStatement.executeInternal(ClientPreparedStatement.java:953) ~[mysql-connector-java-8.0.27.jar:8.0.27]
	at com.mysql.cj.jdbc.ClientPreparedStatement.executeQuery(ClientPreparedStatement.java:1009) ~[mysql-connector-java-8.0.27.jar:8.0.27]
	at com.zaxxer.hikari.pool.ProxyPreparedStatement.executeQuery(ProxyPreparedStatement.java:52) ~[HikariCP-4.0.3.jar:?]
	at com.zaxxer.hikari.pool.HikariProxyPreparedStatement.executeQuery(HikariProxyPreparedStatement.java) ~[HikariCP-4.0.3.jar:?]
	at org.hibernate.engine.jdbc.internal.ResultSetReturnImpl.extract(ResultSetReturnImpl.java:57) ~[hibernate-core-5.6.3.Final.jar:5.6.3.Final]
	at org.hibernate.loader.plan.exec.internal.AbstractLoadPlanBasedLoader.getResultSet(AbstractLoadPlanBasedLoader.java:390) ~[hibernate-core-5.6.3.Final.jar:5.6.3.Final]
	at org.hibernate.loader.plan.exec.internal.AbstractLoadPlanBasedLoader.executeQueryStatement(AbstractLoadPlanBasedLoader.java:163) ~[hibernate-core-5.6.3.Final.jar:5.6.3.Final]
	at org.hibernate.loader.plan.exec.internal.AbstractLoadPlanBasedLoader.executeLoad(AbstractLoadPlanBasedLoader.java:104) ~[hibernate-core-5.6.3.Final.jar:5.6.3.Final]
	at org.hibernate.loader.entity.plan.AbstractLoadPlanBasedEntityLoader.load(AbstractLoadPlanBasedEntityLoader.java:285) ~[hibernate-core-5.6.3.Final.jar:5.6.3.Final]
	at org.hibernate.persister.entity.AbstractEntityPersister.doLoad(AbstractEntityPersister.java:4521) ~[hibernate-core-5.6.3.Final.jar:5.6.3.Final]
	at org.hibernate.persister.entity.AbstractEntityPersister.load(AbstractEntityPersister.java:4511) ~[hibernate-core-5.6.3.Final.jar:5.6.3.Final]
	at org.hibernate.event.internal.DefaultLoadEventListener.loadFromDatasource(DefaultLoadEventListener.java:571) ~[hibernate-core-5.6.3.Final.jar:5.6.3.Final]
	at org.hibernate.event.internal.DefaultLoadEventListener.doLoad(DefaultLoadEventListener.java:539) ~[hibernate-core-5.6.3.Final.jar:5.6.3.Final]
	at org.hibernate.event.internal.DefaultLoadEventListener.load(DefaultLoadEventListener.java:208) ~[hibernate-core-5.6.3.Final.jar:5.6.3.Final]
	at org.hibernate.event.internal.DefaultLoadEventListener.proxyOrLoad(DefaultLoadEventListener.java:327) ~[hibernate-core-5.6.3.Final.jar:5.6.3.Final]
	at org.hibernate.event.internal.DefaultLoadEventListener.doOnLoad(DefaultLoadEventListener.java:108) ~[hibernate-core-5.6.3.Final.jar:5.6.3.Final]
	at org.hibernate.event.internal.DefaultLoadEventListener.onLoad(DefaultLoadEventListener.java:74) ~[hibernate-core-5.6.3.Final.jar:5.6.3.Final]
	at org.hibernate.event.service.internal.EventListenerGroupImpl.fireEventOnEachListener(EventListenerGroupImpl.java:118) ~[hibernate-core-5.6.3.Final.jar:5.6.3.Final]
	at org.hibernate.internal.SessionImpl.fireLoadNoChecks(SessionImpl.java:1226) ~[hibernate-core-5.6.3.Final.jar:5.6.3.Final]
	at org.hibernate.internal.SessionImpl.fireLoad(SessionImpl.java:1215) ~[hibernate-core-5.6.3.Final.jar:5.6.3.Final]
	at org.hibernate.internal.SessionImpl.access$2100(SessionImpl.java:201) ~[hibernate-core-5.6.3.Final.jar:5.6.3.Final]
	at org.hibernate.internal.SessionImpl$IdentifierLoadAccessImpl.doLoad(SessionImpl.java:2830) ~[hibernate-core-5.6.3.Final.jar:5.6.3.Final]
	at org.hibernate.internal.SessionImpl$IdentifierLoadAccessImpl.lambda$load$1(SessionImpl.java:2807) ~[hibernate-core-5.6.3.Final.jar:5.6.3.Final]
	at org.hibernate.internal.SessionImpl$IdentifierLoadAccessImpl.perform(SessionImpl.java:2763) ~[hibernate-core-5.6.3.Final.jar:5.6.3.Final]
	at org.hibernate.internal.SessionImpl$IdentifierLoadAccessImpl.load(SessionImpl.java:2807) ~[hibernate-core-5.6.3.Final.jar:5.6.3.Final]
	at org.hibernate.internal.SessionImpl.find(SessionImpl.java:3395) ~[hibernate-core-5.6.3.Final.jar:5.6.3.Final]
	at org.hibernate.internal.SessionImpl.find(SessionImpl.java:3357) ~[hibernate-core-5.6.3.Final.jar:5.6.3.Final]
	at jdk.internal.reflect.NativeMethodAccessorImpl.invoke0(Native Method) ~[?:?]
	at jdk.internal.reflect.NativeMethodAccessorImpl.invoke(NativeMethodAccessorImpl.java:62) ~[?:?]
	at jdk.internal.reflect.DelegatingMethodAccessorImpl.invoke(DelegatingMethodAccessorImpl.java:43) ~[?:?]
	at java.lang.reflect.Method.invoke(Method.java:564) ~[?:?]
	at org.springframework.orm.jpa.SharedEntityManagerCreator$SharedEntityManagerInvocationHandler.invoke(SharedEntityManagerCreator.java:311) ~[spring-orm-5.3.14.jar:5.3.14]
	at com.sun.proxy.$Proxy97.find(Unknown Source) ~[?:?]
	at com.infy.repository.CustomerRepositoryImpl.getCustomer(CustomerRepositoryImpl.java:27) ~[classes/:?]
	at com.infy.repository.CustomerRepositoryImpl$$FastClassBySpringCGLIB$$74ed14a3.invoke(<generated>) ~[classes/:?]
	at org.springframework.cglib.proxy.MethodProxy.invoke(MethodProxy.java:218) ~[spring-core-5.3.14.jar:5.3.14]
	at org.springframework.aop.framework.CglibAopProxy$CglibMethodInvocation.invokeJoinpoint(CglibAopProxy.java:783) ~[spring-aop-5.3.14.jar:5.3.14]
	at org.springframework.aop.framework.ReflectiveMethodInvocation.proceed(ReflectiveMethodInvocation.java:163) ~[spring-aop-5.3.14.jar:5.3.14]
	at org.springframework.aop.framework.CglibAopProxy$CglibMethodInvocation.proceed(CglibAopProxy.java:753) ~[spring-aop-5.3.14.jar:5.3.14]
	at org.springframework.dao.support.PersistenceExceptionTranslationInterceptor.invoke(PersistenceExceptionTranslationInterceptor.java:137) ~[spring-tx-5.3.14.jar:5.3.14]
	... 37 more
06-Jul-2022 10:28:10 ERROR - could not extract ResultSet; SQL [n/a]; nested exception is org.hibernate.exception.SQLGrammarException: could not extract ResultSet
org.springframework.dao.InvalidDataAccessResourceUsageException: could not extract ResultSet; SQL [n/a]; nested exception is org.hibernate.exception.SQLGrammarException: could not extract ResultSet
	at org.springframework.orm.jpa.vendor.HibernateJpaDialect.convertHibernateAccessException(HibernateJpaDialect.java:259) ~[spring-orm-5.3.14.jar:5.3.14]
	at org.springframework.orm.jpa.vendor.HibernateJpaDialect.translateExceptionIfPossible(HibernateJpaDialect.java:233) ~[spring-orm-5.3.14.jar:5.3.14]
	at org.springframework.orm.jpa.AbstractEntityManagerFactoryBean.translateExceptionIfPossible(AbstractEntityManagerFactoryBean.java:551) ~[spring-orm-5.3.14.jar:5.3.14]
	at org.springframework.dao.support.ChainedPersistenceExceptionTranslator.translateExceptionIfPossible(ChainedPersistenceExceptionTranslator.java:61) ~[spring-tx-5.3.14.jar:5.3.14]
	at org.springframework.dao.support.DataAccessUtils.translateIfNecessary(DataAccessUtils.java:242) ~[spring-tx-5.3.14.jar:5.3.14]
	at org.springframework.dao.support.PersistenceExceptionTranslationInterceptor.invoke(PersistenceExceptionTranslationInterceptor.java:152) ~[spring-tx-5.3.14.jar:5.3.14]
	at org.springframework.aop.framework.ReflectiveMethodInvocation.proceed(ReflectiveMethodInvocation.java:186) ~[spring-aop-5.3.14.jar:5.3.14]
	at org.springframework.aop.framework.CglibAopProxy$CglibMethodInvocation.proceed(CglibAopProxy.java:753) ~[spring-aop-5.3.14.jar:5.3.14]
	at org.springframework.aop.aspectj.AspectJAfterThrowingAdvice.invoke(AspectJAfterThrowingAdvice.java:64) [spring-aop-5.3.14.jar:5.3.14]
	at org.springframework.aop.framework.ReflectiveMethodInvocation.proceed(ReflectiveMethodInvocation.java:186) [spring-aop-5.3.14.jar:5.3.14]
	at org.springframework.aop.framework.CglibAopProxy$CglibMethodInvocation.proceed(CglibAopProxy.java:753) [spring-aop-5.3.14.jar:5.3.14]
	at org.springframework.aop.interceptor.ExposeInvocationInterceptor.invoke(ExposeInvocationInterceptor.java:97) [spring-aop-5.3.14.jar:5.3.14]
	at org.springframework.aop.framework.ReflectiveMethodInvocation.proceed(ReflectiveMethodInvocation.java:186) [spring-aop-5.3.14.jar:5.3.14]
	at org.springframework.aop.framework.CglibAopProxy$CglibMethodInvocation.proceed(CglibAopProxy.java:753) [spring-aop-5.3.14.jar:5.3.14]
	at org.springframework.aop.framework.CglibAopProxy$DynamicAdvisedInterceptor.intercept(CglibAopProxy.java:698) [spring-aop-5.3.14.jar:5.3.14]
	at com.infy.repository.CustomerRepositoryImpl$$EnhancerBySpringCGLIB$$81b1a51e.getCustomer(<generated>) [classes/:?]
	at com.infy.service.CustomerServiceImpl.getCustomer(CustomerServiceImpl.java:20) [classes/:?]
	at com.infy.service.CustomerServiceImpl$$FastClassBySpringCGLIB$$5a044175.invoke(<generated>) [classes/:?]
	at org.springframework.cglib.proxy.MethodProxy.invoke(MethodProxy.java:218) [spring-core-5.3.14.jar:5.3.14]
	at org.springframework.aop.framework.CglibAopProxy$CglibMethodInvocation.invokeJoinpoint(CglibAopProxy.java:783) [spring-aop-5.3.14.jar:5.3.14]
	at org.springframework.aop.framework.ReflectiveMethodInvocation.proceed(ReflectiveMethodInvocation.java:163) [spring-aop-5.3.14.jar:5.3.14]
	at org.springframework.aop.framework.CglibAopProxy$CglibMethodInvocation.proceed(CglibAopProxy.java:753) [spring-aop-5.3.14.jar:5.3.14]
	at org.springframework.aop.aspectj.AspectJAfterThrowingAdvice.invoke(AspectJAfterThrowingAdvice.java:64) [spring-aop-5.3.14.jar:5.3.14]
	at org.springframework.aop.framework.ReflectiveMethodInvocation.proceed(ReflectiveMethodInvocation.java:186) [spring-aop-5.3.14.jar:5.3.14]
	at org.springframework.aop.framework.CglibAopProxy$CglibMethodInvocation.proceed(CglibAopProxy.java:753) [spring-aop-5.3.14.jar:5.3.14]
	at org.springframework.transaction.interceptor.TransactionInterceptor$1.proceedWithInvocation(TransactionInterceptor.java:123) [spring-tx-5.3.14.jar:5.3.14]
	at org.springframework.transaction.interceptor.TransactionAspectSupport.invokeWithinTransaction(TransactionAspectSupport.java:388) [spring-tx-5.3.14.jar:5.3.14]
	at org.springframework.transaction.interceptor.TransactionInterceptor.invoke(TransactionInterceptor.java:119) [spring-tx-5.3.14.jar:5.3.14]
	at org.springframework.aop.framework.ReflectiveMethodInvocation.proceed(ReflectiveMethodInvocation.java:186) [spring-aop-5.3.14.jar:5.3.14]
	at org.springframework.aop.framework.CglibAopProxy$CglibMethodInvocation.proceed(CglibAopProxy.java:753) [spring-aop-5.3.14.jar:5.3.14]
	at org.springframework.aop.interceptor.ExposeInvocationInterceptor.invoke(ExposeInvocationInterceptor.java:97) [spring-aop-5.3.14.jar:5.3.14]
	at org.springframework.aop.framework.ReflectiveMethodInvocation.proceed(ReflectiveMethodInvocation.java:186) [spring-aop-5.3.14.jar:5.3.14]
	at org.springframework.aop.framework.CglibAopProxy$CglibMethodInvocation.proceed(CglibAopProxy.java:753) [spring-aop-5.3.14.jar:5.3.14]
	at org.springframework.aop.framework.CglibAopProxy$DynamicAdvisedInterceptor.intercept(CglibAopProxy.java:698) [spring-aop-5.3.14.jar:5.3.14]
	at com.infy.service.CustomerServiceImpl$$EnhancerBySpringCGLIB$$2c635fd4.getCustomer(<generated>) [classes/:?]
	at com.infy.DemoSpringDeleteReadApplication.getCustomer(DemoSpringDeleteReadApplication.java:46) [classes/:?]
	at com.infy.DemoSpringDeleteReadApplication.run(DemoSpringDeleteReadApplication.java:37) [classes/:?]
	at org.springframework.boot.SpringApplication.callRunner(SpringApplication.java:767) [spring-boot-2.6.2.jar:2.6.2]
	at org.springframework.boot.SpringApplication.callRunners(SpringApplication.java:751) [spring-boot-2.6.2.jar:2.6.2]
	at org.springframework.boot.SpringApplication.run(SpringApplication.java:309) [spring-boot-2.6.2.jar:2.6.2]
	at org.springframework.boot.SpringApplication.run(SpringApplication.java:1301) [spring-boot-2.6.2.jar:2.6.2]
	at org.springframework.boot.SpringApplication.run(SpringApplication.java:1290) [spring-boot-2.6.2.jar:2.6.2]
	at com.infy.DemoSpringDeleteReadApplication.main(DemoSpringDeleteReadApplication.java:30) [classes/:?]
Caused by: org.hibernate.exception.SQLGrammarException: could not extract ResultSet
	at org.hibernate.exception.internal.SQLExceptionTypeDelegate.convert(SQLExceptionTypeDelegate.java:63) ~[hibernate-core-5.6.3.Final.jar:5.6.3.Final]
	at org.hibernate.exception.internal.StandardSQLExceptionConverter.convert(StandardSQLExceptionConverter.java:37) ~[hibernate-core-5.6.3.Final.jar:5.6.3.Final]
	at org.hibernate.engine.jdbc.spi.SqlExceptionHelper.convert(SqlExceptionHelper.java:113) ~[hibernate-core-5.6.3.Final.jar:5.6.3.Final]
	at org.hibernate.engine.jdbc.spi.SqlExceptionHelper.convert(SqlExceptionHelper.java:99) ~[hibernate-core-5.6.3.Final.jar:5.6.3.Final]
	at org.hibernate.engine.jdbc.internal.ResultSetReturnImpl.extract(ResultSetReturnImpl.java:67) ~[hibernate-core-5.6.3.Final.jar:5.6.3.Final]
	at org.hibernate.loader.plan.exec.internal.AbstractLoadPlanBasedLoader.getResultSet(AbstractLoadPlanBasedLoader.java:390) ~[hibernate-core-5.6.3.Final.jar:5.6.3.Final]
	at org.hibernate.loader.plan.exec.internal.AbstractLoadPlanBasedLoader.executeQueryStatement(AbstractLoadPlanBasedLoader.java:163) ~[hibernate-core-5.6.3.Final.jar:5.6.3.Final]
	at org.hibernate.loader.plan.exec.internal.AbstractLoadPlanBasedLoader.executeLoad(AbstractLoadPlanBasedLoader.java:104) ~[hibernate-core-5.6.3.Final.jar:5.6.3.Final]
	at org.hibernate.loader.entity.plan.AbstractLoadPlanBasedEntityLoader.load(AbstractLoadPlanBasedEntityLoader.java:285) ~[hibernate-core-5.6.3.Final.jar:5.6.3.Final]
	at org.hibernate.persister.entity.AbstractEntityPersister.doLoad(AbstractEntityPersister.java:4521) ~[hibernate-core-5.6.3.Final.jar:5.6.3.Final]
	at org.hibernate.persister.entity.AbstractEntityPersister.load(AbstractEntityPersister.java:4511) ~[hibernate-core-5.6.3.Final.jar:5.6.3.Final]
	at org.hibernate.event.internal.DefaultLoadEventListener.loadFromDatasource(DefaultLoadEventListener.java:571) ~[hibernate-core-5.6.3.Final.jar:5.6.3.Final]
	at org.hibernate.event.internal.DefaultLoadEventListener.doLoad(DefaultLoadEventListener.java:539) ~[hibernate-core-5.6.3.Final.jar:5.6.3.Final]
	at org.hibernate.event.internal.DefaultLoadEventListener.load(DefaultLoadEventListener.java:208) ~[hibernate-core-5.6.3.Final.jar:5.6.3.Final]
	at org.hibernate.event.internal.DefaultLoadEventListener.proxyOrLoad(DefaultLoadEventListener.java:327) ~[hibernate-core-5.6.3.Final.jar:5.6.3.Final]
	at org.hibernate.event.internal.DefaultLoadEventListener.doOnLoad(DefaultLoadEventListener.java:108) ~[hibernate-core-5.6.3.Final.jar:5.6.3.Final]
	at org.hibernate.event.internal.DefaultLoadEventListener.onLoad(DefaultLoadEventListener.java:74) ~[hibernate-core-5.6.3.Final.jar:5.6.3.Final]
	at org.hibernate.event.service.internal.EventListenerGroupImpl.fireEventOnEachListener(EventListenerGroupImpl.java:118) ~[hibernate-core-5.6.3.Final.jar:5.6.3.Final]
	at org.hibernate.internal.SessionImpl.fireLoadNoChecks(SessionImpl.java:1226) ~[hibernate-core-5.6.3.Final.jar:5.6.3.Final]
	at org.hibernate.internal.SessionImpl.fireLoad(SessionImpl.java:1215) ~[hibernate-core-5.6.3.Final.jar:5.6.3.Final]
	at org.hibernate.internal.SessionImpl.access$2100(SessionImpl.java:201) ~[hibernate-core-5.6.3.Final.jar:5.6.3.Final]
	at org.hibernate.internal.SessionImpl$IdentifierLoadAccessImpl.doLoad(SessionImpl.java:2830) ~[hibernate-core-5.6.3.Final.jar:5.6.3.Final]
	at org.hibernate.internal.SessionImpl$IdentifierLoadAccessImpl.lambda$load$1(SessionImpl.java:2807) ~[hibernate-core-5.6.3.Final.jar:5.6.3.Final]
	at org.hibernate.internal.SessionImpl$IdentifierLoadAccessImpl.perform(SessionImpl.java:2763) ~[hibernate-core-5.6.3.Final.jar:5.6.3.Final]
	at org.hibernate.internal.SessionImpl$IdentifierLoadAccessImpl.load(SessionImpl.java:2807) ~[hibernate-core-5.6.3.Final.jar:5.6.3.Final]
	at org.hibernate.internal.SessionImpl.find(SessionImpl.java:3395) ~[hibernate-core-5.6.3.Final.jar:5.6.3.Final]
	at org.hibernate.internal.SessionImpl.find(SessionImpl.java:3357) ~[hibernate-core-5.6.3.Final.jar:5.6.3.Final]
	at jdk.internal.reflect.NativeMethodAccessorImpl.invoke0(Native Method) ~[?:?]
	at jdk.internal.reflect.NativeMethodAccessorImpl.invoke(NativeMethodAccessorImpl.java:62) ~[?:?]
	at jdk.internal.reflect.DelegatingMethodAccessorImpl.invoke(DelegatingMethodAccessorImpl.java:43) ~[?:?]
	at java.lang.reflect.Method.invoke(Method.java:564) ~[?:?]
	at org.springframework.orm.jpa.SharedEntityManagerCreator$SharedEntityManagerInvocationHandler.invoke(SharedEntityManagerCreator.java:311) ~[spring-orm-5.3.14.jar:5.3.14]
	at com.sun.proxy.$Proxy97.find(Unknown Source) ~[?:?]
	at com.infy.repository.CustomerRepositoryImpl.getCustomer(CustomerRepositoryImpl.java:27) ~[classes/:?]
	at com.infy.repository.CustomerRepositoryImpl$$FastClassBySpringCGLIB$$74ed14a3.invoke(<generated>) ~[classes/:?]
	at org.springframework.cglib.proxy.MethodProxy.invoke(MethodProxy.java:218) ~[spring-core-5.3.14.jar:5.3.14]
	at org.springframework.aop.framework.CglibAopProxy$CglibMethodInvocation.invokeJoinpoint(CglibAopProxy.java:783) ~[spring-aop-5.3.14.jar:5.3.14]
	at org.springframework.aop.framework.ReflectiveMethodInvocation.proceed(ReflectiveMethodInvocation.java:163) ~[spring-aop-5.3.14.jar:5.3.14]
	at org.springframework.aop.framework.CglibAopProxy$CglibMethodInvocation.proceed(CglibAopProxy.java:753) ~[spring-aop-5.3.14.jar:5.3.14]
	at org.springframework.dao.support.PersistenceExceptionTranslationInterceptor.invoke(PersistenceExceptionTranslationInterceptor.java:137) ~[spring-tx-5.3.14.jar:5.3.14]
	... 37 more
Caused by: java.sql.SQLSyntaxErrorException: Table 'infy22.customerinfy22' doesn't exist
	at com.mysql.cj.jdbc.exceptions.SQLError.createSQLException(SQLError.java:120) ~[mysql-connector-java-8.0.27.jar:8.0.27]
	at com.mysql.cj.jdbc.exceptions.SQLExceptionsMapping.translateException(SQLExceptionsMapping.java:122) ~[mysql-connector-java-8.0.27.jar:8.0.27]
	at com.mysql.cj.jdbc.ClientPreparedStatement.executeInternal(ClientPreparedStatement.java:953) ~[mysql-connector-java-8.0.27.jar:8.0.27]
	at com.mysql.cj.jdbc.ClientPreparedStatement.executeQuery(ClientPreparedStatement.java:1009) ~[mysql-connector-java-8.0.27.jar:8.0.27]
	at com.zaxxer.hikari.pool.ProxyPreparedStatement.executeQuery(ProxyPreparedStatement.java:52) ~[HikariCP-4.0.3.jar:?]
	at com.zaxxer.hikari.pool.HikariProxyPreparedStatement.executeQuery(HikariProxyPreparedStatement.java) ~[HikariCP-4.0.3.jar:?]
	at org.hibernate.engine.jdbc.internal.ResultSetReturnImpl.extract(ResultSetReturnImpl.java:57) ~[hibernate-core-5.6.3.Final.jar:5.6.3.Final]
	at org.hibernate.loader.plan.exec.internal.AbstractLoadPlanBasedLoader.getResultSet(AbstractLoadPlanBasedLoader.java:390) ~[hibernate-core-5.6.3.Final.jar:5.6.3.Final]
	at org.hibernate.loader.plan.exec.internal.AbstractLoadPlanBasedLoader.executeQueryStatement(AbstractLoadPlanBasedLoader.java:163) ~[hibernate-core-5.6.3.Final.jar:5.6.3.Final]
	at org.hibernate.loader.plan.exec.internal.AbstractLoadPlanBasedLoader.executeLoad(AbstractLoadPlanBasedLoader.java:104) ~[hibernate-core-5.6.3.Final.jar:5.6.3.Final]
	at org.hibernate.loader.entity.plan.AbstractLoadPlanBasedEntityLoader.load(AbstractLoadPlanBasedEntityLoader.java:285) ~[hibernate-core-5.6.3.Final.jar:5.6.3.Final]
	at org.hibernate.persister.entity.AbstractEntityPersister.doLoad(AbstractEntityPersister.java:4521) ~[hibernate-core-5.6.3.Final.jar:5.6.3.Final]
	at org.hibernate.persister.entity.AbstractEntityPersister.load(AbstractEntityPersister.java:4511) ~[hibernate-core-5.6.3.Final.jar:5.6.3.Final]
	at org.hibernate.event.internal.DefaultLoadEventListener.loadFromDatasource(DefaultLoadEventListener.java:571) ~[hibernate-core-5.6.3.Final.jar:5.6.3.Final]
	at org.hibernate.event.internal.DefaultLoadEventListener.doLoad(DefaultLoadEventListener.java:539) ~[hibernate-core-5.6.3.Final.jar:5.6.3.Final]
	at org.hibernate.event.internal.DefaultLoadEventListener.load(DefaultLoadEventListener.java:208) ~[hibernate-core-5.6.3.Final.jar:5.6.3.Final]
	at org.hibernate.event.internal.DefaultLoadEventListener.proxyOrLoad(DefaultLoadEventListener.java:327) ~[hibernate-core-5.6.3.Final.jar:5.6.3.Final]
	at org.hibernate.event.internal.DefaultLoadEventListener.doOnLoad(DefaultLoadEventListener.java:108) ~[hibernate-core-5.6.3.Final.jar:5.6.3.Final]
	at org.hibernate.event.internal.DefaultLoadEventListener.onLoad(DefaultLoadEventListener.java:74) ~[hibernate-core-5.6.3.Final.jar:5.6.3.Final]
	at org.hibernate.event.service.internal.EventListenerGroupImpl.fireEventOnEachListener(EventListenerGroupImpl.java:118) ~[hibernate-core-5.6.3.Final.jar:5.6.3.Final]
	at org.hibernate.internal.SessionImpl.fireLoadNoChecks(SessionImpl.java:1226) ~[hibernate-core-5.6.3.Final.jar:5.6.3.Final]
	at org.hibernate.internal.SessionImpl.fireLoad(SessionImpl.java:1215) ~[hibernate-core-5.6.3.Final.jar:5.6.3.Final]
	at org.hibernate.internal.SessionImpl.access$2100(SessionImpl.java:201) ~[hibernate-core-5.6.3.Final.jar:5.6.3.Final]
	at org.hibernate.internal.SessionImpl$IdentifierLoadAccessImpl.doLoad(SessionImpl.java:2830) ~[hibernate-core-5.6.3.Final.jar:5.6.3.Final]
	at org.hibernate.internal.SessionImpl$IdentifierLoadAccessImpl.lambda$load$1(SessionImpl.java:2807) ~[hibernate-core-5.6.3.Final.jar:5.6.3.Final]
	at org.hibernate.internal.SessionImpl$IdentifierLoadAccessImpl.perform(SessionImpl.java:2763) ~[hibernate-core-5.6.3.Final.jar:5.6.3.Final]
	at org.hibernate.internal.SessionImpl$IdentifierLoadAccessImpl.load(SessionImpl.java:2807) ~[hibernate-core-5.6.3.Final.jar:5.6.3.Final]
	at org.hibernate.internal.SessionImpl.find(SessionImpl.java:3395) ~[hibernate-core-5.6.3.Final.jar:5.6.3.Final]
	at org.hibernate.internal.SessionImpl.find(SessionImpl.java:3357) ~[hibernate-core-5.6.3.Final.jar:5.6.3.Final]
	at jdk.internal.reflect.NativeMethodAccessorImpl.invoke0(Native Method) ~[?:?]
	at jdk.internal.reflect.NativeMethodAccessorImpl.invoke(NativeMethodAccessorImpl.java:62) ~[?:?]
	at jdk.internal.reflect.DelegatingMethodAccessorImpl.invoke(DelegatingMethodAccessorImpl.java:43) ~[?:?]
	at java.lang.reflect.Method.invoke(Method.java:564) ~[?:?]
	at org.springframework.orm.jpa.SharedEntityManagerCreator$SharedEntityManagerInvocationHandler.invoke(SharedEntityManagerCreator.java:311) ~[spring-orm-5.3.14.jar:5.3.14]
	at com.sun.proxy.$Proxy97.find(Unknown Source) ~[?:?]
	at com.infy.repository.CustomerRepositoryImpl.getCustomer(CustomerRepositoryImpl.java:27) ~[classes/:?]
	at com.infy.repository.CustomerRepositoryImpl$$FastClassBySpringCGLIB$$74ed14a3.invoke(<generated>) ~[classes/:?]
	at org.springframework.cglib.proxy.MethodProxy.invoke(MethodProxy.java:218) ~[spring-core-5.3.14.jar:5.3.14]
	at org.springframework.aop.framework.CglibAopProxy$CglibMethodInvocation.invokeJoinpoint(CglibAopProxy.java:783) ~[spring-aop-5.3.14.jar:5.3.14]
	at org.springframework.aop.framework.ReflectiveMethodInvocation.proceed(ReflectiveMethodInvocation.java:163) ~[spring-aop-5.3.14.jar:5.3.14]
	at org.springframework.aop.framework.CglibAopProxy$CglibMethodInvocation.proceed(CglibAopProxy.java:753) ~[spring-aop-5.3.14.jar:5.3.14]
	at org.springframework.dao.support.PersistenceExceptionTranslationInterceptor.invoke(PersistenceExceptionTranslationInterceptor.java:137) ~[spring-tx-5.3.14.jar:5.3.14]
	... 37 more
06-Jul-2022 10:28:10 ERROR - could not extract ResultSet; SQL [n/a]; nested exception is org.hibernate.exception.SQLGrammarException: could not extract ResultSet
org.springframework.dao.InvalidDataAccessResourceUsageException: could not extract ResultSet; SQL [n/a]; nested exception is org.hibernate.exception.SQLGrammarException: could not extract ResultSet
	at org.springframework.orm.jpa.vendor.HibernateJpaDialect.convertHibernateAccessException(HibernateJpaDialect.java:259) ~[spring-orm-5.3.14.jar:5.3.14]
	at org.springframework.orm.jpa.vendor.HibernateJpaDialect.translateExceptionIfPossible(HibernateJpaDialect.java:233) ~[spring-orm-5.3.14.jar:5.3.14]
	at org.springframework.orm.jpa.AbstractEntityManagerFactoryBean.translateExceptionIfPossible(AbstractEntityManagerFactoryBean.java:551) ~[spring-orm-5.3.14.jar:5.3.14]
	at org.springframework.dao.support.ChainedPersistenceExceptionTranslator.translateExceptionIfPossible(ChainedPersistenceExceptionTranslator.java:61) ~[spring-tx-5.3.14.jar:5.3.14]
	at org.springframework.dao.support.DataAccessUtils.translateIfNecessary(DataAccessUtils.java:242) ~[spring-tx-5.3.14.jar:5.3.14]
	at org.springframework.dao.support.PersistenceExceptionTranslationInterceptor.invoke(PersistenceExceptionTranslationInterceptor.java:152) ~[spring-tx-5.3.14.jar:5.3.14]
	at org.springframework.aop.framework.ReflectiveMethodInvocation.proceed(ReflectiveMethodInvocation.java:186) ~[spring-aop-5.3.14.jar:5.3.14]
	at org.springframework.aop.framework.CglibAopProxy$CglibMethodInvocation.proceed(CglibAopProxy.java:753) ~[spring-aop-5.3.14.jar:5.3.14]
	at org.springframework.aop.aspectj.AspectJAfterThrowingAdvice.invoke(AspectJAfterThrowingAdvice.java:64) ~[spring-aop-5.3.14.jar:5.3.14]
	at org.springframework.aop.framework.ReflectiveMethodInvocation.proceed(ReflectiveMethodInvocation.java:186) ~[spring-aop-5.3.14.jar:5.3.14]
	at org.springframework.aop.framework.CglibAopProxy$CglibMethodInvocation.proceed(CglibAopProxy.java:753) ~[spring-aop-5.3.14.jar:5.3.14]
	at org.springframework.aop.interceptor.ExposeInvocationInterceptor.invoke(ExposeInvocationInterceptor.java:97) ~[spring-aop-5.3.14.jar:5.3.14]
	at org.springframework.aop.framework.ReflectiveMethodInvocation.proceed(ReflectiveMethodInvocation.java:186) ~[spring-aop-5.3.14.jar:5.3.14]
	at org.springframework.aop.framework.CglibAopProxy$CglibMethodInvocation.proceed(CglibAopProxy.java:753) ~[spring-aop-5.3.14.jar:5.3.14]
	at org.springframework.aop.framework.CglibAopProxy$DynamicAdvisedInterceptor.intercept(CglibAopProxy.java:698) ~[spring-aop-5.3.14.jar:5.3.14]
	at com.infy.repository.CustomerRepositoryImpl$$EnhancerBySpringCGLIB$$81b1a51e.getCustomer(<generated>) ~[classes/:?]
	at com.infy.service.CustomerServiceImpl.getCustomer(CustomerServiceImpl.java:20) ~[classes/:?]
	at com.infy.service.CustomerServiceImpl$$FastClassBySpringCGLIB$$5a044175.invoke(<generated>) ~[classes/:?]
	at org.springframework.cglib.proxy.MethodProxy.invoke(MethodProxy.java:218) ~[spring-core-5.3.14.jar:5.3.14]
	at org.springframework.aop.framework.CglibAopProxy$CglibMethodInvocation.invokeJoinpoint(CglibAopProxy.java:783) ~[spring-aop-5.3.14.jar:5.3.14]
	at org.springframework.aop.framework.ReflectiveMethodInvocation.proceed(ReflectiveMethodInvocation.java:163) ~[spring-aop-5.3.14.jar:5.3.14]
	at org.springframework.aop.framework.CglibAopProxy$CglibMethodInvocation.proceed(CglibAopProxy.java:753) ~[spring-aop-5.3.14.jar:5.3.14]
	at org.springframework.aop.aspectj.AspectJAfterThrowingAdvice.invoke(AspectJAfterThrowingAdvice.java:64) [spring-aop-5.3.14.jar:5.3.14]
	at org.springframework.aop.framework.ReflectiveMethodInvocation.proceed(ReflectiveMethodInvocation.java:186) [spring-aop-5.3.14.jar:5.3.14]
	at org.springframework.aop.framework.CglibAopProxy$CglibMethodInvocation.proceed(CglibAopProxy.java:753) [spring-aop-5.3.14.jar:5.3.14]
	at org.springframework.transaction.interceptor.TransactionInterceptor$1.proceedWithInvocation(TransactionInterceptor.java:123) [spring-tx-5.3.14.jar:5.3.14]
	at org.springframework.transaction.interceptor.TransactionAspectSupport.invokeWithinTransaction(TransactionAspectSupport.java:388) [spring-tx-5.3.14.jar:5.3.14]
	at org.springframework.transaction.interceptor.TransactionInterceptor.invoke(TransactionInterceptor.java:119) [spring-tx-5.3.14.jar:5.3.14]
	at org.springframework.aop.framework.ReflectiveMethodInvocation.proceed(ReflectiveMethodInvocation.java:186) [spring-aop-5.3.14.jar:5.3.14]
	at org.springframework.aop.framework.CglibAopProxy$CglibMethodInvocation.proceed(CglibAopProxy.java:753) [spring-aop-5.3.14.jar:5.3.14]
	at org.springframework.aop.interceptor.ExposeInvocationInterceptor.invoke(ExposeInvocationInterceptor.java:97) [spring-aop-5.3.14.jar:5.3.14]
	at org.springframework.aop.framework.ReflectiveMethodInvocation.proceed(ReflectiveMethodInvocation.java:186) [spring-aop-5.3.14.jar:5.3.14]
	at org.springframework.aop.framework.CglibAopProxy$CglibMethodInvocation.proceed(CglibAopProxy.java:753) [spring-aop-5.3.14.jar:5.3.14]
	at org.springframework.aop.framework.CglibAopProxy$DynamicAdvisedInterceptor.intercept(CglibAopProxy.java:698) [spring-aop-5.3.14.jar:5.3.14]
	at com.infy.service.CustomerServiceImpl$$EnhancerBySpringCGLIB$$2c635fd4.getCustomer(<generated>) [classes/:?]
	at com.infy.DemoSpringDeleteReadApplication.getCustomer(DemoSpringDeleteReadApplication.java:46) [classes/:?]
	at com.infy.DemoSpringDeleteReadApplication.run(DemoSpringDeleteReadApplication.java:37) [classes/:?]
	at org.springframework.boot.SpringApplication.callRunner(SpringApplication.java:767) [spring-boot-2.6.2.jar:2.6.2]
	at org.springframework.boot.SpringApplication.callRunners(SpringApplication.java:751) [spring-boot-2.6.2.jar:2.6.2]
	at org.springframework.boot.SpringApplication.run(SpringApplication.java:309) [spring-boot-2.6.2.jar:2.6.2]
	at org.springframework.boot.SpringApplication.run(SpringApplication.java:1301) [spring-boot-2.6.2.jar:2.6.2]
	at org.springframework.boot.SpringApplication.run(SpringApplication.java:1290) [spring-boot-2.6.2.jar:2.6.2]
	at com.infy.DemoSpringDeleteReadApplication.main(DemoSpringDeleteReadApplication.java:30) [classes/:?]
Caused by: org.hibernate.exception.SQLGrammarException: could not extract ResultSet
	at org.hibernate.exception.internal.SQLExceptionTypeDelegate.convert(SQLExceptionTypeDelegate.java:63) ~[hibernate-core-5.6.3.Final.jar:5.6.3.Final]
	at org.hibernate.exception.internal.StandardSQLExceptionConverter.convert(StandardSQLExceptionConverter.java:37) ~[hibernate-core-5.6.3.Final.jar:5.6.3.Final]
	at org.hibernate.engine.jdbc.spi.SqlExceptionHelper.convert(SqlExceptionHelper.java:113) ~[hibernate-core-5.6.3.Final.jar:5.6.3.Final]
	at org.hibernate.engine.jdbc.spi.SqlExceptionHelper.convert(SqlExceptionHelper.java:99) ~[hibernate-core-5.6.3.Final.jar:5.6.3.Final]
	at org.hibernate.engine.jdbc.internal.ResultSetReturnImpl.extract(ResultSetReturnImpl.java:67) ~[hibernate-core-5.6.3.Final.jar:5.6.3.Final]
	at org.hibernate.loader.plan.exec.internal.AbstractLoadPlanBasedLoader.getResultSet(AbstractLoadPlanBasedLoader.java:390) ~[hibernate-core-5.6.3.Final.jar:5.6.3.Final]
	at org.hibernate.loader.plan.exec.internal.AbstractLoadPlanBasedLoader.executeQueryStatement(AbstractLoadPlanBasedLoader.java:163) ~[hibernate-core-5.6.3.Final.jar:5.6.3.Final]
	at org.hibernate.loader.plan.exec.internal.AbstractLoadPlanBasedLoader.executeLoad(AbstractLoadPlanBasedLoader.java:104) ~[hibernate-core-5.6.3.Final.jar:5.6.3.Final]
	at org.hibernate.loader.entity.plan.AbstractLoadPlanBasedEntityLoader.load(AbstractLoadPlanBasedEntityLoader.java:285) ~[hibernate-core-5.6.3.Final.jar:5.6.3.Final]
	at org.hibernate.persister.entity.AbstractEntityPersister.doLoad(AbstractEntityPersister.java:4521) ~[hibernate-core-5.6.3.Final.jar:5.6.3.Final]
	at org.hibernate.persister.entity.AbstractEntityPersister.load(AbstractEntityPersister.java:4511) ~[hibernate-core-5.6.3.Final.jar:5.6.3.Final]
	at org.hibernate.event.internal.DefaultLoadEventListener.loadFromDatasource(DefaultLoadEventListener.java:571) ~[hibernate-core-5.6.3.Final.jar:5.6.3.Final]
	at org.hibernate.event.internal.DefaultLoadEventListener.doLoad(DefaultLoadEventListener.java:539) ~[hibernate-core-5.6.3.Final.jar:5.6.3.Final]
	at org.hibernate.event.internal.DefaultLoadEventListener.load(DefaultLoadEventListener.java:208) ~[hibernate-core-5.6.3.Final.jar:5.6.3.Final]
	at org.hibernate.event.internal.DefaultLoadEventListener.proxyOrLoad(DefaultLoadEventListener.java:327) ~[hibernate-core-5.6.3.Final.jar:5.6.3.Final]
	at org.hibernate.event.internal.DefaultLoadEventListener.doOnLoad(DefaultLoadEventListener.java:108) ~[hibernate-core-5.6.3.Final.jar:5.6.3.Final]
	at org.hibernate.event.internal.DefaultLoadEventListener.onLoad(DefaultLoadEventListener.java:74) ~[hibernate-core-5.6.3.Final.jar:5.6.3.Final]
	at org.hibernate.event.service.internal.EventListenerGroupImpl.fireEventOnEachListener(EventListenerGroupImpl.java:118) ~[hibernate-core-5.6.3.Final.jar:5.6.3.Final]
	at org.hibernate.internal.SessionImpl.fireLoadNoChecks(SessionImpl.java:1226) ~[hibernate-core-5.6.3.Final.jar:5.6.3.Final]
	at org.hibernate.internal.SessionImpl.fireLoad(SessionImpl.java:1215) ~[hibernate-core-5.6.3.Final.jar:5.6.3.Final]
	at org.hibernate.internal.SessionImpl.access$2100(SessionImpl.java:201) ~[hibernate-core-5.6.3.Final.jar:5.6.3.Final]
	at org.hibernate.internal.SessionImpl$IdentifierLoadAccessImpl.doLoad(SessionImpl.java:2830) ~[hibernate-core-5.6.3.Final.jar:5.6.3.Final]
	at org.hibernate.internal.SessionImpl$IdentifierLoadAccessImpl.lambda$load$1(SessionImpl.java:2807) ~[hibernate-core-5.6.3.Final.jar:5.6.3.Final]
	at org.hibernate.internal.SessionImpl$IdentifierLoadAccessImpl.perform(SessionImpl.java:2763) ~[hibernate-core-5.6.3.Final.jar:5.6.3.Final]
	at org.hibernate.internal.SessionImpl$IdentifierLoadAccessImpl.load(SessionImpl.java:2807) ~[hibernate-core-5.6.3.Final.jar:5.6.3.Final]
	at org.hibernate.internal.SessionImpl.find(SessionImpl.java:3395) ~[hibernate-core-5.6.3.Final.jar:5.6.3.Final]
	at org.hibernate.internal.SessionImpl.find(SessionImpl.java:3357) ~[hibernate-core-5.6.3.Final.jar:5.6.3.Final]
	at jdk.internal.reflect.NativeMethodAccessorImpl.invoke0(Native Method) ~[?:?]
	at jdk.internal.reflect.NativeMethodAccessorImpl.invoke(NativeMethodAccessorImpl.java:62) ~[?:?]
	at jdk.internal.reflect.DelegatingMethodAccessorImpl.invoke(DelegatingMethodAccessorImpl.java:43) ~[?:?]
	at java.lang.reflect.Method.invoke(Method.java:564) ~[?:?]
	at org.springframework.orm.jpa.SharedEntityManagerCreator$SharedEntityManagerInvocationHandler.invoke(SharedEntityManagerCreator.java:311) ~[spring-orm-5.3.14.jar:5.3.14]
	at com.sun.proxy.$Proxy97.find(Unknown Source) ~[?:?]
	at com.infy.repository.CustomerRepositoryImpl.getCustomer(CustomerRepositoryImpl.java:27) ~[classes/:?]
	at com.infy.repository.CustomerRepositoryImpl$$FastClassBySpringCGLIB$$74ed14a3.invoke(<generated>) ~[classes/:?]
	at org.springframework.cglib.proxy.MethodProxy.invoke(MethodProxy.java:218) ~[spring-core-5.3.14.jar:5.3.14]
	at org.springframework.aop.framework.CglibAopProxy$CglibMethodInvocation.invokeJoinpoint(CglibAopProxy.java:783) ~[spring-aop-5.3.14.jar:5.3.14]
	at org.springframework.aop.framework.ReflectiveMethodInvocation.proceed(ReflectiveMethodInvocation.java:163) ~[spring-aop-5.3.14.jar:5.3.14]
	at org.springframework.aop.framework.CglibAopProxy$CglibMethodInvocation.proceed(CglibAopProxy.java:753) ~[spring-aop-5.3.14.jar:5.3.14]
	at org.springframework.dao.support.PersistenceExceptionTranslationInterceptor.invoke(PersistenceExceptionTranslationInterceptor.java:137) ~[spring-tx-5.3.14.jar:5.3.14]
	... 37 more
Caused by: java.sql.SQLSyntaxErrorException: Table 'infy22.customerinfy22' doesn't exist
	at com.mysql.cj.jdbc.exceptions.SQLError.createSQLException(SQLError.java:120) ~[mysql-connector-java-8.0.27.jar:8.0.27]
	at com.mysql.cj.jdbc.exceptions.SQLExceptionsMapping.translateException(SQLExceptionsMapping.java:122) ~[mysql-connector-java-8.0.27.jar:8.0.27]
	at com.mysql.cj.jdbc.ClientPreparedStatement.executeInternal(ClientPreparedStatement.java:953) ~[mysql-connector-java-8.0.27.jar:8.0.27]
	at com.mysql.cj.jdbc.ClientPreparedStatement.executeQuery(ClientPreparedStatement.java:1009) ~[mysql-connector-java-8.0.27.jar:8.0.27]
	at com.zaxxer.hikari.pool.ProxyPreparedStatement.executeQuery(ProxyPreparedStatement.java:52) ~[HikariCP-4.0.3.jar:?]
	at com.zaxxer.hikari.pool.HikariProxyPreparedStatement.executeQuery(HikariProxyPreparedStatement.java) ~[HikariCP-4.0.3.jar:?]
	at org.hibernate.engine.jdbc.internal.ResultSetReturnImpl.extract(ResultSetReturnImpl.java:57) ~[hibernate-core-5.6.3.Final.jar:5.6.3.Final]
	at org.hibernate.loader.plan.exec.internal.AbstractLoadPlanBasedLoader.getResultSet(AbstractLoadPlanBasedLoader.java:390) ~[hibernate-core-5.6.3.Final.jar:5.6.3.Final]
	at org.hibernate.loader.plan.exec.internal.AbstractLoadPlanBasedLoader.executeQueryStatement(AbstractLoadPlanBasedLoader.java:163) ~[hibernate-core-5.6.3.Final.jar:5.6.3.Final]
	at org.hibernate.loader.plan.exec.internal.AbstractLoadPlanBasedLoader.executeLoad(AbstractLoadPlanBasedLoader.java:104) ~[hibernate-core-5.6.3.Final.jar:5.6.3.Final]
	at org.hibernate.loader.entity.plan.AbstractLoadPlanBasedEntityLoader.load(AbstractLoadPlanBasedEntityLoader.java:285) ~[hibernate-core-5.6.3.Final.jar:5.6.3.Final]
	at org.hibernate.persister.entity.AbstractEntityPersister.doLoad(AbstractEntityPersister.java:4521) ~[hibernate-core-5.6.3.Final.jar:5.6.3.Final]
	at org.hibernate.persister.entity.AbstractEntityPersister.load(AbstractEntityPersister.java:4511) ~[hibernate-core-5.6.3.Final.jar:5.6.3.Final]
	at org.hibernate.event.internal.DefaultLoadEventListener.loadFromDatasource(DefaultLoadEventListener.java:571) ~[hibernate-core-5.6.3.Final.jar:5.6.3.Final]
	at org.hibernate.event.internal.DefaultLoadEventListener.doLoad(DefaultLoadEventListener.java:539) ~[hibernate-core-5.6.3.Final.jar:5.6.3.Final]
	at org.hibernate.event.internal.DefaultLoadEventListener.load(DefaultLoadEventListener.java:208) ~[hibernate-core-5.6.3.Final.jar:5.6.3.Final]
	at org.hibernate.event.internal.DefaultLoadEventListener.proxyOrLoad(DefaultLoadEventListener.java:327) ~[hibernate-core-5.6.3.Final.jar:5.6.3.Final]
	at org.hibernate.event.internal.DefaultLoadEventListener.doOnLoad(DefaultLoadEventListener.java:108) ~[hibernate-core-5.6.3.Final.jar:5.6.3.Final]
	at org.hibernate.event.internal.DefaultLoadEventListener.onLoad(DefaultLoadEventListener.java:74) ~[hibernate-core-5.6.3.Final.jar:5.6.3.Final]
	at org.hibernate.event.service.internal.EventListenerGroupImpl.fireEventOnEachListener(EventListenerGroupImpl.java:118) ~[hibernate-core-5.6.3.Final.jar:5.6.3.Final]
	at org.hibernate.internal.SessionImpl.fireLoadNoChecks(SessionImpl.java:1226) ~[hibernate-core-5.6.3.Final.jar:5.6.3.Final]
	at org.hibernate.internal.SessionImpl.fireLoad(SessionImpl.java:1215) ~[hibernate-core-5.6.3.Final.jar:5.6.3.Final]
	at org.hibernate.internal.SessionImpl.access$2100(SessionImpl.java:201) ~[hibernate-core-5.6.3.Final.jar:5.6.3.Final]
	at org.hibernate.internal.SessionImpl$IdentifierLoadAccessImpl.doLoad(SessionImpl.java:2830) ~[hibernate-core-5.6.3.Final.jar:5.6.3.Final]
	at org.hibernate.internal.SessionImpl$IdentifierLoadAccessImpl.lambda$load$1(SessionImpl.java:2807) ~[hibernate-core-5.6.3.Final.jar:5.6.3.Final]
	at org.hibernate.internal.SessionImpl$IdentifierLoadAccessImpl.perform(SessionImpl.java:2763) ~[hibernate-core-5.6.3.Final.jar:5.6.3.Final]
	at org.hibernate.internal.SessionImpl$IdentifierLoadAccessImpl.load(SessionImpl.java:2807) ~[hibernate-core-5.6.3.Final.jar:5.6.3.Final]
	at org.hibernate.internal.SessionImpl.find(SessionImpl.java:3395) ~[hibernate-core-5.6.3.Final.jar:5.6.3.Final]
	at org.hibernate.internal.SessionImpl.find(SessionImpl.java:3357) ~[hibernate-core-5.6.3.Final.jar:5.6.3.Final]
	at jdk.internal.reflect.NativeMethodAccessorImpl.invoke0(Native Method) ~[?:?]
	at jdk.internal.reflect.NativeMethodAccessorImpl.invoke(NativeMethodAccessorImpl.java:62) ~[?:?]
	at jdk.internal.reflect.DelegatingMethodAccessorImpl.invoke(DelegatingMethodAccessorImpl.java:43) ~[?:?]
	at java.lang.reflect.Method.invoke(Method.java:564) ~[?:?]
	at org.springframework.orm.jpa.SharedEntityManagerCreator$SharedEntityManagerInvocationHandler.invoke(SharedEntityManagerCreator.java:311) ~[spring-orm-5.3.14.jar:5.3.14]
	at com.sun.proxy.$Proxy97.find(Unknown Source) ~[?:?]
	at com.infy.repository.CustomerRepositoryImpl.getCustomer(CustomerRepositoryImpl.java:27) ~[classes/:?]
	at com.infy.repository.CustomerRepositoryImpl$$FastClassBySpringCGLIB$$74ed14a3.invoke(<generated>) ~[classes/:?]
	at org.springframework.cglib.proxy.MethodProxy.invoke(MethodProxy.java:218) ~[spring-core-5.3.14.jar:5.3.14]
	at org.springframework.aop.framework.CglibAopProxy$CglibMethodInvocation.invokeJoinpoint(CglibAopProxy.java:783) ~[spring-aop-5.3.14.jar:5.3.14]
	at org.springframework.aop.framework.ReflectiveMethodInvocation.proceed(ReflectiveMethodInvocation.java:163) ~[spring-aop-5.3.14.jar:5.3.14]
	at org.springframework.aop.framework.CglibAopProxy$CglibMethodInvocation.proceed(CglibAopProxy.java:753) ~[spring-aop-5.3.14.jar:5.3.14]
	at org.springframework.dao.support.PersistenceExceptionTranslationInterceptor.invoke(PersistenceExceptionTranslationInterceptor.java:137) ~[spring-tx-5.3.14.jar:5.3.14]
	... 37 more
