13-Jul-2020 14:55:49 INFO - Starting DemoSpringDataOneToManyMappingApplication on MYSHEC119503L with PID 1452 (D:\content\FA2\new\zips\Demo_SpringData_OneToManyMapping\Demo_SpringData_OneToManyMapping\target\classes started by ria.singh in D:\content\FA2\new\zips\Demo_SpringData_OneToManyMapping\Demo_SpringData_OneToManyMapping)
13-Jul-2020 14:55:49 INFO - No active profile set, falling back to default profiles: default
13-Jul-2020 14:55:51 INFO - Bootstrapping Spring Data JPA repositories in DEFERRED mode.
13-Jul-2020 14:55:51 INFO - Finished Spring Data repository scanning in 102ms. Found 2 JPA repository interfaces.
13-Jul-2020 14:55:52 INFO - Initializing ExecutorService 'applicationTaskExecutor'
13-Jul-2020 14:55:52 INFO - HikariPool-1 - Starting...
13-Jul-2020 14:55:53 INFO - HikariPool-1 - Start completed.
13-Jul-2020 14:55:53 INFO - HHH000204: Processing PersistenceUnitInfo [name: default]
13-Jul-2020 14:55:54 INFO - HHH000412: Hibernate ORM core version 5.4.17.Final
13-Jul-2020 14:55:54 INFO - Triggering deferred initialization of Spring Data repositories…
13-Jul-2020 14:55:54 INFO - HCANN000001: Hibernate Commons Annotations {5.1.0.Final}
13-Jul-2020 14:55:54 INFO - HHH000400: Using dialect: org.hibernate.dialect.MySQL8Dialect
13-Jul-2020 14:55:56 INFO - HHH000490: Using JtaPlatform implementation: [org.hibernate.engine.transaction.jta.platform.internal.NoJtaPlatform]
13-Jul-2020 14:55:56 INFO - Initialized JPA EntityManagerFactory for persistence unit 'default'
13-Jul-2020 14:55:56 INFO - Spring Data repositories initialized!
13-Jul-2020 14:55:56 INFO - Started DemoSpringDataOneToManyMappingApplication in 7.746 seconds (JVM running for 9.485)
13-Jul-2020 14:55:56 INFO - CustomerDTO [customerId=1001, emailId=steven@infy.com, name=Steven Martin, dateOfBirth=2000-01-24, cards=[CardDTO [cardId=12346, cardNumber=6642160005012193, expiryDate=2029-11-03], CardDTO [cardId=12347, cardNumber=6642160005012194, expiryDate=2033-01-06], CardDTO [cardId=12348, cardNumber=6642160005012195, expiryDate=2023-09-16]]]
13-Jul-2020 14:58:20 INFO - Starting DemoSpringDataOneToManyMappingApplication on MYSHEC119503L with PID 5584 (D:\content\FA2\new\zips\Demo_SpringData_OneToManyMapping\Demo_SpringData_OneToManyMapping\target\classes started by ria.singh in D:\content\FA2\new\zips\Demo_SpringData_OneToManyMapping\Demo_SpringData_OneToManyMapping)
13-Jul-2020 14:58:20 INFO - No active profile set, falling back to default profiles: default
13-Jul-2020 14:58:21 INFO - Bootstrapping Spring Data JPA repositories in DEFERRED mode.
13-Jul-2020 14:58:21 INFO - Finished Spring Data repository scanning in 114ms. Found 2 JPA repository interfaces.
13-Jul-2020 14:58:22 INFO - Initializing ExecutorService 'applicationTaskExecutor'
13-Jul-2020 14:58:22 INFO - HikariPool-1 - Starting...
13-Jul-2020 14:58:23 INFO - HikariPool-1 - Start completed.
13-Jul-2020 14:58:23 INFO - HHH000204: Processing PersistenceUnitInfo [name: default]
13-Jul-2020 14:58:24 INFO - HHH000412: Hibernate ORM core version 5.4.17.Final
13-Jul-2020 14:58:24 INFO - Triggering deferred initialization of Spring Data repositories…
13-Jul-2020 14:58:24 INFO - HCANN000001: Hibernate Commons Annotations {5.1.0.Final}
13-Jul-2020 14:58:25 INFO - HHH000400: Using dialect: org.hibernate.dialect.MySQL8Dialect
13-Jul-2020 14:58:26 INFO - HHH000490: Using JtaPlatform implementation: [org.hibernate.engine.transaction.jta.platform.internal.NoJtaPlatform]
13-Jul-2020 14:58:26 INFO - Initialized JPA EntityManagerFactory for persistence unit 'default'
13-Jul-2020 14:58:26 INFO - Spring Data repositories initialized!
13-Jul-2020 14:58:26 INFO - Started DemoSpringDataOneToManyMappingApplication in 6.629 seconds (JVM running for 8.306)
13-Jul-2020 14:58:26 INFO - CustomerDTO [customerId=1001, emailId=steven@infy.com, name=Steven Martin, dateOfBirth=2000-01-24, cards=[CardDTO [cardId=12346, cardNumber=6642160005012193, expiryDate=2029-11-03], CardDTO [cardId=12347, cardNumber=6642160005012194, expiryDate=2033-01-06], CardDTO [cardId=12348, cardNumber=6642160005012195, expiryDate=2023-09-16]]]
13-Jul-2020 14:59:44 INFO - Bootstrapping Spring Data JPA repositories in DEFERRED mode.
13-Jul-2020 14:59:44 INFO - Finished Spring Data repository scanning in 111ms. Found 2 JPA repository interfaces.
13-Jul-2020 14:59:45 INFO - Initializing ExecutorService 'applicationTaskExecutor'
13-Jul-2020 14:59:45 INFO - HikariPool-1 - Starting...
13-Jul-2020 14:59:46 INFO - HikariPool-1 - Start completed.
13-Jul-2020 14:59:46 INFO - HHH000204: Processing PersistenceUnitInfo [name: default]
13-Jul-2020 14:59:47 INFO - HHH000412: Hibernate ORM core version 5.4.17.Final
13-Jul-2020 14:59:47 INFO - Triggering deferred initialization of Spring Data repositories…
13-Jul-2020 14:59:47 INFO - HCANN000001: Hibernate Commons Annotations {5.1.0.Final}
13-Jul-2020 14:59:47 INFO - HHH000400: Using dialect: org.hibernate.dialect.MySQL8Dialect
13-Jul-2020 14:59:48 INFO - HHH000490: Using JtaPlatform implementation: [org.hibernate.engine.transaction.jta.platform.internal.NoJtaPlatform]
13-Jul-2020 14:59:49 INFO - Initialized JPA EntityManagerFactory for persistence unit 'default'
13-Jul-2020 14:59:49 INFO - Spring Data repositories initialized!
13-Jul-2020 15:00:49 INFO - Closing JPA EntityManagerFactory for persistence unit 'default'
17-Jul-2020 15:16:28 INFO - Bootstrapping Spring Data JPA repositories in DEFERRED mode.
17-Jul-2020 15:16:29 INFO - Finished Spring Data repository scanning in 124ms. Found 2 JPA repository interfaces.
17-Jul-2020 15:16:30 INFO - Initializing ExecutorService 'applicationTaskExecutor'
17-Jul-2020 15:16:30 INFO - HikariPool-1 - Starting...
17-Jul-2020 15:16:31 INFO - HikariPool-1 - Start completed.
17-Jul-2020 15:16:31 INFO - HHH000204: Processing PersistenceUnitInfo [name: default]
17-Jul-2020 15:16:31 INFO - HHH000412: Hibernate ORM core version 5.4.17.Final
17-Jul-2020 15:16:32 INFO - Triggering deferred initialization of Spring Data repositories…
17-Jul-2020 15:16:32 INFO - HCANN000001: Hibernate Commons Annotations {5.1.0.Final}
17-Jul-2020 15:16:32 INFO - HHH000400: Using dialect: org.hibernate.dialect.MySQL8Dialect
17-Jul-2020 15:16:34 INFO - HHH000490: Using JtaPlatform implementation: [org.hibernate.engine.transaction.jta.platform.internal.NoJtaPlatform]
17-Jul-2020 15:16:34 INFO - Initialized JPA EntityManagerFactory for persistence unit 'default'
17-Jul-2020 15:16:34 INFO - Spring Data repositories initialized!
17-Jul-2020 15:17:17 INFO - Bootstrapping Spring Data JPA repositories in DEFERRED mode.
17-Jul-2020 15:17:17 INFO - Finished Spring Data repository scanning in 172ms. Found 2 JPA repository interfaces.
17-Jul-2020 15:17:19 INFO - Initializing ExecutorService 'applicationTaskExecutor'
17-Jul-2020 15:17:19 INFO - HikariPool-1 - Starting...
17-Jul-2020 15:17:21 INFO - HikariPool-1 - Start completed.
17-Jul-2020 15:17:21 INFO - HHH000204: Processing PersistenceUnitInfo [name: default]
17-Jul-2020 15:17:21 INFO - HHH000412: Hibernate ORM core version 5.4.17.Final
17-Jul-2020 15:17:21 INFO - Triggering deferred initialization of Spring Data repositories…
17-Jul-2020 15:17:22 INFO - HCANN000001: Hibernate Commons Annotations {5.1.0.Final}
17-Jul-2020 15:17:22 INFO - HHH000400: Using dialect: org.hibernate.dialect.MySQL8Dialect
17-Jul-2020 15:17:24 INFO - HHH000490: Using JtaPlatform implementation: [org.hibernate.engine.transaction.jta.platform.internal.NoJtaPlatform]
17-Jul-2020 15:17:24 INFO - Initialized JPA EntityManagerFactory for persistence unit 'default'
17-Jul-2020 15:17:24 INFO - Spring Data repositories initialized!
17-Jul-2020 15:17:55 INFO - Bootstrapping Spring Data JPA repositories in DEFERRED mode.
17-Jul-2020 15:17:55 INFO - Finished Spring Data repository scanning in 135ms. Found 2 JPA repository interfaces.
17-Jul-2020 15:17:57 INFO - Initializing ExecutorService 'applicationTaskExecutor'
17-Jul-2020 15:17:57 INFO - HikariPool-1 - Starting...
17-Jul-2020 15:17:58 INFO - HikariPool-1 - Start completed.
17-Jul-2020 15:17:58 INFO - HHH000204: Processing PersistenceUnitInfo [name: default]
17-Jul-2020 15:17:58 INFO - HHH000412: Hibernate ORM core version 5.4.17.Final
17-Jul-2020 15:17:59 INFO - Triggering deferred initialization of Spring Data repositories…
17-Jul-2020 15:17:59 INFO - HCANN000001: Hibernate Commons Annotations {5.1.0.Final}
17-Jul-2020 15:18:00 INFO - HHH000400: Using dialect: org.hibernate.dialect.MySQL8Dialect
17-Jul-2020 15:18:02 INFO - HHH000490: Using JtaPlatform implementation: [org.hibernate.engine.transaction.jta.platform.internal.NoJtaPlatform]
17-Jul-2020 15:18:02 INFO - Initialized JPA EntityManagerFactory for persistence unit 'default'
17-Jul-2020 15:18:03 INFO - Spring Data repositories initialized!
17-Jul-2020 15:18:24 INFO - Closing JPA EntityManagerFactory for persistence unit 'default'
17-Jul-2020 15:18:33 INFO - Bootstrapping Spring Data JPA repositories in DEFERRED mode.
17-Jul-2020 15:18:33 INFO - Finished Spring Data repository scanning in 124ms. Found 2 JPA repository interfaces.
17-Jul-2020 15:18:34 INFO - Initializing ExecutorService 'applicationTaskExecutor'
17-Jul-2020 15:18:34 INFO - HikariPool-1 - Starting...
17-Jul-2020 15:18:36 INFO - HikariPool-1 - Start completed.
17-Jul-2020 15:18:36 INFO - HHH000204: Processing PersistenceUnitInfo [name: default]
17-Jul-2020 15:18:36 INFO - HHH000412: Hibernate ORM core version 5.4.17.Final
17-Jul-2020 15:18:36 INFO - Triggering deferred initialization of Spring Data repositories…
17-Jul-2020 15:18:37 INFO - HCANN000001: Hibernate Commons Annotations {5.1.0.Final}
17-Jul-2020 15:18:37 INFO - HHH000400: Using dialect: org.hibernate.dialect.MySQL8Dialect
17-Jul-2020 15:18:39 INFO - HHH000490: Using JtaPlatform implementation: [org.hibernate.engine.transaction.jta.platform.internal.NoJtaPlatform]
17-Jul-2020 15:18:39 INFO - Initialized JPA EntityManagerFactory for persistence unit 'default'
17-Jul-2020 15:18:40 INFO - Spring Data repositories initialized!
17-Jul-2020 15:19:34 INFO - Bootstrapping Spring Data JPA repositories in DEFERRED mode.
17-Jul-2020 15:19:34 INFO - Finished Spring Data repository scanning in 139ms. Found 2 JPA repository interfaces.
17-Jul-2020 15:19:35 INFO - Initializing ExecutorService 'applicationTaskExecutor'
17-Jul-2020 15:19:35 INFO - HikariPool-1 - Starting...
17-Jul-2020 15:19:36 INFO - HikariPool-1 - Start completed.
17-Jul-2020 15:19:36 INFO - HHH000204: Processing PersistenceUnitInfo [name: default]
17-Jul-2020 15:19:37 INFO - HHH000412: Hibernate ORM core version 5.4.17.Final
17-Jul-2020 15:19:37 INFO - Triggering deferred initialization of Spring Data repositories…
17-Jul-2020 15:19:38 INFO - HCANN000001: Hibernate Commons Annotations {5.1.0.Final}
17-Jul-2020 15:19:38 INFO - HHH000400: Using dialect: org.hibernate.dialect.MySQL8Dialect
17-Jul-2020 15:19:39 INFO - Closing JPA EntityManagerFactory for persistence unit 'default'
17-Jul-2020 15:19:40 INFO - HHH000490: Using JtaPlatform implementation: [org.hibernate.engine.transaction.jta.platform.internal.NoJtaPlatform]
17-Jul-2020 15:19:40 INFO - Initialized JPA EntityManagerFactory for persistence unit 'default'
17-Jul-2020 15:19:41 INFO - Spring Data repositories initialized!
29-Dec-2021 14:47:10 INFO - Bootstrapping Spring Data JPA repositories in DEFAULT mode.
29-Dec-2021 14:47:10 INFO - Finished Spring Data repository scanning in 35 ms. Found 2 JPA repository interfaces.
29-Dec-2021 14:47:10 INFO - HikariPool-1 - Starting...
29-Dec-2021 14:47:11 INFO - HikariPool-1 - Start completed.
29-Dec-2021 14:47:11 INFO - HHH000204: Processing PersistenceUnitInfo [name: default]
29-Dec-2021 14:47:11 INFO - HHH000412: Hibernate ORM core version 5.6.3.Final
29-Dec-2021 14:47:11 INFO - HCANN000001: Hibernate Commons Annotations {5.1.2.Final}
29-Dec-2021 14:47:11 INFO - HHH000400: Using dialect: org.hibernate.dialect.MySQL8Dialect
29-Dec-2021 14:47:12 INFO - HHH000490: Using JtaPlatform implementation: [org.hibernate.engine.transaction.jta.platform.internal.NoJtaPlatform]
29-Dec-2021 14:47:12 INFO - Initialized JPA EntityManagerFactory for persistence unit 'default'
29-Dec-2021 14:47:12 INFO - Closing JPA EntityManagerFactory for persistence unit 'default'
29-Dec-2021 14:47:12 INFO - HikariPool-1 - Shutdown initiated...
29-Dec-2021 14:47:12 INFO - HikariPool-1 - Shutdown completed.
29-Dec-2021 17:17:07 INFO - Bootstrapping Spring Data JPA repositories in DEFAULT mode.
29-Dec-2021 17:17:07 INFO - Finished Spring Data repository scanning in 56 ms. Found 2 JPA repository interfaces.
29-Dec-2021 17:17:08 INFO - HikariPool-1 - Starting...
29-Dec-2021 17:17:08 INFO - HikariPool-1 - Start completed.
29-Dec-2021 17:17:08 INFO - HHH000204: Processing PersistenceUnitInfo [name: default]
29-Dec-2021 17:17:08 INFO - HHH000412: Hibernate ORM core version 5.6.3.Final
29-Dec-2021 17:17:09 INFO - HCANN000001: Hibernate Commons Annotations {5.1.2.Final}
29-Dec-2021 17:17:09 INFO - HHH000400: Using dialect: org.hibernate.dialect.MySQL8Dialect
29-Dec-2021 17:17:09 INFO - HHH000490: Using JtaPlatform implementation: [org.hibernate.engine.transaction.jta.platform.internal.NoJtaPlatform]
29-Dec-2021 17:17:09 INFO - Initialized JPA EntityManagerFactory for persistence unit 'default'
29-Dec-2021 17:17:10 INFO - Closing JPA EntityManagerFactory for persistence unit 'default'
29-Dec-2021 17:17:10 INFO - HikariPool-1 - Shutdown initiated...
29-Dec-2021 17:17:10 INFO - HikariPool-1 - Shutdown completed.
11-Mar-2022 12:17:45 INFO - Bootstrapping Spring Data JPA repositories in DEFAULT mode.
11-Mar-2022 12:17:45 INFO - Finished Spring Data repository scanning in 104 ms. Found 2 JPA repository interfaces.
11-Mar-2022 12:17:46 INFO - HHH000204: Processing PersistenceUnitInfo [name: default]
11-Mar-2022 12:17:46 INFO - HHH000412: Hibernate ORM core version 5.6.3.Final
11-Mar-2022 12:17:47 INFO - HCANN000001: Hibernate Commons Annotations {5.1.2.Final}
11-Mar-2022 12:17:47 INFO - HikariPool-1 - Starting...
11-Mar-2022 12:17:48 INFO - HikariPool-1 - Start completed.
11-Mar-2022 12:17:48 INFO - HHH000400: Using dialect: org.hibernate.dialect.MySQL8Dialect
11-Mar-2022 12:18:01 INFO - HHH000490: Using JtaPlatform implementation: [org.hibernate.engine.transaction.jta.platform.internal.NoJtaPlatform]
11-Mar-2022 12:18:01 INFO - Initialized JPA EntityManagerFactory for persistence unit 'default'
11-Mar-2022 12:18:04 INFO - Closing JPA EntityManagerFactory for persistence unit 'default'
11-Mar-2022 12:18:04 INFO - HikariPool-1 - Shutdown initiated...
11-Mar-2022 12:18:04 INFO - HikariPool-1 - Shutdown completed.
11-Mar-2022 12:21:09 INFO - Bootstrapping Spring Data JPA repositories in DEFAULT mode.
11-Mar-2022 12:21:09 INFO - Finished Spring Data repository scanning in 96 ms. Found 2 JPA repository interfaces.
11-Mar-2022 12:21:10 INFO - HHH000204: Processing PersistenceUnitInfo [name: default]
11-Mar-2022 12:21:10 INFO - HHH000412: Hibernate ORM core version 5.6.3.Final
11-Mar-2022 12:21:11 INFO - HCANN000001: Hibernate Commons Annotations {5.1.2.Final}
11-Mar-2022 12:21:11 INFO - HikariPool-1 - Starting...
11-Mar-2022 12:21:12 INFO - HikariPool-1 - Start completed.
11-Mar-2022 12:21:12 INFO - HHH000400: Using dialect: org.hibernate.dialect.MySQL8Dialect
11-Mar-2022 12:21:14 INFO - HHH000490: Using JtaPlatform implementation: [org.hibernate.engine.transaction.jta.platform.internal.NoJtaPlatform]
11-Mar-2022 12:21:14 INFO - Initialized JPA EntityManagerFactory for persistence unit 'default'
11-Mar-2022 12:21:15 ERROR - ids for this class must be manually assigned before calling save(): com.infy.entity.Card; nested exception is org.hibernate.id.IdentifierGenerationException: ids for this class must be manually assigned before calling save(): com.infy.entity.Card
org.springframework.orm.jpa.JpaSystemException: ids for this class must be manually assigned before calling save(): com.infy.entity.Card; nested exception is org.hibernate.id.IdentifierGenerationException: ids for this class must be manually assigned before calling save(): com.infy.entity.Card
	at org.springframework.orm.jpa.vendor.HibernateJpaDialect.convertHibernateAccessException(HibernateJpaDialect.java:331) ~[spring-orm-5.3.14.jar:5.3.14]
	at org.springframework.orm.jpa.vendor.HibernateJpaDialect.translateExceptionIfPossible(HibernateJpaDialect.java:233) ~[spring-orm-5.3.14.jar:5.3.14]
	at org.springframework.orm.jpa.AbstractEntityManagerFactoryBean.translateExceptionIfPossible(AbstractEntityManagerFactoryBean.java:551) ~[spring-orm-5.3.14.jar:5.3.14]
	at org.springframework.dao.support.ChainedPersistenceExceptionTranslator.translateExceptionIfPossible(ChainedPersistenceExceptionTranslator.java:61) ~[spring-tx-5.3.14.jar:5.3.14]
	at org.springframework.dao.support.DataAccessUtils.translateIfNecessary(DataAccessUtils.java:242) ~[spring-tx-5.3.14.jar:5.3.14]
	at org.springframework.dao.support.PersistenceExceptionTranslationInterceptor.invoke(PersistenceExceptionTranslationInterceptor.java:152) ~[spring-tx-5.3.14.jar:5.3.14]
	at org.springframework.aop.framework.ReflectiveMethodInvocation.proceed(ReflectiveMethodInvocation.java:186) ~[spring-aop-5.3.14.jar:5.3.14]
	at org.springframework.data.jpa.repository.support.CrudMethodMetadataPostProcessor$CrudMethodMetadataPopulatingMethodInterceptor.invoke(CrudMethodMetadataPostProcessor.java:174) ~[spring-data-jpa-2.6.0.jar:2.6.0]
	at org.springframework.aop.framework.ReflectiveMethodInvocation.proceed(ReflectiveMethodInvocation.java:186) ~[spring-aop-5.3.14.jar:5.3.14]
	at org.springframework.aop.interceptor.ExposeInvocationInterceptor.invoke(ExposeInvocationInterceptor.java:97) ~[spring-aop-5.3.14.jar:5.3.14]
	at org.springframework.aop.framework.ReflectiveMethodInvocation.proceed(ReflectiveMethodInvocation.java:186) ~[spring-aop-5.3.14.jar:5.3.14]
	at org.springframework.aop.framework.JdkDynamicAopProxy.invoke(JdkDynamicAopProxy.java:215) ~[spring-aop-5.3.14.jar:5.3.14]
	at com.sun.proxy.$Proxy107.save(Unknown Source) ~[?:?]
	at com.infy.service.CardCustomerServiceImpl.addCustomer(CardCustomerServiceImpl.java:77) ~[classes/:?]
	at com.infy.service.CardCustomerServiceImpl$$FastClassBySpringCGLIB$$e56a0545.invoke(<generated>) ~[classes/:?]
	at org.springframework.cglib.proxy.MethodProxy.invoke(MethodProxy.java:218) ~[spring-core-5.3.14.jar:5.3.14]
	at org.springframework.aop.framework.CglibAopProxy$CglibMethodInvocation.invokeJoinpoint(CglibAopProxy.java:783) ~[spring-aop-5.3.14.jar:5.3.14]
	at org.springframework.aop.framework.ReflectiveMethodInvocation.proceed(ReflectiveMethodInvocation.java:163) ~[spring-aop-5.3.14.jar:5.3.14]
	at org.springframework.aop.framework.CglibAopProxy$CglibMethodInvocation.proceed(CglibAopProxy.java:753) ~[spring-aop-5.3.14.jar:5.3.14]
	at org.springframework.aop.aspectj.AspectJAfterThrowingAdvice.invoke(AspectJAfterThrowingAdvice.java:64) [spring-aop-5.3.14.jar:5.3.14]
	at org.springframework.aop.framework.ReflectiveMethodInvocation.proceed(ReflectiveMethodInvocation.java:186) [spring-aop-5.3.14.jar:5.3.14]
	at org.springframework.aop.framework.CglibAopProxy$CglibMethodInvocation.proceed(CglibAopProxy.java:753) [spring-aop-5.3.14.jar:5.3.14]
	at org.springframework.transaction.interceptor.TransactionInterceptor$1.proceedWithInvocation(TransactionInterceptor.java:123) [spring-tx-5.3.14.jar:5.3.14]
	at org.springframework.transaction.interceptor.TransactionAspectSupport.invokeWithinTransaction(TransactionAspectSupport.java:388) [spring-tx-5.3.14.jar:5.3.14]
	at org.springframework.transaction.interceptor.TransactionInterceptor.invoke(TransactionInterceptor.java:119) [spring-tx-5.3.14.jar:5.3.14]
	at org.springframework.aop.framework.ReflectiveMethodInvocation.proceed(ReflectiveMethodInvocation.java:186) [spring-aop-5.3.14.jar:5.3.14]
	at org.springframework.aop.framework.CglibAopProxy$CglibMethodInvocation.proceed(CglibAopProxy.java:753) [spring-aop-5.3.14.jar:5.3.14]
	at org.springframework.aop.interceptor.ExposeInvocationInterceptor.invoke(ExposeInvocationInterceptor.java:97) [spring-aop-5.3.14.jar:5.3.14]
	at org.springframework.aop.framework.ReflectiveMethodInvocation.proceed(ReflectiveMethodInvocation.java:186) [spring-aop-5.3.14.jar:5.3.14]
	at org.springframework.aop.framework.CglibAopProxy$CglibMethodInvocation.proceed(CglibAopProxy.java:753) [spring-aop-5.3.14.jar:5.3.14]
	at org.springframework.aop.framework.CglibAopProxy$DynamicAdvisedInterceptor.intercept(CglibAopProxy.java:698) [spring-aop-5.3.14.jar:5.3.14]
	at com.infy.service.CardCustomerServiceImpl$$EnhancerBySpringCGLIB$$d5ca438a.addCustomer(<generated>) [classes/:?]
	at com.infy.DemoOneToManyApplication.addCustomer(DemoOneToManyApplication.java:75) [classes/:?]
	at com.infy.DemoOneToManyApplication.run(DemoOneToManyApplication.java:38) [classes/:?]
	at org.springframework.boot.SpringApplication.callRunner(SpringApplication.java:767) [spring-boot-2.6.2.jar:2.6.2]
	at org.springframework.boot.SpringApplication.callRunners(SpringApplication.java:751) [spring-boot-2.6.2.jar:2.6.2]
	at org.springframework.boot.SpringApplication.run(SpringApplication.java:309) [spring-boot-2.6.2.jar:2.6.2]
	at org.springframework.boot.SpringApplication.run(SpringApplication.java:1301) [spring-boot-2.6.2.jar:2.6.2]
	at org.springframework.boot.SpringApplication.run(SpringApplication.java:1290) [spring-boot-2.6.2.jar:2.6.2]
	at com.infy.DemoOneToManyApplication.main(DemoOneToManyApplication.java:32) [classes/:?]
Caused by: org.hibernate.id.IdentifierGenerationException: ids for this class must be manually assigned before calling save(): com.infy.entity.Card
	at org.hibernate.id.Assigned.generate(Assigned.java:33) ~[hibernate-core-5.6.3.Final.jar:5.6.3.Final]
	at org.hibernate.event.internal.AbstractSaveEventListener.saveWithGeneratedId(AbstractSaveEventListener.java:115) ~[hibernate-core-5.6.3.Final.jar:5.6.3.Final]
	at org.hibernate.event.internal.DefaultPersistEventListener.entityIsTransient(DefaultPersistEventListener.java:185) ~[hibernate-core-5.6.3.Final.jar:5.6.3.Final]
	at org.hibernate.event.internal.DefaultPersistEventListener.onPersist(DefaultPersistEventListener.java:128) ~[hibernate-core-5.6.3.Final.jar:5.6.3.Final]
	at org.hibernate.event.service.internal.EventListenerGroupImpl.fireEventOnEachListener(EventListenerGroupImpl.java:118) ~[hibernate-core-5.6.3.Final.jar:5.6.3.Final]
	at org.hibernate.internal.SessionImpl.firePersist(SessionImpl.java:784) ~[hibernate-core-5.6.3.Final.jar:5.6.3.Final]
	at org.hibernate.internal.SessionImpl.persist(SessionImpl.java:752) ~[hibernate-core-5.6.3.Final.jar:5.6.3.Final]
	at org.hibernate.engine.spi.CascadingActions$7.cascade(CascadingActions.java:298) ~[hibernate-core-5.6.3.Final.jar:5.6.3.Final]
	at org.hibernate.engine.internal.Cascade.cascadeToOne(Cascade.java:510) ~[hibernate-core-5.6.3.Final.jar:5.6.3.Final]
	at org.hibernate.engine.internal.Cascade.cascadeAssociation(Cascade.java:434) ~[hibernate-core-5.6.3.Final.jar:5.6.3.Final]
	at org.hibernate.engine.internal.Cascade.cascadeProperty(Cascade.java:220) ~[hibernate-core-5.6.3.Final.jar:5.6.3.Final]
	at org.hibernate.engine.internal.Cascade.cascadeCollectionElements(Cascade.java:543) ~[hibernate-core-5.6.3.Final.jar:5.6.3.Final]
	at org.hibernate.engine.internal.Cascade.cascadeCollection(Cascade.java:474) ~[hibernate-core-5.6.3.Final.jar:5.6.3.Final]
	at org.hibernate.engine.internal.Cascade.cascadeAssociation(Cascade.java:437) ~[hibernate-core-5.6.3.Final.jar:5.6.3.Final]
	at org.hibernate.engine.internal.Cascade.cascadeProperty(Cascade.java:220) ~[hibernate-core-5.6.3.Final.jar:5.6.3.Final]
	at org.hibernate.engine.internal.Cascade.cascade(Cascade.java:153) ~[hibernate-core-5.6.3.Final.jar:5.6.3.Final]
	at org.hibernate.event.internal.AbstractSaveEventListener.cascadeAfterSave(AbstractSaveEventListener.java:459) ~[hibernate-core-5.6.3.Final.jar:5.6.3.Final]
	at org.hibernate.event.internal.AbstractSaveEventListener.performSaveOrReplicate(AbstractSaveEventListener.java:293) ~[hibernate-core-5.6.3.Final.jar:5.6.3.Final]
	at org.hibernate.event.internal.AbstractSaveEventListener.performSave(AbstractSaveEventListener.java:193) ~[hibernate-core-5.6.3.Final.jar:5.6.3.Final]
	at org.hibernate.event.internal.AbstractSaveEventListener.saveWithGeneratedId(AbstractSaveEventListener.java:123) ~[hibernate-core-5.6.3.Final.jar:5.6.3.Final]
	at org.hibernate.event.internal.DefaultPersistEventListener.entityIsTransient(DefaultPersistEventListener.java:185) ~[hibernate-core-5.6.3.Final.jar:5.6.3.Final]
	at org.hibernate.event.internal.DefaultPersistEventListener.onPersist(DefaultPersistEventListener.java:128) ~[hibernate-core-5.6.3.Final.jar:5.6.3.Final]
	at org.hibernate.event.internal.DefaultPersistEventListener.onPersist(DefaultPersistEventListener.java:55) ~[hibernate-core-5.6.3.Final.jar:5.6.3.Final]
	at org.hibernate.event.service.internal.EventListenerGroupImpl.fireEventOnEachListener(EventListenerGroupImpl.java:107) ~[hibernate-core-5.6.3.Final.jar:5.6.3.Final]
	at org.hibernate.internal.SessionImpl.firePersist(SessionImpl.java:760) ~[hibernate-core-5.6.3.Final.jar:5.6.3.Final]
	at org.hibernate.internal.SessionImpl.persist(SessionImpl.java:746) ~[hibernate-core-5.6.3.Final.jar:5.6.3.Final]
	at jdk.internal.reflect.NativeMethodAccessorImpl.invoke0(Native Method) ~[?:?]
	at jdk.internal.reflect.NativeMethodAccessorImpl.invoke(NativeMethodAccessorImpl.java:62) ~[?:?]
	at jdk.internal.reflect.DelegatingMethodAccessorImpl.invoke(DelegatingMethodAccessorImpl.java:43) ~[?:?]
	at java.lang.reflect.Method.invoke(Method.java:564) ~[?:?]
	at org.springframework.orm.jpa.SharedEntityManagerCreator$SharedEntityManagerInvocationHandler.invoke(SharedEntityManagerCreator.java:311) ~[spring-orm-5.3.14.jar:5.3.14]
	at com.sun.proxy.$Proxy104.persist(Unknown Source) ~[?:?]
	at org.springframework.data.jpa.repository.support.SimpleJpaRepository.save(SimpleJpaRepository.java:624) ~[spring-data-jpa-2.6.0.jar:2.6.0]
	at jdk.internal.reflect.NativeMethodAccessorImpl.invoke0(Native Method) ~[?:?]
	at jdk.internal.reflect.NativeMethodAccessorImpl.invoke(NativeMethodAccessorImpl.java:62) ~[?:?]
	at jdk.internal.reflect.DelegatingMethodAccessorImpl.invoke(DelegatingMethodAccessorImpl.java:43) ~[?:?]
	at java.lang.reflect.Method.invoke(Method.java:564) ~[?:?]
	at org.springframework.data.repository.core.support.RepositoryMethodInvoker$RepositoryFragmentMethodInvoker.lambda$new$0(RepositoryMethodInvoker.java:289) ~[spring-data-commons-2.6.0.jar:2.6.0]
	at org.springframework.data.repository.core.support.RepositoryMethodInvoker.doInvoke(RepositoryMethodInvoker.java:137) ~[spring-data-commons-2.6.0.jar:2.6.0]
	at org.springframework.data.repository.core.support.RepositoryMethodInvoker.invoke(RepositoryMethodInvoker.java:121) ~[spring-data-commons-2.6.0.jar:2.6.0]
	at org.springframework.data.repository.core.support.RepositoryComposition$RepositoryFragments.invoke(RepositoryComposition.java:529) ~[spring-data-commons-2.6.0.jar:2.6.0]
	at org.springframework.data.repository.core.support.RepositoryComposition.invoke(RepositoryComposition.java:285) ~[spring-data-commons-2.6.0.jar:2.6.0]
	at org.springframework.data.repository.core.support.RepositoryFactorySupport$ImplementationMethodExecutionInterceptor.invoke(RepositoryFactorySupport.java:638) ~[spring-data-commons-2.6.0.jar:2.6.0]
	at org.springframework.aop.framework.ReflectiveMethodInvocation.proceed(ReflectiveMethodInvocation.java:186) ~[spring-aop-5.3.14.jar:5.3.14]
	at org.springframework.data.repository.core.support.QueryExecutorMethodInterceptor.doInvoke(QueryExecutorMethodInterceptor.java:163) ~[spring-data-commons-2.6.0.jar:2.6.0]
	at org.springframework.data.repository.core.support.QueryExecutorMethodInterceptor.invoke(QueryExecutorMethodInterceptor.java:138) ~[spring-data-commons-2.6.0.jar:2.6.0]
	at org.springframework.aop.framework.ReflectiveMethodInvocation.proceed(ReflectiveMethodInvocation.java:186) ~[spring-aop-5.3.14.jar:5.3.14]
	at org.springframework.transaction.interceptor.TransactionInterceptor$1.proceedWithInvocation(TransactionInterceptor.java:123) ~[spring-tx-5.3.14.jar:5.3.14]
	at org.springframework.transaction.interceptor.TransactionAspectSupport.invokeWithinTransaction(TransactionAspectSupport.java:388) ~[spring-tx-5.3.14.jar:5.3.14]
	at org.springframework.transaction.interceptor.TransactionInterceptor.invoke(TransactionInterceptor.java:119) ~[spring-tx-5.3.14.jar:5.3.14]
	at org.springframework.aop.framework.ReflectiveMethodInvocation.proceed(ReflectiveMethodInvocation.java:186) ~[spring-aop-5.3.14.jar:5.3.14]
	at org.springframework.dao.support.PersistenceExceptionTranslationInterceptor.invoke(PersistenceExceptionTranslationInterceptor.java:137) ~[spring-tx-5.3.14.jar:5.3.14]
	... 34 more
11-Mar-2022 12:21:15 INFO - Closing JPA EntityManagerFactory for persistence unit 'default'
11-Mar-2022 12:21:15 INFO - HikariPool-1 - Shutdown initiated...
11-Mar-2022 12:21:15 INFO - HikariPool-1 - Shutdown completed.
11-Mar-2022 12:23:01 INFO - Bootstrapping Spring Data JPA repositories in DEFAULT mode.
11-Mar-2022 12:23:01 INFO - Finished Spring Data repository scanning in 151 ms. Found 2 JPA repository interfaces.
11-Mar-2022 12:23:03 INFO - HHH000204: Processing PersistenceUnitInfo [name: default]
11-Mar-2022 12:23:03 INFO - HHH000412: Hibernate ORM core version 5.6.3.Final
11-Mar-2022 12:23:03 INFO - HCANN000001: Hibernate Commons Annotations {5.1.2.Final}
11-Mar-2022 12:23:04 INFO - HikariPool-1 - Starting...
11-Mar-2022 12:23:04 INFO - HikariPool-1 - Start completed.
11-Mar-2022 12:23:04 INFO - HHH000400: Using dialect: org.hibernate.dialect.MySQL8Dialect
11-Mar-2022 12:23:06 INFO - HHH000490: Using JtaPlatform implementation: [org.hibernate.engine.transaction.jta.platform.internal.NoJtaPlatform]
11-Mar-2022 12:23:06 INFO - Initialized JPA EntityManagerFactory for persistence unit 'default'
11-Mar-2022 12:23:08 INFO - Closing JPA EntityManagerFactory for persistence unit 'default'
11-Mar-2022 12:23:08 INFO - HikariPool-1 - Shutdown initiated...
11-Mar-2022 12:23:08 INFO - HikariPool-1 - Shutdown completed.
11-Mar-2022 12:26:56 INFO - Bootstrapping Spring Data JPA repositories in DEFAULT mode.
11-Mar-2022 12:26:56 INFO - Finished Spring Data repository scanning in 68 ms. Found 2 JPA repository interfaces.
11-Mar-2022 12:26:58 INFO - HHH000204: Processing PersistenceUnitInfo [name: default]
11-Mar-2022 12:26:58 INFO - HHH000412: Hibernate ORM core version 5.6.3.Final
11-Mar-2022 12:26:58 INFO - HCANN000001: Hibernate Commons Annotations {5.1.2.Final}
11-Mar-2022 12:26:58 INFO - HikariPool-1 - Starting...
11-Mar-2022 12:26:59 INFO - HikariPool-1 - Start completed.
11-Mar-2022 12:26:59 INFO - HHH000400: Using dialect: org.hibernate.dialect.MySQL8Dialect
11-Mar-2022 12:27:02 INFO - HHH000490: Using JtaPlatform implementation: [org.hibernate.engine.transaction.jta.platform.internal.NoJtaPlatform]
11-Mar-2022 12:27:02 INFO - Initialized JPA EntityManagerFactory for persistence unit 'default'
11-Mar-2022 12:27:05 INFO - Closing JPA EntityManagerFactory for persistence unit 'default'
11-Mar-2022 12:27:05 INFO - HikariPool-1 - Shutdown initiated...
11-Mar-2022 12:27:05 INFO - HikariPool-1 - Shutdown completed.
11-Mar-2022 12:36:55 INFO - Bootstrapping Spring Data JPA repositories in DEFAULT mode.
11-Mar-2022 12:36:56 INFO - Finished Spring Data repository scanning in 101 ms. Found 2 JPA repository interfaces.
11-Mar-2022 12:36:57 INFO - HHH000204: Processing PersistenceUnitInfo [name: default]
11-Mar-2022 12:36:57 INFO - HHH000412: Hibernate ORM core version 5.6.3.Final
11-Mar-2022 12:36:57 INFO - HCANN000001: Hibernate Commons Annotations {5.1.2.Final}
11-Mar-2022 12:36:58 INFO - HikariPool-1 - Starting...
11-Mar-2022 12:36:58 INFO - HikariPool-1 - Start completed.
11-Mar-2022 12:36:58 INFO - HHH000400: Using dialect: org.hibernate.dialect.MySQL8Dialect
11-Mar-2022 12:37:00 INFO - HHH000490: Using JtaPlatform implementation: [org.hibernate.engine.transaction.jta.platform.internal.NoJtaPlatform]
11-Mar-2022 12:37:00 INFO - Initialized JPA EntityManagerFactory for persistence unit 'default'
11-Mar-2022 12:37:04 INFO - Closing JPA EntityManagerFactory for persistence unit 'default'
11-Mar-2022 12:37:04 INFO - HikariPool-1 - Shutdown initiated...
11-Mar-2022 12:37:04 INFO - HikariPool-1 - Shutdown completed.
12-Apr-2022 11:59:07 INFO - Bootstrapping Spring Data JPA repositories in DEFAULT mode.
12-Apr-2022 11:59:07 INFO - Finished Spring Data repository scanning in 115 ms. Found 2 JPA repository interfaces.
12-Apr-2022 11:59:09 INFO - HHH000204: Processing PersistenceUnitInfo [name: default]
12-Apr-2022 11:59:09 INFO - HHH000412: Hibernate ORM core version 5.6.3.Final
12-Apr-2022 11:59:09 INFO - HCANN000001: Hibernate Commons Annotations {5.1.2.Final}
12-Apr-2022 11:59:09 INFO - HikariPool-1 - Starting...
12-Apr-2022 11:59:10 INFO - HikariPool-1 - Start completed.
12-Apr-2022 11:59:10 INFO - HHH000400: Using dialect: org.hibernate.dialect.MySQL8Dialect
12-Apr-2022 11:59:24 INFO - HHH000490: Using JtaPlatform implementation: [org.hibernate.engine.transaction.jta.platform.internal.NoJtaPlatform]
12-Apr-2022 11:59:24 INFO - Initialized JPA EntityManagerFactory for persistence unit 'default'
12-Apr-2022 11:59:27 INFO - Closing JPA EntityManagerFactory for persistence unit 'default'
12-Apr-2022 11:59:27 INFO - HikariPool-1 - Shutdown initiated...
12-Apr-2022 11:59:27 INFO - HikariPool-1 - Shutdown completed.
12-Apr-2022 12:02:12 INFO - Bootstrapping Spring Data JPA repositories in DEFAULT mode.
12-Apr-2022 12:02:12 INFO - Finished Spring Data repository scanning in 91 ms. Found 2 JPA repository interfaces.
12-Apr-2022 12:02:14 INFO - HHH000204: Processing PersistenceUnitInfo [name: default]
12-Apr-2022 12:02:14 INFO - HHH000412: Hibernate ORM core version 5.6.3.Final
12-Apr-2022 12:02:14 INFO - HCANN000001: Hibernate Commons Annotations {5.1.2.Final}
12-Apr-2022 12:02:14 INFO - HikariPool-1 - Starting...
12-Apr-2022 12:02:15 INFO - HikariPool-1 - Start completed.
12-Apr-2022 12:02:15 INFO - HHH000400: Using dialect: org.hibernate.dialect.MySQL8Dialect
12-Apr-2022 12:02:29 INFO - HHH000490: Using JtaPlatform implementation: [org.hibernate.engine.transaction.jta.platform.internal.NoJtaPlatform]
12-Apr-2022 12:02:29 INFO - Initialized JPA EntityManagerFactory for persistence unit 'default'
12-Apr-2022 12:02:32 INFO - Closing JPA EntityManagerFactory for persistence unit 'default'
12-Apr-2022 12:02:32 INFO - HikariPool-1 - Shutdown initiated...
12-Apr-2022 12:02:32 INFO - HikariPool-1 - Shutdown completed.
12-Apr-2022 12:04:40 INFO - Bootstrapping Spring Data JPA repositories in DEFAULT mode.
12-Apr-2022 12:04:40 INFO - Finished Spring Data repository scanning in 85 ms. Found 2 JPA repository interfaces.
12-Apr-2022 12:04:41 INFO - HHH000204: Processing PersistenceUnitInfo [name: default]
12-Apr-2022 12:04:41 INFO - HHH000412: Hibernate ORM core version 5.6.3.Final
12-Apr-2022 12:04:42 INFO - HCANN000001: Hibernate Commons Annotations {5.1.2.Final}
12-Apr-2022 12:04:42 INFO - HikariPool-1 - Starting...
12-Apr-2022 12:04:43 INFO - HikariPool-1 - Start completed.
12-Apr-2022 12:04:43 INFO - HHH000400: Using dialect: org.hibernate.dialect.MySQL8Dialect
12-Apr-2022 12:04:45 INFO - HHH000490: Using JtaPlatform implementation: [org.hibernate.engine.transaction.jta.platform.internal.NoJtaPlatform]
12-Apr-2022 12:04:45 INFO - Initialized JPA EntityManagerFactory for persistence unit 'default'
12-Apr-2022 12:04:46 WARN - SQL Error: 1062, SQLState: 23000
12-Apr-2022 12:04:46 ERROR - Duplicate entry '22354' for key 'cardo2m44.PRIMARY'
12-Apr-2022 12:04:46 INFO - HHH000010: On release of batch it still contained JDBC statements
12-Apr-2022 12:04:47 INFO - Closing JPA EntityManagerFactory for persistence unit 'default'
12-Apr-2022 12:04:47 INFO - HikariPool-1 - Shutdown initiated...
12-Apr-2022 12:04:47 INFO - HikariPool-1 - Shutdown completed.
17-May-2022 12:25:36 INFO - Bootstrapping Spring Data JPA repositories in DEFAULT mode.
17-May-2022 12:25:36 INFO - Finished Spring Data repository scanning in 138 ms. Found 2 JPA repository interfaces.
17-May-2022 12:25:37 INFO - HHH000204: Processing PersistenceUnitInfo [name: default]
17-May-2022 12:25:37 INFO - HHH000412: Hibernate ORM core version 5.6.3.Final
17-May-2022 12:25:38 INFO - HCANN000001: Hibernate Commons Annotations {5.1.2.Final}
17-May-2022 12:25:38 INFO - HikariPool-1 - Starting...
17-May-2022 12:25:40 INFO - HikariPool-1 - Start completed.
17-May-2022 12:25:40 INFO - HHH000400: Using dialect: org.hibernate.dialect.MySQL8Dialect
17-May-2022 12:25:57 INFO - HHH000490: Using JtaPlatform implementation: [org.hibernate.engine.transaction.jta.platform.internal.NoJtaPlatform]
17-May-2022 12:25:57 INFO - Initialized JPA EntityManagerFactory for persistence unit 'default'
17-May-2022 12:26:00 INFO - Closing JPA EntityManagerFactory for persistence unit 'default'
17-May-2022 12:26:00 INFO - HikariPool-1 - Shutdown initiated...
17-May-2022 12:26:00 INFO - HikariPool-1 - Shutdown completed.
17-May-2022 12:27:44 INFO - Bootstrapping Spring Data JPA repositories in DEFAULT mode.
17-May-2022 12:27:44 INFO - Finished Spring Data repository scanning in 140 ms. Found 2 JPA repository interfaces.
17-May-2022 12:27:46 INFO - HHH000204: Processing PersistenceUnitInfo [name: default]
17-May-2022 12:27:46 INFO - HHH000412: Hibernate ORM core version 5.6.3.Final
17-May-2022 12:27:46 INFO - HCANN000001: Hibernate Commons Annotations {5.1.2.Final}
17-May-2022 12:27:46 INFO - HikariPool-1 - Starting...
17-May-2022 12:27:47 INFO - HikariPool-1 - Start completed.
17-May-2022 12:27:47 INFO - HHH000400: Using dialect: org.hibernate.dialect.MySQL8Dialect
17-May-2022 12:27:49 INFO - HHH000490: Using JtaPlatform implementation: [org.hibernate.engine.transaction.jta.platform.internal.NoJtaPlatform]
17-May-2022 12:27:49 INFO - Initialized JPA EntityManagerFactory for persistence unit 'default'
17-May-2022 12:27:52 INFO - Closing JPA EntityManagerFactory for persistence unit 'default'
17-May-2022 12:27:52 INFO - HikariPool-1 - Shutdown initiated...
17-May-2022 12:27:52 INFO - HikariPool-1 - Shutdown completed.
17-May-2022 12:31:05 INFO - Bootstrapping Spring Data JPA repositories in DEFAULT mode.
17-May-2022 12:31:06 INFO - Finished Spring Data repository scanning in 100 ms. Found 2 JPA repository interfaces.
17-May-2022 12:31:07 INFO - HHH000204: Processing PersistenceUnitInfo [name: default]
17-May-2022 12:31:07 INFO - HHH000412: Hibernate ORM core version 5.6.3.Final
17-May-2022 12:31:07 INFO - HCANN000001: Hibernate Commons Annotations {5.1.2.Final}
17-May-2022 12:31:08 INFO - HikariPool-1 - Starting...
17-May-2022 12:31:08 INFO - HikariPool-1 - Start completed.
17-May-2022 12:31:08 INFO - HHH000400: Using dialect: org.hibernate.dialect.MySQL8Dialect
17-May-2022 12:31:11 INFO - HHH000490: Using JtaPlatform implementation: [org.hibernate.engine.transaction.jta.platform.internal.NoJtaPlatform]
17-May-2022 12:31:11 INFO - Initialized JPA EntityManagerFactory for persistence unit 'default'
17-May-2022 12:31:13 WARN - SQL Error: 1062, SQLState: 23000
17-May-2022 12:31:13 ERROR - Duplicate entry '22360' for key 'cardom.PRIMARY'
17-May-2022 12:31:13 INFO - HHH000010: On release of batch it still contained JDBC statements
17-May-2022 12:31:14 INFO - Closing JPA EntityManagerFactory for persistence unit 'default'
17-May-2022 12:31:14 INFO - HikariPool-1 - Shutdown initiated...
17-May-2022 12:31:14 INFO - HikariPool-1 - Shutdown completed.
17-May-2022 12:33:12 INFO - Bootstrapping Spring Data JPA repositories in DEFAULT mode.
17-May-2022 12:33:12 INFO - Finished Spring Data repository scanning in 85 ms. Found 2 JPA repository interfaces.
17-May-2022 12:33:13 INFO - HHH000204: Processing PersistenceUnitInfo [name: default]
17-May-2022 12:33:13 INFO - HHH000412: Hibernate ORM core version 5.6.3.Final
17-May-2022 12:33:14 INFO - HCANN000001: Hibernate Commons Annotations {5.1.2.Final}
17-May-2022 12:33:14 INFO - HikariPool-1 - Starting...
17-May-2022 12:33:15 INFO - HikariPool-1 - Start completed.
17-May-2022 12:33:15 INFO - HHH000400: Using dialect: org.hibernate.dialect.MySQL8Dialect
17-May-2022 12:33:17 INFO - HHH000490: Using JtaPlatform implementation: [org.hibernate.engine.transaction.jta.platform.internal.NoJtaPlatform]
17-May-2022 12:33:17 INFO - Initialized JPA EntityManagerFactory for persistence unit 'default'
17-May-2022 12:33:19 INFO - Closing JPA EntityManagerFactory for persistence unit 'default'
17-May-2022 12:33:19 INFO - HikariPool-1 - Shutdown initiated...
17-May-2022 12:33:19 INFO - HikariPool-1 - Shutdown completed.
17-May-2022 12:34:20 INFO - Bootstrapping Spring Data JPA repositories in DEFAULT mode.
17-May-2022 12:34:20 INFO - Finished Spring Data repository scanning in 93 ms. Found 2 JPA repository interfaces.
17-May-2022 12:34:21 INFO - HHH000204: Processing PersistenceUnitInfo [name: default]
17-May-2022 12:34:21 INFO - HHH000412: Hibernate ORM core version 5.6.3.Final
17-May-2022 12:34:22 INFO - HCANN000001: Hibernate Commons Annotations {5.1.2.Final}
17-May-2022 12:34:22 INFO - HikariPool-1 - Starting...
17-May-2022 12:34:23 INFO - HikariPool-1 - Start completed.
17-May-2022 12:34:23 INFO - HHH000400: Using dialect: org.hibernate.dialect.MySQL8Dialect
17-May-2022 12:34:25 INFO - HHH000490: Using JtaPlatform implementation: [org.hibernate.engine.transaction.jta.platform.internal.NoJtaPlatform]
17-May-2022 12:34:25 INFO - Initialized JPA EntityManagerFactory for persistence unit 'default'
17-May-2022 12:34:28 INFO - Closing JPA EntityManagerFactory for persistence unit 'default'
17-May-2022 12:34:28 INFO - HikariPool-1 - Shutdown initiated...
17-May-2022 12:34:28 INFO - HikariPool-1 - Shutdown completed.
17-May-2022 12:35:24 INFO - Bootstrapping Spring Data JPA repositories in DEFAULT mode.
17-May-2022 12:35:24 INFO - Finished Spring Data repository scanning in 93 ms. Found 2 JPA repository interfaces.
17-May-2022 12:35:26 INFO - HHH000204: Processing PersistenceUnitInfo [name: default]
17-May-2022 12:35:26 INFO - HHH000412: Hibernate ORM core version 5.6.3.Final
17-May-2022 12:35:27 INFO - HCANN000001: Hibernate Commons Annotations {5.1.2.Final}
17-May-2022 12:35:27 INFO - HikariPool-1 - Starting...
17-May-2022 12:35:28 INFO - HikariPool-1 - Start completed.
17-May-2022 12:35:28 INFO - HHH000400: Using dialect: org.hibernate.dialect.MySQL8Dialect
17-May-2022 12:35:30 INFO - HHH000490: Using JtaPlatform implementation: [org.hibernate.engine.transaction.jta.platform.internal.NoJtaPlatform]
17-May-2022 12:35:30 INFO - Initialized JPA EntityManagerFactory for persistence unit 'default'
17-May-2022 12:35:32 INFO - Closing JPA EntityManagerFactory for persistence unit 'default'
17-May-2022 12:35:32 INFO - HikariPool-1 - Shutdown initiated...
17-May-2022 12:35:32 INFO - HikariPool-1 - Shutdown completed.
17-May-2022 12:36:31 INFO - Bootstrapping Spring Data JPA repositories in DEFAULT mode.
17-May-2022 12:36:31 INFO - Finished Spring Data repository scanning in 153 ms. Found 2 JPA repository interfaces.
17-May-2022 12:36:33 INFO - HHH000204: Processing PersistenceUnitInfo [name: default]
17-May-2022 12:36:33 INFO - HHH000412: Hibernate ORM core version 5.6.3.Final
17-May-2022 12:36:33 INFO - HCANN000001: Hibernate Commons Annotations {5.1.2.Final}
17-May-2022 12:36:33 INFO - HikariPool-1 - Starting...
17-May-2022 12:36:34 INFO - HikariPool-1 - Start completed.
17-May-2022 12:36:34 INFO - HHH000400: Using dialect: org.hibernate.dialect.MySQL8Dialect
17-May-2022 12:36:36 INFO - HHH000490: Using JtaPlatform implementation: [org.hibernate.engine.transaction.jta.platform.internal.NoJtaPlatform]
17-May-2022 12:36:36 INFO - Initialized JPA EntityManagerFactory for persistence unit 'default'
17-May-2022 12:36:38 INFO - Closing JPA EntityManagerFactory for persistence unit 'default'
17-May-2022 12:36:38 INFO - HikariPool-1 - Shutdown initiated...
17-May-2022 12:36:38 INFO - HikariPool-1 - Shutdown completed.
17-May-2022 12:38:30 INFO - Bootstrapping Spring Data JPA repositories in DEFAULT mode.
17-May-2022 12:38:30 INFO - Finished Spring Data repository scanning in 96 ms. Found 2 JPA repository interfaces.
17-May-2022 12:38:31 INFO - HHH000204: Processing PersistenceUnitInfo [name: default]
17-May-2022 12:38:31 INFO - HHH000412: Hibernate ORM core version 5.6.3.Final
17-May-2022 12:38:32 INFO - HCANN000001: Hibernate Commons Annotations {5.1.2.Final}
17-May-2022 12:38:32 INFO - HikariPool-1 - Starting...
17-May-2022 12:38:33 INFO - HikariPool-1 - Start completed.
17-May-2022 12:38:33 INFO - HHH000400: Using dialect: org.hibernate.dialect.MySQL8Dialect
17-May-2022 12:38:35 INFO - HHH000490: Using JtaPlatform implementation: [org.hibernate.engine.transaction.jta.platform.internal.NoJtaPlatform]
17-May-2022 12:38:35 INFO - Initialized JPA EntityManagerFactory for persistence unit 'default'
17-May-2022 12:38:36 INFO - Closing JPA EntityManagerFactory for persistence unit 'default'
17-May-2022 12:38:36 INFO - HikariPool-1 - Shutdown initiated...
17-May-2022 12:38:36 INFO - HikariPool-1 - Shutdown completed.
17-May-2022 12:39:30 INFO - Bootstrapping Spring Data JPA repositories in DEFAULT mode.
17-May-2022 12:39:30 INFO - Finished Spring Data repository scanning in 113 ms. Found 2 JPA repository interfaces.
17-May-2022 12:39:32 INFO - HHH000204: Processing PersistenceUnitInfo [name: default]
17-May-2022 12:39:32 INFO - HHH000412: Hibernate ORM core version 5.6.3.Final
17-May-2022 12:39:32 INFO - HCANN000001: Hibernate Commons Annotations {5.1.2.Final}
17-May-2022 12:39:33 INFO - HikariPool-1 - Starting...
17-May-2022 12:39:34 INFO - HikariPool-1 - Start completed.
17-May-2022 12:39:34 INFO - HHH000400: Using dialect: org.hibernate.dialect.MySQL8Dialect
17-May-2022 12:39:36 INFO - HHH000490: Using JtaPlatform implementation: [org.hibernate.engine.transaction.jta.platform.internal.NoJtaPlatform]
17-May-2022 12:39:36 INFO - Initialized JPA EntityManagerFactory for persistence unit 'default'
17-May-2022 12:39:40 INFO - Closing JPA EntityManagerFactory for persistence unit 'default'
17-May-2022 12:39:40 INFO - HikariPool-1 - Shutdown initiated...
17-May-2022 12:39:40 INFO - HikariPool-1 - Shutdown completed.
17-May-2022 12:43:52 INFO - Bootstrapping Spring Data JPA repositories in DEFAULT mode.
17-May-2022 12:43:52 INFO - Finished Spring Data repository scanning in 116 ms. Found 2 JPA repository interfaces.
17-May-2022 12:43:53 INFO - HHH000204: Processing PersistenceUnitInfo [name: default]
17-May-2022 12:43:53 INFO - HHH000412: Hibernate ORM core version 5.6.3.Final
17-May-2022 12:43:54 INFO - HCANN000001: Hibernate Commons Annotations {5.1.2.Final}
17-May-2022 12:43:54 INFO - HikariPool-1 - Starting...
17-May-2022 12:43:55 INFO - HikariPool-1 - Start completed.
17-May-2022 12:43:55 INFO - HHH000400: Using dialect: org.hibernate.dialect.MySQL8Dialect
17-May-2022 12:43:57 INFO - HHH000490: Using JtaPlatform implementation: [org.hibernate.engine.transaction.jta.platform.internal.NoJtaPlatform]
17-May-2022 12:43:57 INFO - Initialized JPA EntityManagerFactory for persistence unit 'default'
17-May-2022 12:43:59 INFO - Closing JPA EntityManagerFactory for persistence unit 'default'
17-May-2022 12:43:59 INFO - HikariPool-1 - Shutdown initiated...
17-May-2022 12:43:59 INFO - HikariPool-1 - Shutdown completed.
17-May-2022 12:44:56 INFO - Bootstrapping Spring Data JPA repositories in DEFAULT mode.
17-May-2022 12:44:56 INFO - Finished Spring Data repository scanning in 105 ms. Found 2 JPA repository interfaces.
17-May-2022 12:44:57 INFO - HHH000204: Processing PersistenceUnitInfo [name: default]
17-May-2022 12:44:57 INFO - HHH000412: Hibernate ORM core version 5.6.3.Final
17-May-2022 12:44:57 INFO - HCANN000001: Hibernate Commons Annotations {5.1.2.Final}
17-May-2022 12:44:58 INFO - HikariPool-1 - Starting...
17-May-2022 12:44:59 INFO - HikariPool-1 - Start completed.
17-May-2022 12:44:59 INFO - HHH000400: Using dialect: org.hibernate.dialect.MySQL8Dialect
17-May-2022 12:45:01 INFO - HHH000490: Using JtaPlatform implementation: [org.hibernate.engine.transaction.jta.platform.internal.NoJtaPlatform]
17-May-2022 12:45:01 INFO - Initialized JPA EntityManagerFactory for persistence unit 'default'
17-May-2022 12:45:03 INFO - Closing JPA EntityManagerFactory for persistence unit 'default'
17-May-2022 12:45:03 INFO - HikariPool-1 - Shutdown initiated...
17-May-2022 12:45:03 INFO - HikariPool-1 - Shutdown completed.
08-Jul-2022 10:58:03 INFO - Bootstrapping Spring Data JPA repositories in DEFAULT mode.
08-Jul-2022 10:58:04 INFO - Finished Spring Data repository scanning in 424 ms. Found 2 JPA repository interfaces.
08-Jul-2022 10:58:07 INFO - HHH000204: Processing PersistenceUnitInfo [name: default]
08-Jul-2022 10:58:14 INFO - HHH000412: Hibernate ORM core version 5.6.3.Final
08-Jul-2022 10:58:29 INFO - HCANN000001: Hibernate Commons Annotations {5.1.2.Final}
08-Jul-2022 10:58:33 INFO - HikariPool-1 - Starting...
08-Jul-2022 10:58:38 INFO - HikariPool-1 - Start completed.
08-Jul-2022 10:58:39 INFO - HHH000400: Using dialect: org.hibernate.dialect.MySQL8Dialect
08-Jul-2022 11:00:02 INFO - HHH000490: Using JtaPlatform implementation: [org.hibernate.engine.transaction.jta.platform.internal.NoJtaPlatform]
08-Jul-2022 11:00:02 INFO - Initialized JPA EntityManagerFactory for persistence unit 'default'
08-Jul-2022 11:00:05 ERROR - Service.CUSTOMER_NOT_FOUND
com.infy.exception.InfyBankException: Service.CUSTOMER_NOT_FOUND
	at com.infy.service.CardCustomerServiceImpl.lambda$0(CardCustomerServiceImpl.java:41) ~[classes/:?]
	at java.util.Optional.orElseThrow(Optional.java:401) ~[?:?]
	at com.infy.service.CardCustomerServiceImpl.getCustomerDetails(CardCustomerServiceImpl.java:41) ~[classes/:?]
	at com.infy.service.CardCustomerServiceImpl$$FastClassBySpringCGLIB$$e56a0545.invoke(<generated>) ~[classes/:?]
	at org.springframework.cglib.proxy.MethodProxy.invoke(MethodProxy.java:218) ~[spring-core-5.3.14.jar:5.3.14]
	at org.springframework.aop.framework.CglibAopProxy$CglibMethodInvocation.invokeJoinpoint(CglibAopProxy.java:783) ~[spring-aop-5.3.14.jar:5.3.14]
	at org.springframework.aop.framework.ReflectiveMethodInvocation.proceed(ReflectiveMethodInvocation.java:163) ~[spring-aop-5.3.14.jar:5.3.14]
	at org.springframework.aop.framework.CglibAopProxy$CglibMethodInvocation.proceed(CglibAopProxy.java:753) ~[spring-aop-5.3.14.jar:5.3.14]
	at org.springframework.aop.aspectj.AspectJAfterThrowingAdvice.invoke(AspectJAfterThrowingAdvice.java:64) [spring-aop-5.3.14.jar:5.3.14]
	at org.springframework.aop.framework.ReflectiveMethodInvocation.proceed(ReflectiveMethodInvocation.java:186) [spring-aop-5.3.14.jar:5.3.14]
	at org.springframework.aop.framework.CglibAopProxy$CglibMethodInvocation.proceed(CglibAopProxy.java:753) [spring-aop-5.3.14.jar:5.3.14]
	at org.springframework.transaction.interceptor.TransactionInterceptor$1.proceedWithInvocation(TransactionInterceptor.java:123) [spring-tx-5.3.14.jar:5.3.14]
	at org.springframework.transaction.interceptor.TransactionAspectSupport.invokeWithinTransaction(TransactionAspectSupport.java:388) [spring-tx-5.3.14.jar:5.3.14]
	at org.springframework.transaction.interceptor.TransactionInterceptor.invoke(TransactionInterceptor.java:119) [spring-tx-5.3.14.jar:5.3.14]
	at org.springframework.aop.framework.ReflectiveMethodInvocation.proceed(ReflectiveMethodInvocation.java:186) [spring-aop-5.3.14.jar:5.3.14]
	at org.springframework.aop.framework.CglibAopProxy$CglibMethodInvocation.proceed(CglibAopProxy.java:753) [spring-aop-5.3.14.jar:5.3.14]
	at org.springframework.aop.interceptor.ExposeInvocationInterceptor.invoke(ExposeInvocationInterceptor.java:97) [spring-aop-5.3.14.jar:5.3.14]
	at org.springframework.aop.framework.ReflectiveMethodInvocation.proceed(ReflectiveMethodInvocation.java:186) [spring-aop-5.3.14.jar:5.3.14]
	at org.springframework.aop.framework.CglibAopProxy$CglibMethodInvocation.proceed(CglibAopProxy.java:753) [spring-aop-5.3.14.jar:5.3.14]
	at org.springframework.aop.framework.CglibAopProxy$DynamicAdvisedInterceptor.intercept(CglibAopProxy.java:698) [spring-aop-5.3.14.jar:5.3.14]
	at com.infy.service.CardCustomerServiceImpl$$EnhancerBySpringCGLIB$$5d66a183.getCustomerDetails(<generated>) [classes/:?]
	at com.infy.DemoOneToManyApplication.getCustomerWithCardDetails(DemoOneToManyApplication.java:91) [classes/:?]
	at com.infy.DemoOneToManyApplication.run(DemoOneToManyApplication.java:40) [classes/:?]
	at org.springframework.boot.SpringApplication.callRunner(SpringApplication.java:767) [spring-boot-2.6.2.jar:2.6.2]
	at org.springframework.boot.SpringApplication.callRunners(SpringApplication.java:751) [spring-boot-2.6.2.jar:2.6.2]
	at org.springframework.boot.SpringApplication.run(SpringApplication.java:309) [spring-boot-2.6.2.jar:2.6.2]
	at org.springframework.boot.SpringApplication.run(SpringApplication.java:1301) [spring-boot-2.6.2.jar:2.6.2]
	at org.springframework.boot.SpringApplication.run(SpringApplication.java:1290) [spring-boot-2.6.2.jar:2.6.2]
	at com.infy.DemoOneToManyApplication.main(DemoOneToManyApplication.java:32) [classes/:?]
08-Jul-2022 11:00:05 INFO - Closing JPA EntityManagerFactory for persistence unit 'default'
08-Jul-2022 11:00:05 INFO - HikariPool-1 - Shutdown initiated...
08-Jul-2022 11:00:06 INFO - HikariPool-1 - Shutdown completed.
08-Jul-2022 11:00:38 INFO - Bootstrapping Spring Data JPA repositories in DEFAULT mode.
08-Jul-2022 11:00:38 INFO - Finished Spring Data repository scanning in 160 ms. Found 2 JPA repository interfaces.
08-Jul-2022 11:00:41 INFO - HHH000204: Processing PersistenceUnitInfo [name: default]
08-Jul-2022 11:00:41 INFO - HHH000412: Hibernate ORM core version 5.6.3.Final
08-Jul-2022 11:00:41 INFO - HCANN000001: Hibernate Commons Annotations {5.1.2.Final}
08-Jul-2022 11:00:42 INFO - HikariPool-1 - Starting...
08-Jul-2022 11:00:43 INFO - HikariPool-1 - Start completed.
08-Jul-2022 11:00:43 INFO - HHH000400: Using dialect: org.hibernate.dialect.MySQL8Dialect
08-Jul-2022 11:00:46 INFO - HHH000490: Using JtaPlatform implementation: [org.hibernate.engine.transaction.jta.platform.internal.NoJtaPlatform]
08-Jul-2022 11:00:46 INFO - Initialized JPA EntityManagerFactory for persistence unit 'default'
08-Jul-2022 11:00:52 INFO - Closing JPA EntityManagerFactory for persistence unit 'default'
08-Jul-2022 11:00:52 INFO - HikariPool-1 - Shutdown initiated...
08-Jul-2022 11:00:52 INFO - HikariPool-1 - Shutdown completed.
08-Jul-2022 11:02:41 INFO - Bootstrapping Spring Data JPA repositories in DEFAULT mode.
08-Jul-2022 11:02:41 INFO - Finished Spring Data repository scanning in 204 ms. Found 2 JPA repository interfaces.
08-Jul-2022 11:02:42 INFO - HHH000204: Processing PersistenceUnitInfo [name: default]
08-Jul-2022 11:02:42 INFO - HHH000412: Hibernate ORM core version 5.6.3.Final
08-Jul-2022 11:02:43 INFO - HCANN000001: Hibernate Commons Annotations {5.1.2.Final}
08-Jul-2022 11:02:43 INFO - HikariPool-1 - Starting...
08-Jul-2022 11:02:44 INFO - HikariPool-1 - Start completed.
08-Jul-2022 11:02:44 INFO - HHH000400: Using dialect: org.hibernate.dialect.MySQL8Dialect
08-Jul-2022 11:02:48 INFO - HHH000490: Using JtaPlatform implementation: [org.hibernate.engine.transaction.jta.platform.internal.NoJtaPlatform]
08-Jul-2022 11:02:48 INFO - Initialized JPA EntityManagerFactory for persistence unit 'default'
08-Jul-2022 11:02:52 INFO - Closing JPA EntityManagerFactory for persistence unit 'default'
08-Jul-2022 11:02:52 INFO - HikariPool-1 - Shutdown initiated...
08-Jul-2022 11:02:52 INFO - HikariPool-1 - Shutdown completed.
